#
# There is insufficient memory for the Java Runtime Environment to continue.
# Native memory allocation (mmap) failed to map 293601280 bytes. Error detail: G1 virtual space
# Possible reasons:
#   The system is out of physical RAM or swap space
#   This process is running with CompressedOops enabled, and the Java Heap may be blocking the growth of the native heap
# Possible solutions:
#   Reduce memory load on the system
#   Increase physical memory or swap space
#   Check if swap backing store is full
#   Decrease Java heap size (-Xmx/-Xms)
#   Decrease number of Java threads
#   Decrease Java thread stack sizes (-Xss)
#   Set larger code cache with -XX:ReservedCodeCacheSize=
#   JVM is running with Unscaled Compressed Oops mode in which the Java heap is
#     placed in the first 4GB address space. The Java Heap base address is the
#     maximum limit for the native heap growth. Please use -XX:HeapBaseMinAddress
#     to set the Java Heap base and to place the Java Heap above 4GB virtual address.
# This output file may be truncated or incomplete.
#
#  Out of Memory Error (os_windows.cpp:3690), pid=23556, tid=15348
#
# JRE version: OpenJDK Runtime Environment Microsoft-13106358 (17.0.18+8) (build 17.0.18+8-LTS)
# Java VM: OpenJDK 64-Bit Server VM Microsoft-13106358 (17.0.18+8-LTS, mixed mode, emulated-client, sharing, tiered, compressed oops, compressed class ptrs, g1 gc, windows-amd64)
# No core dump will be written. Minidumps are not enabled by default on client versions of Windows
#

---------------  S U M M A R Y ------------

Command Line: -XX:TieredStopAtLevel=1 -Dspring.output.ansi.enabled=always -javaagent:C:\Users\hp\Desktop\IntelliJ IDEA 2025.3\lib\idea_rt.jar=53701 -Dfile.encoding=UTF-8 com.esprit.platformepediatricback.PlatformePediatricBackApplication

Host: 13th Gen Intel(R) Core(TM) i5-1334U, 12 cores, 7G,  Windows 11 , 64 bit Build 26100 (10.0.26100.7705)
Time: Mon Mar  2 21:28:51 2026 Paris, Madrid elapsed time: 15.972732 seconds (0d 0h 0m 15s)

---------------  T H R E A D  ---------------

Current thread (0x0000012dae6df560):  VMThread "VM Thread" [stack: 0x00000006e7400000,0x00000006e7500000] [id=15348]

Stack: [0x00000006e7400000,0x00000006e7500000]
Native frames: (J=compiled Java code, j=interpreted, Vv=VM code, C=native code)
V  [jvm.dll+0x68c879]  (no source info available)
V  [jvm.dll+0x845979]  (no source info available)
V  [jvm.dll+0x8476e8]  (no source info available)
V  [jvm.dll+0x847d73]  (no source info available)
V  [jvm.dll+0x24cf6f]  (no source info available)
V  [jvm.dll+0x68bc79]  (no source info available)
V  [jvm.dll+0x68023a]  (no source info available)
V  [jvm.dll+0x3101a0]  (no source info available)
V  [jvm.dll+0x310042]  (no source info available)
V  [jvm.dll+0x317599]  (no source info available)
V  [jvm.dll+0x369999]  (no source info available)
V  [jvm.dll+0x369bcd]  (no source info available)
V  [jvm.dll+0x2e69aa]  (no source info available)
V  [jvm.dll+0x2e4da1]  (no source info available)
V  [jvm.dll+0x2e453c]  (no source info available)
V  [jvm.dll+0x328ecb]  (no source info available)
V  [jvm.dll+0x84c5fd]  (no source info available)
V  [jvm.dll+0x84d313]  (no source info available)
V  [jvm.dll+0x84d844]  (no source info available)
V  [jvm.dll+0x84dc28]  (no source info available)
V  [jvm.dll+0x84dd1e]  (no source info available)
V  [jvm.dll+0x7f5ebc]  (no source info available)
V  [jvm.dll+0x68de17]  (no source info available)
C  [ucrtbase.dll+0x37b0]  (no source info available)
C  [KERNEL32.DLL+0x2e8d7]  (no source info available)
C  [ntdll.dll+0x8c40c]  (no source info available)

VM_Operation (0x00000006e6efc090): G1CollectForAllocation, mode: safepoint, requested by thread 0x0000012d9c41df10


---------------  P R O C E S S  ---------------

Threads class SMR info:
_java_thread_list=0x0000012df65ed440, length=20, elements={
0x0000012d9c41df10, 0x0000012dae6e48d0, 0x0000012dae6e4db0, 0x0000012dae6f8f00,
0x0000012dae6f93e0, 0x0000012dae6f98c0, 0x0000012dae6ffdc0, 0x0000012dae7022b0,
0x0000012dae71abf0, 0x0000012dae6cb980, 0x0000012dae90ca70, 0x0000012dae90efa0,
0x0000012dae90f570, 0x0000012daec3dae0, 0x0000012df4204c60, 0x0000012df4c0b8f0,
0x0000012df4c09580, 0x0000012df4c09a90, 0x0000012df4c0be00, 0x0000012df4c0a4b0
}

Java Threads: ( => current thread )
  0x0000012d9c41df10 JavaThread "main" [_thread_blocked, id=17856, stack(0x00000006e6e00000,0x00000006e6f00000)]
  0x0000012dae6e48d0 JavaThread "Reference Handler" daemon [_thread_blocked, id=21076, stack(0x00000006e7500000,0x00000006e7600000)]
  0x0000012dae6e4db0 JavaThread "Finalizer" daemon [_thread_blocked, id=8280, stack(0x00000006e7600000,0x00000006e7700000)]
  0x0000012dae6f8f00 JavaThread "Signal Dispatcher" daemon [_thread_blocked, id=26140, stack(0x00000006e7700000,0x00000006e7800000)]
  0x0000012dae6f93e0 JavaThread "Attach Listener" daemon [_thread_blocked, id=6780, stack(0x00000006e7800000,0x00000006e7900000)]
  0x0000012dae6f98c0 JavaThread "Service Thread" daemon [_thread_blocked, id=22800, stack(0x00000006e7900000,0x00000006e7a00000)]
  0x0000012dae6ffdc0 JavaThread "Monitor Deflation Thread" daemon [_thread_blocked, id=19968, stack(0x00000006e7a00000,0x00000006e7b00000)]
  0x0000012dae7022b0 JavaThread "C1 CompilerThread0" daemon [_thread_blocked, id=22956, stack(0x00000006e7b00000,0x00000006e7c00000)]
  0x0000012dae71abf0 JavaThread "Sweeper thread" daemon [_thread_blocked, id=18320, stack(0x00000006e7c00000,0x00000006e7d00000)]
  0x0000012dae6cb980 JavaThread "Common-Cleaner" daemon [_thread_blocked, id=18092, stack(0x00000006e7d00000,0x00000006e7e00000)]
  0x0000012dae90ca70 JavaThread "C1 CompilerThread1" daemon [_thread_blocked, id=18732, stack(0x00000006e7e00000,0x00000006e7f00000)]
  0x0000012dae90efa0 JavaThread "C1 CompilerThread2" daemon [_thread_blocked, id=27528, stack(0x00000006e7f00000,0x00000006e8000000)]
  0x0000012dae90f570 JavaThread "C1 CompilerThread3" daemon [_thread_blocked, id=24996, stack(0x00000006e8000000,0x00000006e8100000)]
  0x0000012daec3dae0 JavaThread "Monitor Ctrl-Break" daemon [_thread_in_native, id=26832, stack(0x00000006e8100000,0x00000006e8200000)]
  0x0000012df4204c60 JavaThread "Notification Thread" daemon [_thread_blocked, id=8520, stack(0x00000006e8200000,0x00000006e8300000)]
  0x0000012df4c0b8f0 JavaThread "Catalina-utility-1" [_thread_blocked, id=27552, stack(0x00000006e8f00000,0x00000006e9000000)]
  0x0000012df4c09580 JavaThread "Catalina-utility-2" [_thread_blocked, id=25188, stack(0x00000006e9000000,0x00000006e9100000)]
  0x0000012df4c09a90 JavaThread "container-0" [_thread_blocked, id=21328, stack(0x00000006e9100000,0x00000006e9200000)]
  0x0000012df4c0be00 JavaThread "mysql-cj-abandoned-connection-cleanup" daemon [_thread_blocked, id=23420, stack(0x00000006e9200000,0x00000006e9300000)]
  0x0000012df4c0a4b0 JavaThread "HikariPool-1:housekeeper" daemon [_thread_blocked, id=22148, stack(0x00000006e9300000,0x00000006e9400000)]

Other Threads:
=>0x0000012dae6df560 VMThread "VM Thread" [stack: 0x00000006e7400000,0x00000006e7500000] [id=15348]
  0x0000012d9c41fcb0 WatcherThread [stack: 0x00000006e8300000,0x00000006e8400000] [id=13720]
  0x0000012d9a05ecc0 GCTaskThread "GC Thread#0" [stack: 0x00000006e6f00000,0x00000006e7000000] [id=11212]
  0x0000012df465b4e0 GCTaskThread "GC Thread#1" [stack: 0x00000006e8400000,0x00000006e8500000] [id=21272]
  0x0000012df46f3f10 GCTaskThread "GC Thread#2" [stack: 0x00000006e8500000,0x00000006e8600000] [id=7116]
  0x0000012df46f41e0 GCTaskThread "GC Thread#3" [stack: 0x00000006e8600000,0x00000006e8700000] [id=24112]
  0x0000012df46f44b0 GCTaskThread "GC Thread#4" [stack: 0x00000006e8700000,0x00000006e8800000] [id=4400]
  0x0000012df46f4780 GCTaskThread "GC Thread#5" [stack: 0x00000006e8800000,0x00000006e8900000] [id=25008]
  0x0000012df47880b0 GCTaskThread "GC Thread#6" [stack: 0x00000006e8a00000,0x00000006e8b00000] [id=17060]
  0x0000012df4788380 GCTaskThread "GC Thread#7" [stack: 0x00000006e8b00000,0x00000006e8c00000] [id=9264]
  0x0000012df47872a0 GCTaskThread "GC Thread#8" [stack: 0x00000006e8c00000,0x00000006e8d00000] [id=6460]
  0x0000012df4788650 GCTaskThread "GC Thread#9" [stack: 0x00000006e8d00000,0x00000006e8e00000] [id=20956]
  0x0000012d9c484320 ConcurrentGCThread "G1 Main Marker" [stack: 0x00000006e7000000,0x00000006e7100000] [id=27068]
  0x0000012d9c487680 ConcurrentGCThread "G1 Conc#0" [stack: 0x00000006e7100000,0x00000006e7200000] [id=24128]
  0x0000012df4786d00 ConcurrentGCThread "G1 Conc#1" [stack: 0x00000006e8900000,0x00000006e8a00000] [id=18904]
  0x0000012df4787b10 ConcurrentGCThread "G1 Conc#2" [stack: 0x00000006e8e00000,0x00000006e8f00000] [id=23356]
  0x0000012dae5897b0 ConcurrentGCThread "G1 Refine#0" [stack: 0x00000006e7200000,0x00000006e7300000] [id=26464]
  0x0000012df6899f30 ConcurrentGCThread "G1 Refine#1" [stack: 0x00000006e9500000,0x00000006e9600000] [id=24260]
  0x0000012df689a830 ConcurrentGCThread "G1 Refine#2" [stack: 0x00000006e9600000,0x00000006e9700000] [id=25608]
  0x0000012df689a530 ConcurrentGCThread "G1 Refine#3" [stack: 0x00000006e9400000,0x00000006e9500000] [id=5912]
  0x0000012df689ba30 ConcurrentGCThread "G1 Refine#4" [stack: 0x00000006e9700000,0x00000006e9800000] [id=23048]
  0x0000012df689ab30 ConcurrentGCThread "G1 Refine#5" [stack: 0x00000006e9800000,0x00000006e9900000] [id=23268]
  0x0000012dae589ab0 ConcurrentGCThread "G1 Service" [stack: 0x00000006e7300000,0x00000006e7400000] [id=19808]

Threads with active compile tasks:

VM state: at safepoint (normal execution)

VM Mutex/Monitor currently owned by a thread:  ([mutex/lock_event])
[0x0000012d9c419c80] Threads_lock - owner thread: 0x0000012dae6df560
[0x0000012d9c419890] Heap_lock - owner thread: 0x0000012d9c41df10

Heap address: 0x0000000085800000, size: 1960 MB, Compressed Oops mode: 32-bit

CDS archive(s) mapped at: [0x0000012daf000000-0x0000012dafbb0000-0x0000012dafbb0000), size 12255232, SharedBaseAddress: 0x0000012daf000000, ArchiveRelocationMode: 1.
Compressed class space mapped at: 0x0000012db0000000-0x0000012df0000000, reserved size: 1073741824
Narrow klass base: 0x0000012daf000000, Narrow klass shift: 0, Narrow klass range: 0x100000000

GC Precious Log:
 CPUs: 12 total, 12 available
 Memory: 7835M
 Large Page Support: Disabled
 NUMA Support: Disabled
 Compressed Oops: Enabled (32-bit)
 Heap Region Size: 1M
 Heap Min Capacity: 8M
 Heap Initial Capacity: 124M
 Heap Max Capacity: 1960M
 Pre-touch: Disabled
 Parallel Workers: 10
 Concurrent Workers: 3
 Concurrent Refinement Workers: 10
 Periodic GC: Disabled

Heap:
 garbage-first heap   total 193536K, used 88086K [0x0000000085800000, 0x0000000100000000)
  region size 1024K, 3 young (3072K), 3 survivors (3072K)
 Metaspace       used 73344K, committed 73920K, reserved 1114112K
  class space    used 11096K, committed 11392K, reserved 1048576K

Heap Regions: E=young(eden), S=young(survivor), O=old, HS=humongous(starts), HC=humongous(continues), CS=collection set, F=free, OA=open archive, CA=closed archive, TAMS=top-at-mark-start (previous, next)
|   0|0x0000000085800000, 0x0000000085900000, 0x0000000085900000|100%|HS|  |TAMS 0x0000000085900000, 0x0000000085800000| Complete 
|   1|0x0000000085900000, 0x0000000085a00000, 0x0000000085a00000|100%|HS|  |TAMS 0x0000000085a00000, 0x0000000085900000| Complete 
|   2|0x0000000085a00000, 0x0000000085b00000, 0x0000000085b00000|100%| O|  |TAMS 0x0000000085b00000, 0x0000000085a00000| Untracked 
|   3|0x0000000085b00000, 0x0000000085c00000, 0x0000000085c00000|100%| O|  |TAMS 0x0000000085c00000, 0x0000000085b00000| Untracked 
|   4|0x0000000085c00000, 0x0000000085d00000, 0x0000000085d00000|100%| O|  |TAMS 0x0000000085d00000, 0x0000000085c00000| Untracked 
|   5|0x0000000085d00000, 0x0000000085e00000, 0x0000000085e00000|100%| O|  |TAMS 0x0000000085e00000, 0x0000000085d00000| Untracked 
|   6|0x0000000085e00000, 0x0000000085f00000, 0x0000000085f00000|100%| O|  |TAMS 0x0000000085f00000, 0x0000000085e00000| Untracked 
|   7|0x0000000085f00000, 0x0000000086000000, 0x0000000086000000|100%| O|  |TAMS 0x0000000086000000, 0x0000000085f00000| Untracked 
|   8|0x0000000086000000, 0x0000000086100000, 0x0000000086100000|100%| O|  |TAMS 0x0000000086100000, 0x0000000086000000| Untracked 
|   9|0x0000000086100000, 0x0000000086200000, 0x0000000086200000|100%| O|  |TAMS 0x0000000086200000, 0x0000000086100000| Untracked 
|  10|0x0000000086200000, 0x0000000086300000, 0x0000000086300000|100%| O|  |TAMS 0x0000000086300000, 0x0000000086200000| Untracked 
|  11|0x0000000086300000, 0x0000000086400000, 0x0000000086400000|100%| O|  |TAMS 0x0000000086400000, 0x0000000086300000| Untracked 
|  12|0x0000000086400000, 0x0000000086500000, 0x0000000086500000|100%| O|  |TAMS 0x0000000086500000, 0x0000000086400000| Untracked 
|  13|0x0000000086500000, 0x0000000086600000, 0x0000000086600000|100%| O|  |TAMS 0x0000000086600000, 0x0000000086500000| Untracked 
|  14|0x0000000086600000, 0x0000000086700000, 0x0000000086700000|100%| O|  |TAMS 0x0000000086700000, 0x0000000086600000| Untracked 
|  15|0x0000000086700000, 0x0000000086800000, 0x0000000086800000|100%| O|  |TAMS 0x0000000086800000, 0x0000000086700000| Untracked 
|  16|0x0000000086800000, 0x0000000086900000, 0x0000000086900000|100%| O|  |TAMS 0x0000000086900000, 0x0000000086800000| Untracked 
|  17|0x0000000086900000, 0x0000000086a00000, 0x0000000086a00000|100%| O|  |TAMS 0x0000000086a00000, 0x0000000086900000| Untracked 
|  18|0x0000000086a00000, 0x0000000086b00000, 0x0000000086b00000|100%| O|  |TAMS 0x0000000086b00000, 0x0000000086a00000| Untracked 
|  19|0x0000000086b00000, 0x0000000086c00000, 0x0000000086c00000|100%| O|  |TAMS 0x0000000086c00000, 0x0000000086b00000| Untracked 
|  20|0x0000000086c00000, 0x0000000086d00000, 0x0000000086d00000|100%| O|  |TAMS 0x0000000086d00000, 0x0000000086c00000| Untracked 
|  21|0x0000000086d00000, 0x0000000086e00000, 0x0000000086e00000|100%| O|  |TAMS 0x0000000086e00000, 0x0000000086d00000| Untracked 
|  22|0x0000000086e00000, 0x0000000086f00000, 0x0000000086f00000|100%| O|  |TAMS 0x0000000086f00000, 0x0000000086e00000| Untracked 
|  23|0x0000000086f00000, 0x0000000087000000, 0x0000000087000000|100%| O|  |TAMS 0x0000000087000000, 0x0000000086f00000| Untracked 
|  24|0x0000000087000000, 0x0000000087100000, 0x0000000087100000|100%| O|  |TAMS 0x0000000087100000, 0x0000000087000000| Untracked 
|  25|0x0000000087100000, 0x0000000087200000, 0x0000000087200000|100%| O|  |TAMS 0x0000000087200000, 0x0000000087100000| Untracked 
|  26|0x0000000087200000, 0x0000000087300000, 0x0000000087300000|100%| O|  |TAMS 0x0000000087300000, 0x0000000087200000| Untracked 
|  27|0x0000000087300000, 0x0000000087400000, 0x0000000087400000|100%| O|  |TAMS 0x0000000087400000, 0x0000000087300000| Untracked 
|  28|0x0000000087400000, 0x0000000087500000, 0x0000000087500000|100%| O|  |TAMS 0x0000000087500000, 0x0000000087400000| Untracked 
|  29|0x0000000087500000, 0x0000000087600000, 0x0000000087600000|100%| O|  |TAMS 0x0000000087600000, 0x0000000087500000| Untracked 
|  30|0x0000000087600000, 0x0000000087700000, 0x0000000087700000|100%| O|  |TAMS 0x0000000087700000, 0x0000000087600000| Untracked 
|  31|0x0000000087700000, 0x0000000087800000, 0x0000000087800000|100%| O|  |TAMS 0x0000000087800000, 0x0000000087700000| Untracked 
|  32|0x0000000087800000, 0x0000000087900000, 0x0000000087900000|100%| O|  |TAMS 0x0000000087900000, 0x0000000087800000| Untracked 
|  33|0x0000000087900000, 0x0000000087a00000, 0x0000000087a00000|100%| O|  |TAMS 0x0000000087a00000, 0x0000000087900000| Untracked 
|  34|0x0000000087a00000, 0x0000000087b00000, 0x0000000087b00000|100%| O|  |TAMS 0x0000000087b00000, 0x0000000087a00000| Untracked 
|  35|0x0000000087b00000, 0x0000000087c00000, 0x0000000087c00000|100%| O|  |TAMS 0x0000000087c00000, 0x0000000087b00000| Untracked 
|  36|0x0000000087c00000, 0x0000000087d00000, 0x0000000087d00000|100%| O|  |TAMS 0x0000000087d00000, 0x0000000087c00000| Untracked 
|  37|0x0000000087d00000, 0x0000000087e00000, 0x0000000087e00000|100%| O|  |TAMS 0x0000000087e00000, 0x0000000087d00000| Untracked 
|  38|0x0000000087e00000, 0x0000000087f00000, 0x0000000087f00000|100%| O|  |TAMS 0x0000000087f00000, 0x0000000087e00000| Untracked 
|  39|0x0000000087f00000, 0x0000000087f00000, 0x0000000088000000|  0%| F|  |TAMS 0x0000000087f00000, 0x0000000087f00000| Untracked 
|  40|0x0000000088000000, 0x0000000088000000, 0x0000000088100000|  0%| F|  |TAMS 0x0000000088000000, 0x0000000088000000| Untracked 
|  41|0x0000000088100000, 0x0000000088200000, 0x0000000088200000|100%| O|  |TAMS 0x0000000088200000, 0x0000000088100000| Untracked 
|  42|0x0000000088200000, 0x0000000088300000, 0x0000000088300000|100%| O|  |TAMS 0x0000000088300000, 0x0000000088200000| Untracked 
|  43|0x0000000088300000, 0x0000000088400000, 0x0000000088400000|100%| O|  |TAMS 0x0000000088300000, 0x0000000088300000| Untracked 
|  44|0x0000000088400000, 0x0000000088478200, 0x0000000088500000| 46%| O|  |TAMS 0x0000000088400000, 0x0000000088400000| Untracked 
|  45|0x0000000088500000, 0x0000000088500000, 0x0000000088600000|  0%| F|  |TAMS 0x0000000088500000, 0x0000000088500000| Untracked 
|  46|0x0000000088600000, 0x0000000088700000, 0x0000000088700000|100%| O|  |TAMS 0x0000000088700000, 0x0000000088600000| Untracked 
|  47|0x0000000088700000, 0x0000000088700000, 0x0000000088800000|  0%| F|  |TAMS 0x0000000088700000, 0x0000000088700000| Untracked 
|  48|0x0000000088800000, 0x0000000088900000, 0x0000000088900000|100%| O|  |TAMS 0x0000000088900000, 0x0000000088800000| Untracked 
|  49|0x0000000088900000, 0x0000000088900000, 0x0000000088a00000|  0%| F|  |TAMS 0x0000000088900000, 0x0000000088900000| Untracked 
|  50|0x0000000088a00000, 0x0000000088b00000, 0x0000000088b00000|100%| O|  |TAMS 0x0000000088b00000, 0x0000000088a00000| Untracked 
|  51|0x0000000088b00000, 0x0000000088b00000, 0x0000000088c00000|  0%| F|  |TAMS 0x0000000088b00000, 0x0000000088b00000| Untracked 
|  52|0x0000000088c00000, 0x0000000088c00000, 0x0000000088d00000|  0%| F|  |TAMS 0x0000000088c00000, 0x0000000088c00000| Untracked 
|  53|0x0000000088d00000, 0x0000000088e00000, 0x0000000088e00000|100%| O|  |TAMS 0x0000000088e00000, 0x0000000088d00000| Untracked 
|  54|0x0000000088e00000, 0x0000000088f00000, 0x0000000088f00000|100%| O|  |TAMS 0x0000000088f00000, 0x0000000088e00000| Untracked 
|  55|0x0000000088f00000, 0x0000000089000000, 0x0000000089000000|100%| O|  |TAMS 0x0000000089000000, 0x0000000088f00000| Untracked 
|  56|0x0000000089000000, 0x0000000089100000, 0x0000000089100000|100%| O|  |TAMS 0x0000000089100000, 0x0000000089000000| Untracked 
|  57|0x0000000089100000, 0x0000000089200000, 0x0000000089200000|100%| O|  |TAMS 0x0000000089200000, 0x0000000089100000| Untracked 
|  58|0x0000000089200000, 0x0000000089300000, 0x0000000089300000|100%| O|  |TAMS 0x0000000089300000, 0x0000000089200000| Untracked 
|  59|0x0000000089300000, 0x0000000089400000, 0x0000000089400000|100%| O|  |TAMS 0x0000000089400000, 0x0000000089300000| Untracked 
|  60|0x0000000089400000, 0x0000000089500000, 0x0000000089500000|100%| O|  |TAMS 0x0000000089500000, 0x0000000089400000| Untracked 
|  61|0x0000000089500000, 0x0000000089600000, 0x0000000089600000|100%| O|  |TAMS 0x0000000089600000, 0x0000000089500000| Untracked 
|  62|0x0000000089600000, 0x0000000089700000, 0x0000000089700000|100%| O|  |TAMS 0x0000000089700000, 0x0000000089600000| Untracked 
|  63|0x0000000089700000, 0x0000000089800000, 0x0000000089800000|100%| O|  |TAMS 0x0000000089800000, 0x0000000089700000| Untracked 
|  64|0x0000000089800000, 0x0000000089800000, 0x0000000089900000|  0%| F|  |TAMS 0x0000000089800000, 0x0000000089800000| Untracked 
|  65|0x0000000089900000, 0x0000000089900000, 0x0000000089a00000|  0%| F|  |TAMS 0x0000000089900000, 0x0000000089900000| Untracked 
|  66|0x0000000089a00000, 0x0000000089a00000, 0x0000000089b00000|  0%| F|  |TAMS 0x0000000089a00000, 0x0000000089a00000| Untracked 
|  67|0x0000000089b00000, 0x0000000089c00000, 0x0000000089c00000|100%| O|  |TAMS 0x0000000089c00000, 0x0000000089b00000| Untracked 
|  68|0x0000000089c00000, 0x0000000089d00000, 0x0000000089d00000|100%| O|  |TAMS 0x0000000089d00000, 0x0000000089c00000| Untracked 
|  69|0x0000000089d00000, 0x0000000089e00000, 0x0000000089e00000|100%| O|  |TAMS 0x0000000089e00000, 0x0000000089d00000| Untracked 
|  70|0x0000000089e00000, 0x0000000089f00000, 0x0000000089f00000|100%| O|  |TAMS 0x0000000089f00000, 0x0000000089e00000| Untracked 
|  71|0x0000000089f00000, 0x000000008a000000, 0x000000008a000000|100%| O|  |TAMS 0x000000008a000000, 0x0000000089f00000| Untracked 
|  72|0x000000008a000000, 0x000000008a100000, 0x000000008a100000|100%| O|  |TAMS 0x000000008a100000, 0x000000008a000000| Untracked 
|  73|0x000000008a100000, 0x000000008a200000, 0x000000008a200000|100%| O|  |TAMS 0x000000008a200000, 0x000000008a100000| Untracked 
|  74|0x000000008a200000, 0x000000008a300000, 0x000000008a300000|100%| O|  |TAMS 0x000000008a300000, 0x000000008a200000| Untracked 
|  75|0x000000008a300000, 0x000000008a400000, 0x000000008a400000|100%| O|  |TAMS 0x000000008a400000, 0x000000008a300000| Untracked 
|  76|0x000000008a400000, 0x000000008a500000, 0x000000008a500000|100%| O|  |TAMS 0x000000008a500000, 0x000000008a400000| Untracked 
|  77|0x000000008a500000, 0x000000008a600000, 0x000000008a600000|100%| O|  |TAMS 0x000000008a600000, 0x000000008a500000| Untracked 
|  78|0x000000008a600000, 0x000000008a700000, 0x000000008a700000|100%| O|  |TAMS 0x000000008a700000, 0x000000008a600000| Untracked 
|  79|0x000000008a700000, 0x000000008a800000, 0x000000008a800000|100%| O|  |TAMS 0x000000008a800000, 0x000000008a700000| Untracked 
|  80|0x000000008a800000, 0x000000008a900000, 0x000000008a900000|100%| O|  |TAMS 0x000000008a900000, 0x000000008a800000| Untracked 
|  81|0x000000008a900000, 0x000000008aa00000, 0x000000008aa00000|100%| O|  |TAMS 0x000000008aa00000, 0x000000008a900000| Untracked 
|  82|0x000000008aa00000, 0x000000008ab00000, 0x000000008ab00000|100%| O|  |TAMS 0x000000008ab00000, 0x000000008aa00000| Untracked 
|  83|0x000000008ab00000, 0x000000008ac00000, 0x000000008ac00000|100%| O|  |TAMS 0x000000008ac00000, 0x000000008ab00000| Untracked 
|  84|0x000000008ac00000, 0x000000008ad00000, 0x000000008ad00000|100%| O|  |TAMS 0x000000008ad00000, 0x000000008ac00000| Untracked 
|  85|0x000000008ad00000, 0x000000008ae00000, 0x000000008ae00000|100%| O|  |TAMS 0x000000008ae00000, 0x000000008ad00000| Untracked 
|  86|0x000000008ae00000, 0x000000008af00000, 0x000000008af00000|100%| O|  |TAMS 0x000000008af00000, 0x000000008ae00000| Untracked 
|  87|0x000000008af00000, 0x000000008b000000, 0x000000008b000000|100%| O|  |TAMS 0x000000008b000000, 0x000000008af00000| Untracked 
|  88|0x000000008b000000, 0x000000008b100000, 0x000000008b100000|100%| O|  |TAMS 0x000000008b100000, 0x000000008b000000| Untracked 
|  89|0x000000008b100000, 0x000000008b200000, 0x000000008b200000|100%| O|  |TAMS 0x000000008b200000, 0x000000008b100000| Untracked 
|  90|0x000000008b200000, 0x000000008b300000, 0x000000008b300000|100%| O|  |TAMS 0x000000008b300000, 0x000000008b200000| Untracked 
|  91|0x000000008b300000, 0x000000008b400000, 0x000000008b400000|100%| O|  |TAMS 0x000000008b400000, 0x000000008b300000| Untracked 
|  92|0x000000008b400000, 0x000000008b500000, 0x000000008b500000|100%| O|  |TAMS 0x000000008b500000, 0x000000008b400000| Untracked 
|  93|0x000000008b500000, 0x000000008b600000, 0x000000008b600000|100%| O|  |TAMS 0x000000008b55ba00, 0x000000008b500000| Untracked 
|  94|0x000000008b600000, 0x000000008b600000, 0x000000008b700000|  0%| F|  |TAMS 0x000000008b600000, 0x000000008b600000| Untracked 
|  95|0x000000008b700000, 0x000000008b700000, 0x000000008b800000|  0%| F|  |TAMS 0x000000008b700000, 0x000000008b700000| Untracked 
|  96|0x000000008b800000, 0x000000008b800000, 0x000000008b900000|  0%| F|  |TAMS 0x000000008b800000, 0x000000008b800000| Untracked 
|  97|0x000000008b900000, 0x000000008b900000, 0x000000008ba00000|  0%| F|  |TAMS 0x000000008b900000, 0x000000008b900000| Untracked 
|  98|0x000000008ba00000, 0x000000008ba00000, 0x000000008bb00000|  0%| F|  |TAMS 0x000000008ba00000, 0x000000008ba00000| Untracked 
|  99|0x000000008bb00000, 0x000000008bb00000, 0x000000008bc00000|  0%| F|  |TAMS 0x000000008bb00000, 0x000000008bb00000| Untracked 
| 100|0x000000008bc00000, 0x000000008bc00000, 0x000000008bd00000|  0%| F|  |TAMS 0x000000008bc00000, 0x000000008bc00000| Untracked 
| 101|0x000000008bd00000, 0x000000008bd00000, 0x000000008be00000|  0%| F|  |TAMS 0x000000008bd00000, 0x000000008bd00000| Untracked 
| 102|0x000000008be00000, 0x000000008be00000, 0x000000008bf00000|  0%| F|  |TAMS 0x000000008be00000, 0x000000008be00000| Untracked 
| 103|0x000000008bf00000, 0x000000008bf00000, 0x000000008c000000|  0%| F|  |TAMS 0x000000008bf00000, 0x000000008bf00000| Untracked 
| 104|0x000000008c000000, 0x000000008c000000, 0x000000008c100000|  0%| F|  |TAMS 0x000000008c000000, 0x000000008c000000| Untracked 
| 105|0x000000008c100000, 0x000000008c100000, 0x000000008c200000|  0%| F|  |TAMS 0x000000008c100000, 0x000000008c100000| Untracked 
| 106|0x000000008c200000, 0x000000008c200000, 0x000000008c300000|  0%| F|  |TAMS 0x000000008c200000, 0x000000008c200000| Untracked 
| 107|0x000000008c300000, 0x000000008c300000, 0x000000008c400000|  0%| F|  |TAMS 0x000000008c300000, 0x000000008c300000| Untracked 
| 108|0x000000008c400000, 0x000000008c400000, 0x000000008c500000|  0%| F|  |TAMS 0x000000008c400000, 0x000000008c400000| Untracked 
| 109|0x000000008c500000, 0x000000008c500000, 0x000000008c600000|  0%| F|  |TAMS 0x000000008c500000, 0x000000008c500000| Untracked 
| 110|0x000000008c600000, 0x000000008c600000, 0x000000008c700000|  0%| F|  |TAMS 0x000000008c600000, 0x000000008c600000| Untracked 
| 111|0x000000008c700000, 0x000000008c700000, 0x000000008c800000|  0%| F|  |TAMS 0x000000008c700000, 0x000000008c700000| Untracked 
| 112|0x000000008c800000, 0x000000008c800000, 0x000000008c900000|  0%| F|  |TAMS 0x000000008c800000, 0x000000008c800000| Untracked 
| 113|0x000000008c900000, 0x000000008c900000, 0x000000008ca00000|  0%| F|  |TAMS 0x000000008c900000, 0x000000008c900000| Untracked 
| 114|0x000000008ca00000, 0x000000008ca00000, 0x000000008cb00000|  0%| F|  |TAMS 0x000000008ca00000, 0x000000008ca00000| Untracked 
| 115|0x000000008cb00000, 0x000000008cb00000, 0x000000008cc00000|  0%| F|  |TAMS 0x000000008cb00000, 0x000000008cb00000| Untracked 
| 116|0x000000008cc00000, 0x000000008cc00000, 0x000000008cd00000|  0%| F|  |TAMS 0x000000008cc00000, 0x000000008cc00000| Untracked 
| 117|0x000000008cd00000, 0x000000008cd00000, 0x000000008ce00000|  0%| F|  |TAMS 0x000000008cd00000, 0x000000008cd00000| Untracked 
| 118|0x000000008ce00000, 0x000000008ce00000, 0x000000008cf00000|  0%| F|  |TAMS 0x000000008ce00000, 0x000000008ce00000| Untracked 
| 119|0x000000008cf00000, 0x000000008cf00000, 0x000000008d000000|  0%| F|  |TAMS 0x000000008cf00000, 0x000000008cf00000| Untracked 
| 120|0x000000008d000000, 0x000000008d000000, 0x000000008d100000|  0%| F|  |TAMS 0x000000008d000000, 0x000000008d000000| Untracked 
| 121|0x000000008d100000, 0x000000008d100000, 0x000000008d200000|  0%| F|  |TAMS 0x000000008d100000, 0x000000008d100000| Untracked 
| 122|0x000000008d200000, 0x000000008d200000, 0x000000008d300000|  0%| F|  |TAMS 0x000000008d200000, 0x000000008d200000| Untracked 
| 123|0x000000008d300000, 0x000000008d300000, 0x000000008d400000|  0%| F|  |TAMS 0x000000008d300000, 0x000000008d300000| Untracked 
| 124|0x000000008d400000, 0x000000008d400000, 0x000000008d500000|  0%| F|  |TAMS 0x000000008d400000, 0x000000008d400000| Untracked 
| 125|0x000000008d500000, 0x000000008d500000, 0x000000008d600000|  0%| F|  |TAMS 0x000000008d500000, 0x000000008d500000| Untracked 
| 126|0x000000008d600000, 0x000000008d68d6a8, 0x000000008d700000| 55%| S|CS|TAMS 0x000000008d600000, 0x000000008d600000| Complete 
| 127|0x000000008d700000, 0x000000008d800000, 0x000000008d800000|100%| S|CS|TAMS 0x000000008d700000, 0x000000008d700000| Complete 
| 128|0x000000008d800000, 0x000000008d900000, 0x000000008d900000|100%| S|CS|TAMS 0x000000008d800000, 0x000000008d800000| Complete 
| 129|0x000000008d900000, 0x000000008d900000, 0x000000008da00000|  0%| F|  |TAMS 0x000000008d900000, 0x000000008d900000| Untracked 
| 130|0x000000008da00000, 0x000000008da00000, 0x000000008db00000|  0%| F|  |TAMS 0x000000008da00000, 0x000000008da00000| Untracked 
| 131|0x000000008db00000, 0x000000008db00000, 0x000000008dc00000|  0%| F|  |TAMS 0x000000008db00000, 0x000000008db00000| Untracked 
| 132|0x000000008dc00000, 0x000000008dc00000, 0x000000008dd00000|  0%| F|  |TAMS 0x000000008dc00000, 0x000000008dc00000| Untracked 
| 133|0x000000008dd00000, 0x000000008dd00000, 0x000000008de00000|  0%| F|  |TAMS 0x000000008dd00000, 0x000000008dd00000| Untracked 
| 134|0x000000008de00000, 0x000000008de00000, 0x000000008df00000|  0%| F|  |TAMS 0x000000008de00000, 0x000000008de00000| Untracked 
| 135|0x000000008df00000, 0x000000008df00000, 0x000000008e000000|  0%| F|  |TAMS 0x000000008df00000, 0x000000008df00000| Untracked 
| 136|0x000000008e000000, 0x000000008e000000, 0x000000008e100000|  0%| F|  |TAMS 0x000000008e000000, 0x000000008e000000| Untracked 
| 137|0x000000008e100000, 0x000000008e100000, 0x000000008e200000|  0%| F|  |TAMS 0x000000008e100000, 0x000000008e100000| Untracked 
| 138|0x000000008e200000, 0x000000008e200000, 0x000000008e300000|  0%| F|  |TAMS 0x000000008e200000, 0x000000008e200000| Untracked 
| 139|0x000000008e300000, 0x000000008e300000, 0x000000008e400000|  0%| F|  |TAMS 0x000000008e300000, 0x000000008e300000| Untracked 
| 140|0x000000008e400000, 0x000000008e400000, 0x000000008e500000|  0%| F|  |TAMS 0x000000008e400000, 0x000000008e400000| Untracked 
| 141|0x000000008e500000, 0x000000008e500000, 0x000000008e600000|  0%| F|  |TAMS 0x000000008e500000, 0x000000008e500000| Untracked 
| 142|0x000000008e600000, 0x000000008e600000, 0x000000008e700000|  0%| F|  |TAMS 0x000000008e600000, 0x000000008e600000| Untracked 
| 143|0x000000008e700000, 0x000000008e700000, 0x000000008e800000|  0%| F|  |TAMS 0x000000008e700000, 0x000000008e700000| Untracked 
| 144|0x000000008e800000, 0x000000008e800000, 0x000000008e900000|  0%| F|  |TAMS 0x000000008e800000, 0x000000008e800000| Untracked 
| 145|0x000000008e900000, 0x000000008e900000, 0x000000008ea00000|  0%| F|  |TAMS 0x000000008e900000, 0x000000008e900000| Untracked 
| 146|0x000000008ea00000, 0x000000008ea00000, 0x000000008eb00000|  0%| F|  |TAMS 0x000000008ea00000, 0x000000008ea00000| Untracked 
| 147|0x000000008eb00000, 0x000000008eb00000, 0x000000008ec00000|  0%| F|  |TAMS 0x000000008eb00000, 0x000000008eb00000| Untracked 
| 148|0x000000008ec00000, 0x000000008ec00000, 0x000000008ed00000|  0%| F|  |TAMS 0x000000008ec00000, 0x000000008ec00000| Untracked 
| 149|0x000000008ed00000, 0x000000008ed00000, 0x000000008ee00000|  0%| F|  |TAMS 0x000000008ed00000, 0x000000008ed00000| Untracked 
| 150|0x000000008ee00000, 0x000000008ee00000, 0x000000008ef00000|  0%| F|  |TAMS 0x000000008ee00000, 0x000000008ee00000| Untracked 
| 151|0x000000008ef00000, 0x000000008ef00000, 0x000000008f000000|  0%| F|  |TAMS 0x000000008ef00000, 0x000000008ef00000| Untracked 
| 152|0x000000008f000000, 0x000000008f000000, 0x000000008f100000|  0%| F|  |TAMS 0x000000008f000000, 0x000000008f000000| Untracked 
| 153|0x000000008f100000, 0x000000008f100000, 0x000000008f200000|  0%| F|  |TAMS 0x000000008f100000, 0x000000008f100000| Untracked 
| 154|0x000000008f200000, 0x000000008f200000, 0x000000008f300000|  0%| F|  |TAMS 0x000000008f200000, 0x000000008f200000| Untracked 
| 155|0x000000008f300000, 0x000000008f300000, 0x000000008f400000|  0%| F|  |TAMS 0x000000008f300000, 0x000000008f300000| Untracked 
| 156|0x000000008f400000, 0x000000008f400000, 0x000000008f500000|  0%| F|  |TAMS 0x000000008f400000, 0x000000008f400000| Untracked 
| 157|0x000000008f500000, 0x000000008f500000, 0x000000008f600000|  0%| F|  |TAMS 0x000000008f500000, 0x000000008f500000| Untracked 
| 158|0x000000008f600000, 0x000000008f600000, 0x000000008f700000|  0%| F|  |TAMS 0x000000008f600000, 0x000000008f600000| Untracked 
| 159|0x000000008f700000, 0x000000008f700000, 0x000000008f800000|  0%| F|  |TAMS 0x000000008f700000, 0x000000008f700000| Untracked 
| 160|0x000000008f800000, 0x000000008f800000, 0x000000008f900000|  0%| F|  |TAMS 0x000000008f800000, 0x000000008f800000| Untracked 
| 161|0x000000008f900000, 0x000000008f900000, 0x000000008fa00000|  0%| F|  |TAMS 0x000000008f900000, 0x000000008f900000| Untracked 
| 162|0x000000008fa00000, 0x000000008fa00000, 0x000000008fb00000|  0%| F|  |TAMS 0x000000008fa00000, 0x000000008fa00000| Untracked 
| 163|0x000000008fb00000, 0x000000008fb00000, 0x000000008fc00000|  0%| F|  |TAMS 0x000000008fb00000, 0x000000008fb00000| Untracked 
| 164|0x000000008fc00000, 0x000000008fc00000, 0x000000008fd00000|  0%| F|  |TAMS 0x000000008fc00000, 0x000000008fc00000| Untracked 
| 165|0x000000008fd00000, 0x000000008fd00000, 0x000000008fe00000|  0%| F|  |TAMS 0x000000008fd00000, 0x000000008fd00000| Untracked 
| 166|0x000000008fe00000, 0x000000008fe00000, 0x000000008ff00000|  0%| F|  |TAMS 0x000000008fe00000, 0x000000008fe00000| Untracked 
| 167|0x000000008ff00000, 0x000000008ff00000, 0x0000000090000000|  0%| F|  |TAMS 0x000000008ff00000, 0x000000008ff00000| Untracked 
| 168|0x0000000090000000, 0x0000000090000000, 0x0000000090100000|  0%| F|  |TAMS 0x0000000090000000, 0x0000000090000000| Untracked 
| 169|0x0000000090100000, 0x0000000090100000, 0x0000000090200000|  0%| F|  |TAMS 0x0000000090100000, 0x0000000090100000| Untracked 
| 170|0x0000000090200000, 0x0000000090200000, 0x0000000090300000|  0%| F|  |TAMS 0x0000000090200000, 0x0000000090200000| Untracked 
| 171|0x0000000090300000, 0x0000000090300000, 0x0000000090400000|  0%| F|  |TAMS 0x0000000090300000, 0x0000000090300000| Untracked 
| 172|0x0000000090400000, 0x0000000090400000, 0x0000000090500000|  0%| F|  |TAMS 0x0000000090400000, 0x0000000090400000| Untracked 
| 173|0x0000000090500000, 0x0000000090500000, 0x0000000090600000|  0%| F|  |TAMS 0x0000000090500000, 0x0000000090500000| Untracked 
| 174|0x0000000090600000, 0x0000000090600000, 0x0000000090700000|  0%| F|  |TAMS 0x0000000090600000, 0x0000000090600000| Untracked 
| 175|0x0000000090700000, 0x0000000090700000, 0x0000000090800000|  0%| F|  |TAMS 0x0000000090700000, 0x0000000090700000| Untracked 
| 176|0x0000000090800000, 0x0000000090800000, 0x0000000090900000|  0%| F|  |TAMS 0x0000000090800000, 0x0000000090800000| Untracked 
| 177|0x0000000090900000, 0x0000000090900000, 0x0000000090a00000|  0%| F|  |TAMS 0x0000000090900000, 0x0000000090900000| Untracked 
| 178|0x0000000090a00000, 0x0000000090a00000, 0x0000000090b00000|  0%| F|  |TAMS 0x0000000090a00000, 0x0000000090a00000| Untracked 
| 179|0x0000000090b00000, 0x0000000090b00000, 0x0000000090c00000|  0%| F|  |TAMS 0x0000000090b00000, 0x0000000090b00000| Untracked 
| 180|0x0000000090c00000, 0x0000000090c00000, 0x0000000090d00000|  0%| F|  |TAMS 0x0000000090c00000, 0x0000000090c00000| Untracked 
| 181|0x0000000090d00000, 0x0000000090d00000, 0x0000000090e00000|  0%| F|  |TAMS 0x0000000090d00000, 0x0000000090d00000| Untracked 
| 182|0x0000000090e00000, 0x0000000090e00000, 0x0000000090f00000|  0%| F|  |TAMS 0x0000000090e00000, 0x0000000090e00000| Untracked 
| 183|0x0000000090f00000, 0x0000000090f00000, 0x0000000091000000|  0%| F|  |TAMS 0x0000000090f00000, 0x0000000090f00000| Untracked 
| 184|0x0000000091000000, 0x0000000091000000, 0x0000000091100000|  0%| F|  |TAMS 0x0000000091000000, 0x0000000091000000| Untracked 
| 185|0x0000000091100000, 0x0000000091100000, 0x0000000091200000|  0%| F|  |TAMS 0x0000000091100000, 0x0000000091100000| Untracked 
| 186|0x0000000091200000, 0x0000000091200000, 0x0000000091300000|  0%| F|  |TAMS 0x0000000091200000, 0x0000000091200000| Untracked 
| 187|0x0000000091300000, 0x0000000091300000, 0x0000000091400000|  0%| F|  |TAMS 0x0000000091300000, 0x0000000091300000| Untracked 
| 188|0x0000000091400000, 0x0000000091400000, 0x0000000091500000|  0%| F|  |TAMS 0x0000000091400000, 0x0000000091400000| Untracked 

Card table byte_map: [0x0000012da7690000,0x0000012da7a70000] _byte_map_base: 0x0000012da7264000

Marking Bits (Prev, Next): (CMBitMap*) 0x0000012d9c4743d0, (CMBitMap*) 0x0000012d9c474390
 Prev Bits: [0x0000012da9cf0000, 0x0000012dabb90000)
 Next Bits: [0x0000012da7e50000, 0x0000012da9cf0000)

Polling page: 0x0000012d99f40000

Metaspace:

Usage:
  Non-class:     60.79 MB used.
      Class:     10.84 MB used.
       Both:     71.63 MB used.

Virtual space:
  Non-class space:       64.00 MB reserved,      61.06 MB ( 95%) committed,  1 nodes.
      Class space:        1.00 GB reserved,      11.12 MB (  1%) committed,  1 nodes.
             Both:        1.06 GB reserved,      72.19 MB (  7%) committed. 

Chunk freelists:
   Non-Class:  2.76 MB
       Class:  4.80 MB
        Both:  7.56 MB

MaxMetaspaceSize: unlimited
CompressedClassSpaceSize: 1.00 GB
Initial GC threshold: 21.00 MB
Current GC threshold: 119.94 MB
CDS: on
MetaspaceReclaimPolicy: balanced
 - commit_granule_bytes: 65536.
 - commit_granule_words: 8192.
 - virtual_space_node_default_size: 8388608.
 - enlarge_chunks_in_place: 1.
 - new_chunks_are_fully_committed: 0.
 - uncommit_free_chunks: 1.
 - use_allocation_guard: 0.
 - handle_deallocations: 1.


Internal statistics:

num_allocs_failed_limit: 9.
num_arena_births: 868.
num_arena_deaths: 0.
num_vsnodes_births: 2.
num_vsnodes_deaths: 0.
num_space_committed: 1155.
num_space_uncommitted: 0.
num_chunks_returned_to_freelist: 9.
num_chunks_taken_from_freelist: 3640.
num_chunk_merges: 9.
num_chunk_splits: 2704.
num_chunks_enlarged: 2145.
num_inconsistent_stats: 0.

CodeCache: size=49152Kb used=16204Kb max_used=16204Kb free=32947Kb
 bounds [0x0000012da3f80000, 0x0000012da4f60000, 0x0000012da6f80000]
 total_blobs=9259 nmethods=8569 adapters=613
 compilation: enabled
              stopped_count=0, restarted_count=0
 full_count=0

Compilation events (20 events):
Event: 14.935 Thread 0x0000012dae90f570 8560       1       org.hibernate.engine.spi.EffectiveEntityGraph::<init> (6 bytes)
Event: 14.936 Thread 0x0000012dae90ca70 8561       1       org.hibernate.engine.spi.EffectiveEntityGraph::<init> (10 bytes)
Event: 14.936 Thread 0x0000012dae90f570 nmethod 8560 0x0000012da4f50c90 code [0x0000012da4f50e20, 0x0000012da4f50ef8]
Event: 14.936 Thread 0x0000012dae90ca70 nmethod 8561 0x0000012da4f50f90 code [0x0000012da4f51120, 0x0000012da4f511f8]
Event: 14.936 Thread 0x0000012dae90f570 8562       1       org.springframework.data.jpa.repository.query.ParameterBinding$Named::name (5 bytes)
Event: 14.936 Thread 0x0000012dae90f570 nmethod 8562 0x0000012da4f51290 code [0x0000012da4f51420, 0x0000012da4f514f8]
Event: 14.936 Thread 0x0000012dae90f570 8563       1       org.antlr.v4.runtime.Recognizer::removeErrorListeners (10 bytes)
Event: 14.936 Thread 0x0000012dae90f570 nmethod 8563 0x0000012da4f51590 code [0x0000012da4f51740, 0x0000012da4f51828]
Event: 14.937 Thread 0x0000012dae90efa0 8564       1       java.nio.ByteBuffer::allocate (20 bytes)
Event: 14.937 Thread 0x0000012dae7022b0 8565       1       java.nio.HeapByteBuffer::<init> (21 bytes)
Event: 14.937 Thread 0x0000012dae7022b0 nmethod 8565 0x0000012da4f51890 code [0x0000012da4f51a40, 0x0000012da4f51c08]
Event: 14.937 Thread 0x0000012dae90efa0 nmethod 8564 0x0000012da4f51d10 code [0x0000012da4f51ec0, 0x0000012da4f52118]
Event: 14.939 Thread 0x0000012dae90efa0 8566       1       org.jboss.logging.Logger::isDebugEnabled (8 bytes)
Event: 14.939 Thread 0x0000012dae90efa0 nmethod 8566 0x0000012da4f52290 code [0x0000012da4f52440, 0x0000012da4f52528]
Event: 14.940 Thread 0x0000012dae90efa0 8567       1       org.jboss.logging.DelegatingBasicLogger::isDebugEnabled (8 bytes)
Event: 14.940 Thread 0x0000012dae90efa0 nmethod 8567 0x0000012da4f52610 code [0x0000012da4f527c0, 0x0000012da4f528c8]
Event: 14.942 Thread 0x0000012dae90efa0 8568       1       org.springframework.data.util.Lazy::orElse (15 bytes)
Event: 14.943 Thread 0x0000012dae90efa0 nmethod 8568 0x0000012da4f52990 code [0x0000012da4f52b40, 0x0000012da4f52cc8]
Event: 14.944 Thread 0x0000012dae7022b0 8569       1       org.hibernate.internal.util.collections.CollectionHelper::determineProperSizing (14 bytes)
Event: 14.944 Thread 0x0000012dae7022b0 nmethod 8569 0x0000012da4f52d90 code [0x0000012da4f52f40, 0x0000012da4f53018]

GC Heap History (20 events):
Event: 13.649 GC heap after
{Heap after GC invocations=20 (full 0):
 garbage-first heap   total 122880K, used 43705K [0x0000000085800000, 0x0000000100000000)
  region size 1024K, 8 young (8192K), 8 survivors (8192K)
 Metaspace       used 72888K, committed 73408K, reserved 1114112K
  class space    used 10947K, committed 11200K, reserved 1048576K
}
Event: 13.766 GC heap before
{Heap before GC invocations=20 (full 0):
 garbage-first heap   total 122880K, used 95929K [0x0000000085800000, 0x0000000100000000)
  region size 1024K, 59 young (60416K), 8 survivors (8192K)
 Metaspace       used 72888K, committed 73408K, reserved 1114112K
  class space    used 10947K, committed 11200K, reserved 1048576K
}
Event: 13.775 GC heap after
{Heap after GC invocations=21 (full 0):
 garbage-first heap   total 122880K, used 51972K [0x0000000085800000, 0x0000000100000000)
  region size 1024K, 8 young (8192K), 8 survivors (8192K)
 Metaspace       used 72888K, committed 73408K, reserved 1114112K
  class space    used 10947K, committed 11200K, reserved 1048576K
}
Event: 13.879 GC heap before
{Heap before GC invocations=21 (full 0):
 garbage-first heap   total 122880K, used 96004K [0x0000000085800000, 0x0000000100000000)
  region size 1024K, 51 young (52224K), 8 survivors (8192K)
 Metaspace       used 72896K, committed 73472K, reserved 1114112K
  class space    used 10948K, committed 11200K, reserved 1048576K
}
Event: 13.887 GC heap after
{Heap after GC invocations=22 (full 0):
 garbage-first heap   total 122880K, used 58101K [0x0000000085800000, 0x0000000100000000)
  region size 1024K, 6 young (6144K), 6 survivors (6144K)
 Metaspace       used 72896K, committed 73472K, reserved 1114112K
  class space    used 10948K, committed 11200K, reserved 1048576K
}
Event: 13.991 GC heap before
{Heap before GC invocations=22 (full 0):
 garbage-first heap   total 122880K, used 97013K [0x0000000085800000, 0x0000000100000000)
  region size 1024K, 44 young (45056K), 6 survivors (6144K)
 Metaspace       used 73156K, committed 73664K, reserved 1114112K
  class space    used 11091K, committed 11328K, reserved 1048576K
}
Event: 13.997 GC heap after
{Heap after GC invocations=23 (full 0):
 garbage-first heap   total 122880K, used 58742K [0x0000000085800000, 0x0000000100000000)
  region size 1024K, 3 young (3072K), 3 survivors (3072K)
 Metaspace       used 73156K, committed 73664K, reserved 1114112K
  class space    used 11091K, committed 11328K, reserved 1048576K
}
Event: 14.079 GC heap before
{Heap before GC invocations=23 (full 0):
 garbage-first heap   total 122880K, used 97654K [0x0000000085800000, 0x0000000100000000)
  region size 1024K, 41 young (41984K), 3 survivors (3072K)
 Metaspace       used 73156K, committed 73664K, reserved 1114112K
  class space    used 11091K, committed 11328K, reserved 1048576K
}
Event: 14.090 GC heap after
{Heap after GC invocations=24 (full 0):
 garbage-first heap   total 193536K, used 71493K [0x0000000085800000, 0x0000000100000000)
  region size 1024K, 6 young (6144K), 6 survivors (6144K)
 Metaspace       used 73156K, committed 73664K, reserved 1114112K
  class space    used 11091K, committed 11328K, reserved 1048576K
}
Event: 14.293 GC heap before
{Heap before GC invocations=25 (full 0):
 garbage-first heap   total 193536K, used 138053K [0x0000000085800000, 0x0000000100000000)
  region size 1024K, 69 young (70656K), 6 survivors (6144K)
 Metaspace       used 73156K, committed 73664K, reserved 1114112K
  class space    used 11091K, committed 11328K, reserved 1048576K
}
Event: 14.313 GC heap after
{Heap after GC invocations=26 (full 0):
 garbage-first heap   total 193536K, used 94407K [0x0000000085800000, 0x0000000100000000)
  region size 1024K, 9 young (9216K), 9 survivors (9216K)
 Metaspace       used 73156K, committed 73664K, reserved 1114112K
  class space    used 11091K, committed 11328K, reserved 1048576K
}
Event: 14.319 GC heap before
{Heap before GC invocations=26 (full 0):
 garbage-first heap   total 193536K, used 95431K [0x0000000085800000, 0x0000000100000000)
  region size 1024K, 10 young (10240K), 9 survivors (9216K)
 Metaspace       used 73156K, committed 73664K, reserved 1114112K
  class space    used 11091K, committed 11328K, reserved 1048576K
}
Event: 14.328 GC heap after
{Heap after GC invocations=27 (full 0):
 garbage-first heap   total 193536K, used 90069K [0x0000000085800000, 0x0000000100000000)
  region size 1024K, 1 young (1024K), 1 survivors (1024K)
 Metaspace       used 73156K, committed 73664K, reserved 1114112K
  class space    used 11091K, committed 11328K, reserved 1048576K
}
Event: 14.443 GC heap before
{Heap before GC invocations=27 (full 0):
 garbage-first heap   total 193536K, used 139221K [0x0000000085800000, 0x0000000100000000)
  region size 1024K, 49 young (50176K), 1 survivors (1024K)
 Metaspace       used 73156K, committed 73664K, reserved 1114112K
  class space    used 11091K, committed 11328K, reserved 1048576K
}
Event: 14.446 GC heap after
{Heap after GC invocations=28 (full 0):
 garbage-first heap   total 193536K, used 90943K [0x0000000085800000, 0x0000000100000000)
  region size 1024K, 2 young (2048K), 2 survivors (2048K)
 Metaspace       used 73156K, committed 73664K, reserved 1114112K
  class space    used 11091K, committed 11328K, reserved 1048576K
}
Event: 14.603 GC heap before
{Heap before GC invocations=29 (full 0):
 garbage-first heap   total 193536K, used 141119K [0x0000000085800000, 0x0000000100000000)
  region size 1024K, 54 young (55296K), 2 survivors (2048K)
 Metaspace       used 73156K, committed 73664K, reserved 1114112K
  class space    used 11091K, committed 11328K, reserved 1048576K
}
Event: 14.607 GC heap after
{Heap after GC invocations=30 (full 0):
 garbage-first heap   total 193536K, used 88583K [0x0000000085800000, 0x0000000100000000)
  region size 1024K, 3 young (3072K), 3 survivors (3072K)
 Metaspace       used 73156K, committed 73664K, reserved 1114112K
  class space    used 11091K, committed 11328K, reserved 1048576K
}
Event: 14.673 GC heap before
{Heap before GC invocations=30 (full 0):
 garbage-first heap   total 193536K, used 94727K [0x0000000085800000, 0x0000000100000000)
  region size 1024K, 9 young (9216K), 3 survivors (3072K)
 Metaspace       used 73188K, committed 73792K, reserved 1114112K
  class space    used 11092K, committed 11392K, reserved 1048576K
}
Event: 14.676 GC heap after
{Heap after GC invocations=31 (full 0):
 garbage-first heap   total 193536K, used 86391K [0x0000000085800000, 0x0000000100000000)
  region size 1024K, 1 young (1024K), 1 survivors (1024K)
 Metaspace       used 73188K, committed 73792K, reserved 1114112K
  class space    used 11092K, committed 11392K, reserved 1048576K
}
Event: 14.946 GC heap before
{Heap before GC invocations=31 (full 0):
 garbage-first heap   total 193536K, used 146807K [0x0000000085800000, 0x0000000100000000)
  region size 1024K, 60 young (61440K), 1 survivors (1024K)
 Metaspace       used 73344K, committed 73920K, reserved 1114112K
  class space    used 11096K, committed 11392K, reserved 1048576K
}

Dll operation events (12 events):
Event: 0.023 Loaded shared library C:\Users\hp\.jdks\ms-17.0.18\bin\java.dll
Event: 0.045 Loaded shared library C:\Users\hp\.jdks\ms-17.0.18\bin\jsvml.dll
Event: 0.318 Loaded shared library C:\Users\hp\.jdks\ms-17.0.18\bin\zip.dll
Event: 0.322 Loaded shared library C:\Users\hp\.jdks\ms-17.0.18\bin\instrument.dll
Event: 0.330 Loaded shared library C:\Users\hp\.jdks\ms-17.0.18\bin\net.dll
Event: 0.333 Loaded shared library C:\Users\hp\.jdks\ms-17.0.18\bin\nio.dll
Event: 0.338 Loaded shared library C:\Users\hp\.jdks\ms-17.0.18\bin\zip.dll
Event: 0.620 Loaded shared library C:\Users\hp\.jdks\ms-17.0.18\bin\extnet.dll
Event: 0.660 Loaded shared library C:\Users\hp\.jdks\ms-17.0.18\bin\jimage.dll
Event: 2.140 Loaded shared library C:\Users\hp\.jdks\ms-17.0.18\bin\sunmscapi.dll
Event: 6.771 Loaded shared library C:\Users\hp\.jdks\ms-17.0.18\bin\management.dll
Event: 6.775 Loaded shared library C:\Users\hp\.jdks\ms-17.0.18\bin\management_ext.dll

Deoptimization events (8 events):
Event: 7.040 Thread 0x0000012df4c09580 DEOPT PACKING pc=0x0000012da43d2d17 sp=0x00000006e90feeb0
Event: 7.040 Thread 0x0000012df4c09580 DEOPT UNPACKING pc=0x0000012da3fd7143 sp=0x00000006e90fe308 mode 3
Event: 7.041 Thread 0x0000012d9c41df10 DEOPT PACKING pc=0x0000012da43d5001 sp=0x00000006e6efe7f0
Event: 7.041 Thread 0x0000012d9c41df10 DEOPT UNPACKING pc=0x0000012da3fd7143 sp=0x00000006e6efdc80 mode 3
Event: 8.443 Thread 0x0000012d9c41df10 DEOPT PACKING pc=0x0000012da453e31c sp=0x00000006e6efc710
Event: 8.443 Thread 0x0000012d9c41df10 DEOPT UNPACKING pc=0x0000012da3fd7143 sp=0x00000006e6efbc40 mode 0
Event: 10.445 Thread 0x0000012d9c41df10 DEOPT PACKING pc=0x0000012da4a52ef4 sp=0x00000006e6efcaa0
Event: 10.445 Thread 0x0000012d9c41df10 DEOPT UNPACKING pc=0x0000012da3fd7143 sp=0x00000006e6efbf38 mode 0

Classes loaded (20 events):
Event: 12.301 Loading class java/util/regex/Pattern$NotBehind
Event: 12.302 Loading class java/util/regex/Pattern$NotBehind done
Event: 12.302 Loading class java/util/regex/Pattern$Behind
Event: 12.302 Loading class java/util/regex/Pattern$Behind done
Event: 12.326 Loading class java/util/EmptyStackException
Event: 12.326 Loading class java/util/EmptyStackException done
Event: 12.519 Loading class java/io/InvalidClassException
Event: 12.519 Loading class java/io/InvalidClassException done
Event: 12.537 Loading class java/util/ArrayList$ListItr
Event: 12.537 Loading class java/util/ArrayList$ListItr done
Event: 13.320 Loading class java/lang/invoke/MethodHandleImpl$CountingWrapper$1
Event: 13.320 Loading class java/lang/invoke/MethodHandleImpl$CountingWrapper$1 done
Event: 13.353 Loading class sun/reflect/ReflectionFactory
Event: 13.353 Loading class sun/reflect/ReflectionFactory done
Event: 13.353 Loading class sun/reflect/ReflectionFactory$1
Event: 13.353 Loading class sun/reflect/ReflectionFactory$1 done
Event: 13.353 Loading class java/io/OptionalDataException
Event: 13.355 Loading class java/io/OptionalDataException done
Event: 13.356 Loading class jdk/internal/reflect/SerializationConstructorAccessorImpl
Event: 13.356 Loading class jdk/internal/reflect/SerializationConstructorAccessorImpl done

Classes unloaded (0 events):
No events

Classes redefined (0 events):
No events

Internal exceptions (20 events):
Event: 11.880 Thread 0x0000012d9c41df10 Exception <a 'java/lang/IncompatibleClassChangeError'{0x0000000088e969f8}: Found class java.lang.Object, but interface was expected> (0x0000000088e969f8) 
thrown [s\src\hotspot\share\interpreter\linkResolver.cpp, line 826]
Event: 12.249 Thread 0x0000012d9c41df10 Exception <a 'java/lang/reflect/InvocationTargetException'{0x000000008a4c47d8}> (0x000000008a4c47d8) 
thrown [s\src\hotspot\share\runtime\reflection.cpp, line 1128]
Event: 12.275 Thread 0x0000012d9c41df10 Exception <a 'java/lang/IncompatibleClassChangeError'{0x000000008a38b6e8}: Found class java.lang.Object, but interface was expected> (0x000000008a38b6e8) 
thrown [s\src\hotspot\share\interpreter\linkResolver.cpp, line 826]
Event: 12.279 Thread 0x0000012d9c41df10 Exception <a 'java/lang/reflect/InvocationTargetException'{0x000000008a3a3138}> (0x000000008a3a3138) 
thrown [s\src\hotspot\share\runtime\reflection.cpp, line 1128]
Event: 12.280 Thread 0x0000012d9c41df10 Exception <a 'java/lang/reflect/InvocationTargetException'{0x000000008a3aa990}> (0x000000008a3aa990) 
thrown [s\src\hotspot\share\runtime\reflection.cpp, line 1128]
Event: 12.281 Thread 0x0000012d9c41df10 Exception <a 'java/lang/reflect/InvocationTargetException'{0x000000008a3b3108}> (0x000000008a3b3108) 
thrown [s\src\hotspot\share\runtime\reflection.cpp, line 1128]
Event: 12.283 Thread 0x0000012d9c41df10 Exception <a 'java/lang/reflect/InvocationTargetException'{0x000000008a3ccf98}> (0x000000008a3ccf98) 
thrown [s\src\hotspot\share\runtime\reflection.cpp, line 1128]
Event: 12.304 Thread 0x0000012d9c41df10 Exception <a 'java/lang/IncompatibleClassChangeError'{0x000000008a24aed8}: Found class java.lang.Object, but interface was expected> (0x000000008a24aed8) 
thrown [s\src\hotspot\share\interpreter\linkResolver.cpp, line 826]
Event: 13.155 Thread 0x0000012d9c41df10 Exception <a 'java/lang/reflect/InvocationTargetException'{0x00000000894fcac0}> (0x00000000894fcac0) 
thrown [s\src\hotspot\share\runtime\reflection.cpp, line 1128]
Event: 13.158 Thread 0x0000012d9c41df10 Exception <a 'java/lang/reflect/InvocationTargetException'{0x00000000893082b8}> (0x00000000893082b8) 
thrown [s\src\hotspot\share\runtime\reflection.cpp, line 1128]
Event: 13.159 Thread 0x0000012d9c41df10 Exception <a 'java/lang/reflect/InvocationTargetException'{0x0000000089312730}> (0x0000000089312730) 
thrown [s\src\hotspot\share\runtime\reflection.cpp, line 1128]
Event: 13.194 Thread 0x0000012d9c41df10 Exception <a 'java/lang/reflect/InvocationTargetException'{0x00000000890e2588}> (0x00000000890e2588) 
thrown [s\src\hotspot\share\runtime\reflection.cpp, line 1128]
Event: 13.197 Thread 0x0000012d9c41df10 Exception <a 'java/lang/reflect/InvocationTargetException'{0x00000000890f4930}> (0x00000000890f4930) 
thrown [s\src\hotspot\share\runtime\reflection.cpp, line 1128]
Event: 13.239 Thread 0x0000012d9c41df10 Exception <a 'java/lang/reflect/InvocationTargetException'{0x000000008c6fc3c0}> (0x000000008c6fc3c0) 
thrown [s\src\hotspot\share\runtime\reflection.cpp, line 1128]
Event: 13.245 Thread 0x0000012d9c41df10 Exception <a 'java/lang/reflect/InvocationTargetException'{0x000000008c56b720}> (0x000000008c56b720) 
thrown [s\src\hotspot\share\runtime\reflection.cpp, line 1128]
Event: 13.248 Thread 0x0000012d9c41df10 Exception <a 'java/lang/reflect/InvocationTargetException'{0x000000008c57aec8}> (0x000000008c57aec8) 
thrown [s\src\hotspot\share\runtime\reflection.cpp, line 1128]
Event: 13.249 Thread 0x0000012d9c41df10 Exception <a 'java/lang/reflect/InvocationTargetException'{0x000000008c584c88}> (0x000000008c584c88) 
thrown [s\src\hotspot\share\runtime\reflection.cpp, line 1128]
Event: 13.267 Thread 0x0000012d9c41df10 Exception <a 'java/lang/reflect/InvocationTargetException'{0x000000008c3dd980}> (0x000000008c3dd980) 
thrown [s\src\hotspot\share\runtime\reflection.cpp, line 1128]
Event: 13.279 Thread 0x0000012d9c41df10 Exception <a 'java/lang/reflect/InvocationTargetException'{0x000000008c14afb0}> (0x000000008c14afb0) 
thrown [s\src\hotspot\share\runtime\reflection.cpp, line 1128]
Event: 13.313 Thread 0x0000012d9c41df10 Exception <a 'java/lang/NoSuchMethodError'{0x000000008bd6f260}: 'int java.lang.invoke.DirectMethodHandle$Holder.invokeStaticInit(java.lang.Object, int, java.lang.Object, java.lang.Object, java.lang.Object, java.lang.Object)'> (0x000000008bd6f260) 
thrown [s\src\hotspot\share\interpreter\linkResolver.cpp, line 759]

VM Operations (20 events):
Event: 14.090 Executing VM operation: G1CollectForAllocation done
Event: 14.116 Executing VM operation: G1PauseRemark
Event: 14.120 Executing VM operation: G1PauseRemark done
Event: 14.134 Executing VM operation: G1PauseCleanup
Event: 14.134 Executing VM operation: G1PauseCleanup done
Event: 14.293 Executing VM operation: G1CollectForAllocation
Event: 14.313 Executing VM operation: G1CollectForAllocation done
Event: 14.318 Executing VM operation: G1CollectForAllocation
Event: 14.328 Executing VM operation: G1CollectForAllocation done
Event: 14.443 Executing VM operation: G1CollectForAllocation
Event: 14.446 Executing VM operation: G1CollectForAllocation done
Event: 14.515 Executing VM operation: G1PauseRemark
Event: 14.518 Executing VM operation: G1PauseRemark done
Event: 14.539 Executing VM operation: G1PauseCleanup
Event: 14.539 Executing VM operation: G1PauseCleanup done
Event: 14.603 Executing VM operation: G1CollectForAllocation
Event: 14.607 Executing VM operation: G1CollectForAllocation done
Event: 14.673 Executing VM operation: G1CollectForAllocation
Event: 14.676 Executing VM operation: G1CollectForAllocation done
Event: 14.946 Executing VM operation: G1CollectForAllocation

Memory protections (0 events):
No events

Nmethod flushes (0 events):
No events

Events (20 events):
Event: 0.058 Thread 0x0000012d9c41df10 Thread added: 0x0000012dae71abf0
Event: 0.288 Thread 0x0000012d9c41df10 Thread added: 0x0000012dae6cb980
Event: 0.298 Thread 0x0000012dae7022b0 Thread added: 0x0000012dae90ca70
Event: 0.299 Thread 0x0000012dae90ca70 Thread added: 0x0000012dae90efa0
Event: 0.301 Thread 0x0000012dae90ca70 Thread added: 0x0000012dae90f570
Event: 0.598 Thread 0x0000012d9c41df10 Thread added: 0x0000012daec3dae0
Event: 0.598 Thread 0x0000012d9c41df10 Thread added: 0x0000012df4204c60
Event: 1.641 Thread 0x0000012d9c41df10 Thread added: 0x0000012df4821510
Event: 2.421 Thread 0x0000012d9c41df10 Thread added: 0x0000012df4c0b3e0
Event: 2.471 Thread 0x0000012df4c0b3e0 Thread exited: 0x0000012df4c0b3e0
Event: 2.566 Thread 0x0000012df4821510 Thread exited: 0x0000012df4821510
Event: 7.035 Thread 0x0000012d9c41df10 Thread added: 0x0000012df4c0b8f0
Event: 7.038 Thread 0x0000012df4c0b8f0 Thread added: 0x0000012df4c09580
Event: 7.048 Thread 0x0000012d9c41df10 Thread added: 0x0000012df4c09a90
Event: 8.329 Thread 0x0000012d9c41df10 Thread added: 0x0000012df4c0be00
Event: 8.686 Thread 0x0000012d9c41df10 Thread added: 0x0000012df4c0a4b0
Event: 8.792 Thread 0x0000012df4c0a4b0 Thread added: 0x0000012df4c0a9c0
Event: 11.475 Thread 0x0000012d9c41df10 Thread added: 0x0000012df5bc9290
Event: 11.477 Thread 0x0000012df5bc9290 Thread exited: 0x0000012df5bc9290
Event: 14.091 Thread 0x0000012df4c0a9c0 Thread exited: 0x0000012df4c0a9c0


Dynamic libraries:
0x00007ff7b1250000 - 0x00007ff7b125e000 	C:\Users\hp\.jdks\ms-17.0.18\bin\java.exe
0x00007ff8cdc20000 - 0x00007ff8cde88000 	C:\WINDOWS\SYSTEM32\ntdll.dll
0x00007ff8cce80000 - 0x00007ff8ccf49000 	C:\WINDOWS\System32\KERNEL32.DLL
0x00007ff8ca630000 - 0x00007ff8caa21000 	C:\WINDOWS\System32\KERNELBASE.dll
0x00007ff8cadb0000 - 0x00007ff8caefb000 	C:\WINDOWS\System32\ucrtbase.dll
0x00007ff8c5390000 - 0x00007ff8c53ae000 	C:\Users\hp\.jdks\ms-17.0.18\bin\VCRUNTIME140.dll
0x00007ff8c5370000 - 0x00007ff8c5388000 	C:\Users\hp\.jdks\ms-17.0.18\bin\jli.dll
0x00007ff8cc2f0000 - 0x00007ff8cc4b6000 	C:\WINDOWS\System32\USER32.dll
0x00007ff8a98b0000 - 0x00007ff8a9b43000 	C:\WINDOWS\WinSxS\amd64_microsoft.windows.common-controls_6595b64144ccf1df_6.0.26100.7824_none_3e0870b2e3345462\COMCTL32.dll
0x00007ff8cafb0000 - 0x00007ff8cafd7000 	C:\WINDOWS\System32\win32u.dll
0x00007ff8cd3d0000 - 0x00007ff8cd3fb000 	C:\WINDOWS\System32\GDI32.dll
0x00007ff8cbae0000 - 0x00007ff8cbb89000 	C:\WINDOWS\System32\msvcrt.dll
0x00007ff8ca500000 - 0x00007ff8ca62b000 	C:\WINDOWS\System32\gdi32full.dll
0x00007ff8caf00000 - 0x00007ff8cafa3000 	C:\WINDOWS\System32\msvcp_win.dll
0x00007ff8cbeb0000 - 0x00007ff8cbee1000 	C:\WINDOWS\System32\IMM32.DLL
0x00007ff8c5360000 - 0x00007ff8c536c000 	C:\Users\hp\.jdks\ms-17.0.18\bin\vcruntime140_1.dll
0x00007ff8a3780000 - 0x00007ff8a3809000 	C:\Users\hp\.jdks\ms-17.0.18\bin\msvcp140.dll
0x00007ff812550000 - 0x00007ff8131ca000 	C:\Users\hp\.jdks\ms-17.0.18\bin\server\jvm.dll
0x00007ff8cc4c0000 - 0x00007ff8cc574000 	C:\WINDOWS\System32\ADVAPI32.dll
0x00007ff8cd200000 - 0x00007ff8cd2a6000 	C:\WINDOWS\System32\sechost.dll
0x00007ff8cb9c0000 - 0x00007ff8cbad8000 	C:\WINDOWS\System32\RPCRT4.dll
0x00007ff8cc0d0000 - 0x00007ff8cc144000 	C:\WINDOWS\System32\WS2_32.dll
0x00007ff8b6660000 - 0x00007ff8b666b000 	C:\WINDOWS\SYSTEM32\VERSION.dll
0x00007ff8ca360000 - 0x00007ff8ca3be000 	C:\WINDOWS\SYSTEM32\POWRPROF.dll
0x00007ff8c54d0000 - 0x00007ff8c5505000 	C:\WINDOWS\SYSTEM32\WINMM.dll
0x00007ff8ca340000 - 0x00007ff8ca354000 	C:\WINDOWS\SYSTEM32\UMPDC.dll
0x00007ff8c92a0000 - 0x00007ff8c92bb000 	C:\WINDOWS\SYSTEM32\kernel.appcore.dll
0x00007ff8c5350000 - 0x00007ff8c535a000 	C:\Users\hp\.jdks\ms-17.0.18\bin\jimage.dll
0x00007ff8c8330000 - 0x00007ff8c8572000 	C:\WINDOWS\SYSTEM32\DBGHELP.DLL
0x00007ff8cc590000 - 0x00007ff8cc916000 	C:\WINDOWS\System32\combase.dll
0x00007ff8cbd30000 - 0x00007ff8cbe07000 	C:\WINDOWS\System32\OLEAUT32.dll
0x00007ff8a6630000 - 0x00007ff8a666b000 	C:\WINDOWS\SYSTEM32\dbgcore.DLL
0x00007ff8cafe0000 - 0x00007ff8cb085000 	C:\WINDOWS\System32\bcryptPrimitives.dll
0x00007ff8797f0000 - 0x00007ff8797ff000 	C:\Users\hp\.jdks\ms-17.0.18\bin\instrument.dll
0x00007ff8c5320000 - 0x00007ff8c5346000 	C:\Users\hp\.jdks\ms-17.0.18\bin\java.dll
0x00007ff859140000 - 0x00007ff859216000 	C:\Users\hp\.jdks\ms-17.0.18\bin\jsvml.dll
0x00007ff8cd400000 - 0x00007ff8cdb52000 	C:\WINDOWS\System32\SHELL32.dll
0x00007ff8caa30000 - 0x00007ff8cab9a000 	C:\WINDOWS\System32\wintypes.dll
0x00007ff8cb150000 - 0x00007ff8cb9b3000 	C:\WINDOWS\System32\windows.storage.dll
0x00007ff8cd2d0000 - 0x00007ff8cd3c6000 	C:\WINDOWS\System32\SHCORE.dll
0x00007ff8cd190000 - 0x00007ff8cd1f7000 	C:\WINDOWS\System32\shlwapi.dll
0x00007ff8ca420000 - 0x00007ff8ca449000 	C:\WINDOWS\SYSTEM32\profapi.dll
0x00007ff8a3740000 - 0x00007ff8a3758000 	C:\Users\hp\.jdks\ms-17.0.18\bin\zip.dll
0x00007ff8a7ed0000 - 0x00007ff8a7eeb000 	C:\Users\hp\.jdks\ms-17.0.18\bin\net.dll
0x00007ff8c21e0000 - 0x00007ff8c2307000 	C:\WINDOWS\SYSTEM32\WINHTTP.dll
0x00007ff8c9810000 - 0x00007ff8c987b000 	C:\WINDOWS\system32\mswsock.dll
0x00007ff8a3760000 - 0x00007ff8a3776000 	C:\Users\hp\.jdks\ms-17.0.18\bin\nio.dll
0x00007ff898710000 - 0x00007ff898719000 	C:\Users\hp\.jdks\ms-17.0.18\bin\extnet.dll
0x00007ff8a3720000 - 0x00007ff8a372e000 	C:\Users\hp\.jdks\ms-17.0.18\bin\sunmscapi.dll
0x00007ff8caba0000 - 0x00007ff8cad17000 	C:\WINDOWS\System32\CRYPT32.dll
0x00007ff8c9d00000 - 0x00007ff8c9d30000 	C:\WINDOWS\SYSTEM32\ncrypt.dll
0x00007ff8c9cb0000 - 0x00007ff8c9cef000 	C:\WINDOWS\SYSTEM32\NTASN1.dll
0x00007ff8c9ae0000 - 0x00007ff8c9afb000 	C:\WINDOWS\SYSTEM32\CRYPTSP.dll
0x00007ff8c9200000 - 0x00007ff8c9239000 	C:\WINDOWS\system32\rsaenh.dll
0x00007ff8c98c0000 - 0x00007ff8c98eb000 	C:\WINDOWS\SYSTEM32\USERENV.dll
0x00007ff8ca3f0000 - 0x00007ff8ca41a000 	C:\WINDOWS\SYSTEM32\bcrypt.dll
0x00007ff8c9b00000 - 0x00007ff8c9b0c000 	C:\WINDOWS\SYSTEM32\CRYPTBASE.dll
0x00007ff8c8c80000 - 0x00007ff8c8cb4000 	C:\WINDOWS\SYSTEM32\IPHLPAPI.DLL
0x00007ff8cd2c0000 - 0x00007ff8cd2ca000 	C:\WINDOWS\System32\NSI.dll
0x00007ff8c3e30000 - 0x00007ff8c3e4e000 	C:\WINDOWS\SYSTEM32\dhcpcsvc6.DLL
0x00007ff8c37b0000 - 0x00007ff8c37d3000 	C:\WINDOWS\SYSTEM32\dhcpcsvc.DLL
0x00007ff8c8d10000 - 0x00007ff8c8e3c000 	C:\WINDOWS\SYSTEM32\DNSAPI.dll
0x00007ff8797d0000 - 0x00007ff8797da000 	C:\Users\hp\.jdks\ms-17.0.18\bin\management.dll
0x00007ff879010000 - 0x00007ff87901c000 	C:\Users\hp\.jdks\ms-17.0.18\bin\management_ext.dll
0x00007ff8cc580000 - 0x00007ff8cc588000 	C:\WINDOWS\System32\PSAPI.DLL

dbghelp: loaded successfully - version: 4.0.5 - missing functions: none
symbol engine: initialized successfully - sym options: 0x614 - pdb path: .;C:\Users\hp\.jdks\ms-17.0.18\bin;C:\WINDOWS\SYSTEM32;C:\WINDOWS\WinSxS\amd64_microsoft.windows.common-controls_6595b64144ccf1df_6.0.26100.7824_none_3e0870b2e3345462;C:\Users\hp\.jdks\ms-17.0.18\bin\server

VM Arguments:
jvm_args: -XX:TieredStopAtLevel=1 -Dspring.output.ansi.enabled=always -javaagent:C:\Users\hp\Desktop\IntelliJ IDEA 2025.3\lib\idea_rt.jar=53701 -Dfile.encoding=UTF-8 
java_command: com.esprit.platformepediatricback.PlatformePediatricBackApplication
java_class_path (initial): D:\PlatformePediatricBack\target\classes;C:\Users\hp\.m2\repository\org\springframework\boot\spring-boot-starter-data-jpa\4.0.2\spring-boot-starter-data-jpa-4.0.2.jar;C:\Users\hp\.m2\repository\org\springframework\boot\spring-boot-starter\4.0.2\spring-boot-starter-4.0.2.jar;C:\Users\hp\.m2\repository\org\springframework\boot\spring-boot-starter-logging\4.0.2\spring-boot-starter-logging-4.0.2.jar;C:\Users\hp\.m2\repository\ch\qos\logback\logback-classic\1.5.25\logback-classic-1.5.25.jar;C:\Users\hp\.m2\repository\ch\qos\logback\logback-core\1.5.25\logback-core-1.5.25.jar;C:\Users\hp\.m2\repository\org\apache\logging\log4j\log4j-to-slf4j\2.25.3\log4j-to-slf4j-2.25.3.jar;C:\Users\hp\.m2\repository\org\apache\logging\log4j\log4j-api\2.25.3\log4j-api-2.25.3.jar;C:\Users\hp\.m2\repository\org\slf4j\jul-to-slf4j\2.0.17\jul-to-slf4j-2.0.17.jar;C:\Users\hp\.m2\repository\org\springframework\boot\spring-boot-autoconfigure\4.0.2\spring-boot-autoconfigure-4.0.2.jar;C:\Users\hp\.m2\repository\jakarta\annotation\jakarta.annotation-api\3.0.0\jakarta.annotation-api-3.0.0.jar;C:\Users\hp\.m2\repository\org\yaml\snakeyaml\2.5\snakeyaml-2.5.jar;C:\Users\hp\.m2\repository\org\springframework\boot\spring-boot-starter-jdbc\4.0.2\spring-boot-starter-jdbc-4.0.2.jar;C:\Users\hp\.m2\repository\com\zaxxer\HikariCP\7.0.2\HikariCP-7.0.2.jar;C:\Users\hp\.m2\repository\org\slf4j\slf4j-api\2.0.17\slf4j-api-2.0.17.jar;C:\Users\hp\.m2\repository\org\springframework\boot\spring-boot-data-jpa\4.0.2\spring-boot-data-jpa-4.0.2.jar;C:\Users\hp\.m2\repository\org\springframework\boot\spring-boot-data-commons\4.0.2\spring-boot-data-commons-4.0.2.jar;C:\Users\hp\.m2\repository\org\springframework\boot\spring-boot-persistence\4.0.2\spring-boot-persistence-4.0.2.jar;C:\Users\hp\.m2\repository\org\springframework\data\spring-data-commons\4.0.2\spring-data-commons-4.0.2.jar;C:\Users\hp\.m2\repository\org\springframework\boot\spring-boot-hibernate\4.0.2\spring-boot-hibernate-4.0.2.ja
Launcher Type: SUN_STANDARD

[Global flags]
     intx CICompilerCount                          = 4                                         {product} {ergonomic}
     uint ConcGCThreads                            = 3                                         {product} {ergonomic}
     uint G1ConcRefinementThreads                  = 10                                        {product} {ergonomic}
   size_t G1HeapRegionSize                         = 1048576                                   {product} {ergonomic}
    uintx GCDrainStackTargetSize                   = 64                                        {product} {ergonomic}
   size_t InitialHeapSize                          = 130023424                                 {product} {ergonomic}
   size_t MarkStackSize                            = 4194304                                   {product} {ergonomic}
   size_t MaxHeapSize                              = 2055208960                                {product} {ergonomic}
   size_t MaxNewSize                               = 1233125376                                {product} {ergonomic}
   size_t MinHeapDeltaBytes                        = 1048576                                   {product} {ergonomic}
   size_t MinHeapSize                              = 8388608                                   {product} {ergonomic}
    uintx NonProfiledCodeHeapSize                  = 0                                      {pd product} {ergonomic}
     bool ProfileInterpreter                       = false                                  {pd product} {command line}
    uintx ProfiledCodeHeapSize                     = 0                                      {pd product} {ergonomic}
   size_t SoftMaxHeapSize                          = 2055208960                             {manageable} {ergonomic}
     intx TieredStopAtLevel                        = 1                                         {product} {command line}
     bool UseCompressedClassPointers               = true                           {product lp64_product} {ergonomic}
     bool UseCompressedOops                        = true                           {product lp64_product} {ergonomic}
     bool UseG1GC                                  = true                                      {product} {ergonomic}
     bool UseLargePagesIndividualAllocation        = false                                  {pd product} {ergonomic}

Logging:
Log output configuration:
 #0: stdout all=warning uptime,level,tags
 #1: stderr all=off uptime,level,tags

Environment Variables:
JAVA_HOME=C:\Program Files\Eclipse Adoptium\jdk-17.0.16.8-hotspot
PATH=C:\Program Files (x86)\VMware\VMware Player\bin\;C:\Windows\system32;C:\Windows;C:\Windows\System32\Wbem;C:\Windows\System32\WindowsPowerShell\v1.0\;C:\Users\hp\AppData\Local\Microsoft\WindowsApps;C:\Users\hp\AppData\Local\Programs\Microsoft VS Code\bin;C:\Users\hp\AppData\Local\Programs\IntelliJ IDEA 2025.2\bin;C:\Users\hp\AppData\Roaming\npm;C:\Users\hp\AppData\Local\Programs\Windsurf\bin;C:\gradle\gradle-8.14-bin\gradle-8.14\bin;C:\ProgramData\chocolatey\bin;C:\maven;C:\flutter\bin;C:\Program Files\nodejs\;C:\Program Files\Microsoft SQL Server\170\Tools\Binn\;C:\Program Files\Vagrant\bin;C:\Program Files\Docker\Docker\resources\bin;C:\Users\hp\.dotnet\tools;C:\Program Files\Oracle\VirtualBox;C:\Program Files\Oracle\VirtualBox;D:\minikube;C:\apache-maven-3.9.11\bin;C:\Program Files\Apache\maven\apache-maven-3.9.6\bin;C:\apache-maven-3.9.11\bin;C:\Program Files\Git\cmd;C:\Users\hp\AppData\Local\Programs\Eclipse Adoptium\jdk-25.0.1.8-hotspot\bin;C:\Users\hp\AppData\Local\Microsoft\WindowsApps;C:\Users\hp\AppData\Local\Programs\Microsoft VS Code\bin;C:\Users\hp\Desktop\IntelliJ IDEA 2025.3\bin;C:\Users\hp\AppData\Roaming\npm;C:\Users\hp\.dotnet\tools;C:\Users\hp\AppData\Local\Programs\Windsurf\bin;C:\Programmes\Git\cmd;C:\Programmes\Git\bin;C:\Program Files\Apache Software Foundation;d:\Users\hp\AppData\Local\Programs\cursor\resources\app\bin
USERNAME=hp
OS=Windows_NT
PROCESSOR_IDENTIFIER=Intel64 Family 6 Model 186 Stepping 3, GenuineIntel
TMP=C:\Users\hp\AppData\Local\Temp
TEMP=C:\Users\hp\AppData\Local\Temp



Periodic native trim disabled


---------------  S Y S T E M  ---------------

OS:
 Windows 11 , 64 bit Build 26100 (10.0.26100.7705)
OS uptime: 0 days 11:10 hours
Hyper-V role detected

CPU: total 12 (initial active 12) (6 cores per cpu, 2 threads per core) family 6 model 186 stepping 3 microcode 0x4121, cx8, cmov, fxsr, ht, mmx, 3dnowpref, sse, sse2, sse3, ssse3, sse4.1, sse4.2, popcnt, lzcnt, tsc, tscinvbit, avx, avx2, aes, erms, clmul, bmi1, bmi2, adx, sha, fma, vzeroupper, clflush, clflushopt, clwb, hv
Processor Information for processor 0
  Max Mhz: 1300, Current Mhz: 1300, Mhz Limit: 1300
Processor Information for processor 1
  Max Mhz: 1300, Current Mhz: 1300, Mhz Limit: 1300
Processor Information for processor 2
  Max Mhz: 1300, Current Mhz: 1300, Mhz Limit: 1300
Processor Information for processor 3
  Max Mhz: 1300, Current Mhz: 1300, Mhz Limit: 1300
Processor Information for processor 4
  Max Mhz: 1300, Current Mhz: 900, Mhz Limit: 897
Processor Information for processor 5
  Max Mhz: 1300, Current Mhz: 900, Mhz Limit: 897
Processor Information for processor 6
  Max Mhz: 1300, Current Mhz: 900, Mhz Limit: 897
Processor Information for processor 7
  Max Mhz: 1300, Current Mhz: 900, Mhz Limit: 897
Processor Information for processor 8
  Max Mhz: 1300, Current Mhz: 900, Mhz Limit: 897
Processor Information for processor 9
  Max Mhz: 1300, Current Mhz: 900, Mhz Limit: 897
Processor Information for processor 10
  Max Mhz: 1300, Current Mhz: 900, Mhz Limit: 897
Processor Information for processor 11
  Max Mhz: 1300, Current Mhz: 900, Mhz Limit: 897

Memory: 4k page, system-wide physical 7835M (424M free)
TotalPageFile size 31387M (AvailPageFile size 75M)
current process WorkingSet (physical memory assigned to process): 345M, peak: 360M
current process commit charge ("private bytes"): 401M, peak: 682M

vm_info: OpenJDK 64-Bit Server VM (17.0.18+8-LTS) for windows-amd64 JRE (17.0.18+8-LTS), built on Jan 15 2026 18:50:45 by "MicrosoftCorporation" with MS VC++ 17.14 (VS2022)

END.
