#
# There is insufficient memory for the Java Runtime Environment to continue.
# Native memory allocation (mmap) failed to map 198180864 bytes. Error detail: G1 virtual space
# Possible reasons:
#   The system is out of physical RAM or swap space
#   This process is running with CompressedOops enabled, and the Java Heap may be blocking the growth of the native heap
# Possible solutions:
#   Reduce memory load on the system
#   Increase physical memory or swap space
#   Check if swap backing store is full
#   Decrease Java heap size (-Xmx/-Xms)
#   Decrease number of Java threads
#   Decrease Java thread stack sizes (-Xss)
#   Set larger code cache with -XX:ReservedCodeCacheSize=
#   JVM is running with Unscaled Compressed Oops mode in which the Java heap is
#     placed in the first 4GB address space. The Java Heap base address is the
#     maximum limit for the native heap growth. Please use -XX:HeapBaseMinAddress
#     to set the Java Heap base and to place the Java Heap above 4GB virtual address.
# This output file may be truncated or incomplete.
#
#  Out of Memory Error (os_windows.cpp:3690), pid=18932, tid=24992
#
# JRE version: OpenJDK Runtime Environment Microsoft-13106358 (17.0.18+8) (build 17.0.18+8-LTS)
# Java VM: OpenJDK 64-Bit Server VM Microsoft-13106358 (17.0.18+8-LTS, mixed mode, emulated-client, sharing, tiered, compressed oops, compressed class ptrs, g1 gc, windows-amd64)
# No core dump will be written. Minidumps are not enabled by default on client versions of Windows
#

---------------  S U M M A R Y ------------

Command Line: -XX:TieredStopAtLevel=1 -Dspring.output.ansi.enabled=always -javaagent:C:\Users\hp\Desktop\IntelliJ IDEA 2025.3\lib\idea_rt.jar=52084 -Dfile.encoding=UTF-8 com.esprit.platformepediatricback.PlatformePediatricBackApplication

Host: 13th Gen Intel(R) Core(TM) i5-1334U, 12 cores, 7G,  Windows 11 , 64 bit Build 26100 (10.0.26100.7705)
Time: Mon Mar  2 21:27:46 2026 Paris, Madrid elapsed time: 18.704192 seconds (0d 0h 0m 18s)

---------------  T H R E A D  ---------------

Current thread (0x000001d017017b20):  VMThread "VM Thread" [stack: 0x0000008a56f00000,0x0000008a57000000] [id=24992]

Stack: [0x0000008a56f00000,0x0000008a57000000]
Native frames: (J=compiled Java code, j=interpreted, Vv=VM code, C=native code)
V  [jvm.dll+0x68c879]  (no source info available)
V  [jvm.dll+0x845979]  (no source info available)
V  [jvm.dll+0x8476e8]  (no source info available)
V  [jvm.dll+0x847d73]  (no source info available)
V  [jvm.dll+0x24cf6f]  (no source info available)
V  [jvm.dll+0x68bc79]  (no source info available)
V  [jvm.dll+0x68023a]  (no source info available)
V  [jvm.dll+0x3101a0]  (no source info available)
V  [jvm.dll+0x310042]  (no source info available)
V  [jvm.dll+0x317599]  (no source info available)
V  [jvm.dll+0x369999]  (no source info available)
V  [jvm.dll+0x369bcd]  (no source info available)
V  [jvm.dll+0x2e69aa]  (no source info available)
V  [jvm.dll+0x2e4da1]  (no source info available)
V  [jvm.dll+0x2e453c]  (no source info available)
V  [jvm.dll+0x328ecb]  (no source info available)
V  [jvm.dll+0x84c5fd]  (no source info available)
V  [jvm.dll+0x84d313]  (no source info available)
V  [jvm.dll+0x84d844]  (no source info available)
V  [jvm.dll+0x84dc28]  (no source info available)
V  [jvm.dll+0x84dd1e]  (no source info available)
V  [jvm.dll+0x7f5ebc]  (no source info available)
V  [jvm.dll+0x68de17]  (no source info available)
C  [ucrtbase.dll+0x37b0]  (no source info available)
C  [KERNEL32.DLL+0x2e8d7]  (no source info available)
C  [ntdll.dll+0x8c40c]  (no source info available)

VM_Operation (0x0000008a569f6c50): G1CollectForAllocation, mode: safepoint, requested by thread 0x000001d004bb9620


---------------  P R O C E S S  ---------------

Threads class SMR info:
_java_thread_list=0x000001d05ef526c0, length=20, elements={
0x000001d004bb9620, 0x000001d01701cf80, 0x000001d01701d940, 0x000001d017032310,
0x000001d017032cd0, 0x000001d017033690, 0x000001d0170380a0, 0x000001d017038a60,
0x000001d01704a1c0, 0x000001d017005d90, 0x000001d01712a970, 0x000001d0173d13e0,
0x000001d0173d1e80, 0x000001d017866d20, 0x000001d05da06040, 0x000001d05d963340,
0x000001d05dda4a30, 0x000001d05dfc93e0, 0x000001d05e685d40, 0x000001d05e6c26b0
}

Java Threads: ( => current thread )
  0x000001d004bb9620 JavaThread "main" [_thread_blocked, id=26632, stack(0x0000008a56900000,0x0000008a56a00000)]
  0x000001d01701cf80 JavaThread "Reference Handler" daemon [_thread_blocked, id=23528, stack(0x0000008a57000000,0x0000008a57100000)]
  0x000001d01701d940 JavaThread "Finalizer" daemon [_thread_blocked, id=19996, stack(0x0000008a57100000,0x0000008a57200000)]
  0x000001d017032310 JavaThread "Signal Dispatcher" daemon [_thread_blocked, id=25448, stack(0x0000008a57200000,0x0000008a57300000)]
  0x000001d017032cd0 JavaThread "Attach Listener" daemon [_thread_blocked, id=20572, stack(0x0000008a57300000,0x0000008a57400000)]
  0x000001d017033690 JavaThread "Service Thread" daemon [_thread_blocked, id=9404, stack(0x0000008a57400000,0x0000008a57500000)]
  0x000001d0170380a0 JavaThread "Monitor Deflation Thread" daemon [_thread_blocked, id=20128, stack(0x0000008a57500000,0x0000008a57600000)]
  0x000001d017038a60 JavaThread "C1 CompilerThread0" daemon [_thread_blocked, id=17848, stack(0x0000008a57600000,0x0000008a57700000)]
  0x000001d01704a1c0 JavaThread "Sweeper thread" daemon [_thread_blocked, id=16972, stack(0x0000008a57700000,0x0000008a57800000)]
  0x000001d017005d90 JavaThread "Common-Cleaner" daemon [_thread_blocked, id=14628, stack(0x0000008a57800000,0x0000008a57900000)]
  0x000001d01712a970 JavaThread "C1 CompilerThread1" daemon [_thread_blocked, id=27188, stack(0x0000008a57900000,0x0000008a57a00000)]
  0x000001d0173d13e0 JavaThread "Monitor Ctrl-Break" daemon [_thread_in_native, id=18952, stack(0x0000008a57c00000,0x0000008a57d00000)]
  0x000001d0173d1e80 JavaThread "Notification Thread" daemon [_thread_blocked, id=16740, stack(0x0000008a57d00000,0x0000008a57e00000)]
  0x000001d017866d20 JavaThread "Catalina-utility-1" [_thread_blocked, id=25312, stack(0x0000008a58a00000,0x0000008a58b00000)]
  0x000001d05da06040 JavaThread "Catalina-utility-2" [_thread_blocked, id=20472, stack(0x0000008a58b00000,0x0000008a58c00000)]
  0x000001d05d963340 JavaThread "container-0" [_thread_blocked, id=22064, stack(0x0000008a58c00000,0x0000008a58d00000)]
  0x000001d05dda4a30 JavaThread "mysql-cj-abandoned-connection-cleanup" daemon [_thread_blocked, id=24972, stack(0x0000008a58d00000,0x0000008a58e00000)]
  0x000001d05dfc93e0 JavaThread "HikariPool-1:housekeeper" daemon [_thread_blocked, id=26664, stack(0x0000008a58e00000,0x0000008a58f00000)]
  0x000001d05e685d40 JavaThread "C1 CompilerThread2" daemon [_thread_blocked, id=7596, stack(0x0000008a57a00000,0x0000008a57b00000)]
  0x000001d05e6c26b0 JavaThread "C1 CompilerThread3" daemon [_thread_blocked, id=22576, stack(0x0000008a57b00000,0x0000008a57c00000)]

Other Threads:
=>0x000001d017017b20 VMThread "VM Thread" [stack: 0x0000008a56f00000,0x0000008a57000000] [id=24992]
  0x000001d0173d2b50 WatcherThread [stack: 0x0000008a57e00000,0x0000008a57f00000] [id=20468]
  0x000001d004c14530 GCTaskThread "GC Thread#0" [stack: 0x0000008a56a00000,0x0000008a56b00000] [id=22624]
  0x000001d017ac9c90 GCTaskThread "GC Thread#1" [stack: 0x0000008a57f00000,0x0000008a58000000] [id=9936]
  0x000001d017acad70 GCTaskThread "GC Thread#2" [stack: 0x0000008a58000000,0x0000008a58100000] [id=7624]
  0x000001d017aca7d0 GCTaskThread "GC Thread#3" [stack: 0x0000008a58100000,0x0000008a58200000] [id=7948]
  0x000001d017acb8b0 GCTaskThread "GC Thread#4" [stack: 0x0000008a58200000,0x0000008a58300000] [id=22960]
  0x000001d017aca500 GCTaskThread "GC Thread#5" [stack: 0x0000008a58300000,0x0000008a58400000] [id=25184]
  0x000001d017acb310 GCTaskThread "GC Thread#6" [stack: 0x0000008a58500000,0x0000008a58600000] [id=18064]
  0x000001d017acb5e0 GCTaskThread "GC Thread#7" [stack: 0x0000008a58600000,0x0000008a58700000] [id=23296]
  0x000001d017aca230 GCTaskThread "GC Thread#8" [stack: 0x0000008a58700000,0x0000008a58800000] [id=7676]
  0x000001d05d1f27b0 GCTaskThread "GC Thread#9" [stack: 0x0000008a58800000,0x0000008a58900000] [id=13184]
  0x000001d004c24990 ConcurrentGCThread "G1 Main Marker" [stack: 0x0000008a56b00000,0x0000008a56c00000] [id=23032]
  0x000001d004c27090 ConcurrentGCThread "G1 Conc#0" [stack: 0x0000008a56c00000,0x0000008a56d00000] [id=1572]
  0x000001d05d1f0b90 ConcurrentGCThread "G1 Conc#1" [stack: 0x0000008a58400000,0x0000008a58500000] [id=1128]
  0x000001d05d1f3b60 ConcurrentGCThread "G1 Conc#2" [stack: 0x0000008a58900000,0x0000008a58a00000] [id=25444]
  0x000001d016eafe20 ConcurrentGCThread "G1 Refine#0" [stack: 0x0000008a56d00000,0x0000008a56e00000] [id=25616]
  0x000001d05de36a00 ConcurrentGCThread "G1 Refine#1" [stack: 0x0000008a58f00000,0x0000008a59000000] [id=25620]
  0x000001d05de36d00 ConcurrentGCThread "G1 Refine#2" [stack: 0x0000008a59000000,0x0000008a59100000] [id=11832]
  0x000001d05de37000 ConcurrentGCThread "G1 Refine#3" [stack: 0x0000008a59100000,0x0000008a59200000] [id=25096]
  0x000001d05de36400 ConcurrentGCThread "G1 Refine#4" [stack: 0x0000008a59200000,0x0000008a59300000] [id=17436]
  0x000001d016eb3530 ConcurrentGCThread "G1 Service" [stack: 0x0000008a56e00000,0x0000008a56f00000] [id=6100]

Threads with active compile tasks:

VM state: at safepoint (normal execution)

VM Mutex/Monitor currently owned by a thread:  ([mutex/lock_event])
[0x000001d002826da0] Threads_lock - owner thread: 0x000001d017017b20
[0x000001d004bb6e90] Heap_lock - owner thread: 0x000001d004bb9620

Heap address: 0x0000000085800000, size: 1960 MB, Compressed Oops mode: 32-bit

CDS archive(s) mapped at: [0x000001d018000000-0x000001d018bb0000-0x000001d018bb0000), size 12255232, SharedBaseAddress: 0x000001d018000000, ArchiveRelocationMode: 1.
Compressed class space mapped at: 0x000001d019000000-0x000001d059000000, reserved size: 1073741824
Narrow klass base: 0x000001d018000000, Narrow klass shift: 0, Narrow klass range: 0x100000000

GC Precious Log:
 CPUs: 12 total, 12 available
 Memory: 7835M
 Large Page Support: Disabled
 NUMA Support: Disabled
 Compressed Oops: Enabled (32-bit)
 Heap Region Size: 1M
 Heap Min Capacity: 8M
 Heap Initial Capacity: 124M
 Heap Max Capacity: 1960M
 Pre-touch: Disabled
 Parallel Workers: 10
 Concurrent Workers: 3
 Concurrent Refinement Workers: 10
 Periodic GC: Disabled

Heap:
 garbage-first heap   total 145408K, used 88782K [0x0000000085800000, 0x0000000100000000)
  region size 1024K, 4 young (4096K), 4 survivors (4096K)
 Metaspace       used 72890K, committed 73472K, reserved 1114112K
  class space    used 10941K, committed 11200K, reserved 1048576K

Heap Regions: E=young(eden), S=young(survivor), O=old, HS=humongous(starts), HC=humongous(continues), CS=collection set, F=free, OA=open archive, CA=closed archive, TAMS=top-at-mark-start (previous, next)
|   0|0x0000000085800000, 0x0000000085900000, 0x0000000085900000|100%|HS|  |TAMS 0x0000000085900000, 0x0000000085900000| Complete 
|   1|0x0000000085900000, 0x0000000085a00000, 0x0000000085a00000|100%|HS|  |TAMS 0x0000000085a00000, 0x0000000085a00000| Complete 
|   2|0x0000000085a00000, 0x0000000085b00000, 0x0000000085b00000|100%| O|  |TAMS 0x0000000085b00000, 0x0000000085b00000| Untracked 
|   3|0x0000000085b00000, 0x0000000085c00000, 0x0000000085c00000|100%| O|  |TAMS 0x0000000085c00000, 0x0000000085c00000| Untracked 
|   4|0x0000000085c00000, 0x0000000085d00000, 0x0000000085d00000|100%| O|  |TAMS 0x0000000085d00000, 0x0000000085d00000| Untracked 
|   5|0x0000000085d00000, 0x0000000085e00000, 0x0000000085e00000|100%| O|  |TAMS 0x0000000085e00000, 0x0000000085e00000| Untracked 
|   6|0x0000000085e00000, 0x0000000085f00000, 0x0000000085f00000|100%| O|  |TAMS 0x0000000085f00000, 0x0000000085f00000| Untracked 
|   7|0x0000000085f00000, 0x0000000086000000, 0x0000000086000000|100%| O|  |TAMS 0x0000000086000000, 0x0000000086000000| Untracked 
|   8|0x0000000086000000, 0x0000000086100000, 0x0000000086100000|100%| O|  |TAMS 0x0000000086100000, 0x0000000086100000| Untracked 
|   9|0x0000000086100000, 0x0000000086200000, 0x0000000086200000|100%| O|  |TAMS 0x0000000086200000, 0x0000000086200000| Untracked 
|  10|0x0000000086200000, 0x0000000086300000, 0x0000000086300000|100%| O|  |TAMS 0x0000000086300000, 0x0000000086300000| Untracked 
|  11|0x0000000086300000, 0x0000000086400000, 0x0000000086400000|100%| O|  |TAMS 0x0000000086400000, 0x0000000086400000| Untracked 
|  12|0x0000000086400000, 0x0000000086500000, 0x0000000086500000|100%| O|  |TAMS 0x0000000086500000, 0x0000000086500000| Untracked 
|  13|0x0000000086500000, 0x0000000086600000, 0x0000000086600000|100%| O|  |TAMS 0x0000000086600000, 0x0000000086600000| Untracked 
|  14|0x0000000086600000, 0x0000000086700000, 0x0000000086700000|100%| O|  |TAMS 0x0000000086700000, 0x0000000086700000| Untracked 
|  15|0x0000000086700000, 0x0000000086800000, 0x0000000086800000|100%| O|  |TAMS 0x0000000086800000, 0x0000000086800000| Untracked 
|  16|0x0000000086800000, 0x0000000086900000, 0x0000000086900000|100%| O|  |TAMS 0x0000000086900000, 0x0000000086900000| Untracked 
|  17|0x0000000086900000, 0x0000000086a00000, 0x0000000086a00000|100%| O|  |TAMS 0x0000000086a00000, 0x0000000086a00000| Untracked 
|  18|0x0000000086a00000, 0x0000000086b00000, 0x0000000086b00000|100%| O|  |TAMS 0x0000000086b00000, 0x0000000086b00000| Untracked 
|  19|0x0000000086b00000, 0x0000000086c00000, 0x0000000086c00000|100%| O|  |TAMS 0x0000000086c00000, 0x0000000086c00000| Untracked 
|  20|0x0000000086c00000, 0x0000000086d00000, 0x0000000086d00000|100%| O|  |TAMS 0x0000000086d00000, 0x0000000086d00000| Untracked 
|  21|0x0000000086d00000, 0x0000000086e00000, 0x0000000086e00000|100%| O|  |TAMS 0x0000000086e00000, 0x0000000086e00000| Untracked 
|  22|0x0000000086e00000, 0x0000000086f00000, 0x0000000086f00000|100%| O|  |TAMS 0x0000000086f00000, 0x0000000086f00000| Untracked 
|  23|0x0000000086f00000, 0x0000000087000000, 0x0000000087000000|100%| O|  |TAMS 0x0000000087000000, 0x0000000087000000| Untracked 
|  24|0x0000000087000000, 0x0000000087100000, 0x0000000087100000|100%| O|  |TAMS 0x0000000087100000, 0x0000000087100000| Untracked 
|  25|0x0000000087100000, 0x0000000087200000, 0x0000000087200000|100%| O|  |TAMS 0x0000000087200000, 0x0000000087200000| Untracked 
|  26|0x0000000087200000, 0x0000000087300000, 0x0000000087300000|100%| O|  |TAMS 0x0000000087300000, 0x0000000087300000| Untracked 
|  27|0x0000000087300000, 0x0000000087400000, 0x0000000087400000|100%| O|  |TAMS 0x0000000087400000, 0x0000000087400000| Untracked 
|  28|0x0000000087400000, 0x0000000087500000, 0x0000000087500000|100%| O|  |TAMS 0x0000000087500000, 0x0000000087500000| Untracked 
|  29|0x0000000087500000, 0x0000000087600000, 0x0000000087600000|100%| O|  |TAMS 0x0000000087600000, 0x0000000087600000| Untracked 
|  30|0x0000000087600000, 0x0000000087700000, 0x0000000087700000|100%| O|  |TAMS 0x0000000087700000, 0x0000000087700000| Untracked 
|  31|0x0000000087700000, 0x0000000087800000, 0x0000000087800000|100%| O|  |TAMS 0x0000000087800000, 0x0000000087800000| Untracked 
|  32|0x0000000087800000, 0x0000000087900000, 0x0000000087900000|100%| O|  |TAMS 0x0000000087900000, 0x0000000087900000| Untracked 
|  33|0x0000000087900000, 0x0000000087a00000, 0x0000000087a00000|100%| O|  |TAMS 0x0000000087a00000, 0x0000000087a00000| Untracked 
|  34|0x0000000087a00000, 0x0000000087b00000, 0x0000000087b00000|100%| O|  |TAMS 0x0000000087b00000, 0x0000000087b00000| Untracked 
|  35|0x0000000087b00000, 0x0000000087c00000, 0x0000000087c00000|100%| O|  |TAMS 0x0000000087c00000, 0x0000000087c00000| Untracked 
|  36|0x0000000087c00000, 0x0000000087d00000, 0x0000000087d00000|100%| O|  |TAMS 0x0000000087d00000, 0x0000000087d00000| Untracked 
|  37|0x0000000087d00000, 0x0000000087e00000, 0x0000000087e00000|100%| O|  |TAMS 0x0000000087e00000, 0x0000000087e00000| Untracked 
|  38|0x0000000087e00000, 0x0000000087f00000, 0x0000000087f00000|100%| O|  |TAMS 0x0000000087f00000, 0x0000000087f00000| Untracked 
|  39|0x0000000087f00000, 0x0000000088000000, 0x0000000088000000|100%|HS|  |TAMS 0x0000000088000000, 0x0000000088000000| Complete 
|  40|0x0000000088000000, 0x0000000088100000, 0x0000000088100000|100%| O|  |TAMS 0x0000000088100000, 0x0000000088100000| Untracked 
|  41|0x0000000088100000, 0x0000000088200000, 0x0000000088200000|100%| O|  |TAMS 0x0000000088200000, 0x0000000088200000| Untracked 
|  42|0x0000000088200000, 0x0000000088300000, 0x0000000088300000|100%| O|  |TAMS 0x0000000088300000, 0x0000000088300000| Untracked 
|  43|0x0000000088300000, 0x0000000088400000, 0x0000000088400000|100%| O|  |TAMS 0x0000000088400000, 0x0000000088400000| Untracked 
|  44|0x0000000088400000, 0x0000000088500000, 0x0000000088500000|100%| O|  |TAMS 0x0000000088500000, 0x0000000088500000| Untracked 
|  45|0x0000000088500000, 0x0000000088600000, 0x0000000088600000|100%| O|  |TAMS 0x0000000088600000, 0x0000000088600000| Untracked 
|  46|0x0000000088600000, 0x0000000088700000, 0x0000000088700000|100%| O|  |TAMS 0x0000000088700000, 0x0000000088700000| Untracked 
|  47|0x0000000088700000, 0x0000000088800000, 0x0000000088800000|100%| O|  |TAMS 0x0000000088800000, 0x0000000088800000| Untracked 
|  48|0x0000000088800000, 0x0000000088900000, 0x0000000088900000|100%| O|  |TAMS 0x0000000088900000, 0x0000000088900000| Untracked 
|  49|0x0000000088900000, 0x0000000088a00000, 0x0000000088a00000|100%| O|  |TAMS 0x0000000088a00000, 0x0000000088a00000| Untracked 
|  50|0x0000000088a00000, 0x0000000088b00000, 0x0000000088b00000|100%| O|  |TAMS 0x0000000088b00000, 0x0000000088b00000| Untracked 
|  51|0x0000000088b00000, 0x0000000088c00000, 0x0000000088c00000|100%| O|  |TAMS 0x0000000088c00000, 0x0000000088c00000| Untracked 
|  52|0x0000000088c00000, 0x0000000088d00000, 0x0000000088d00000|100%| O|  |TAMS 0x0000000088d00000, 0x0000000088d00000| Untracked 
|  53|0x0000000088d00000, 0x0000000088e00000, 0x0000000088e00000|100%| O|  |TAMS 0x0000000088e00000, 0x0000000088e00000| Untracked 
|  54|0x0000000088e00000, 0x0000000088f00000, 0x0000000088f00000|100%| O|  |TAMS 0x0000000088e8a400, 0x0000000088f00000| Untracked 
|  55|0x0000000088f00000, 0x0000000089000000, 0x0000000089000000|100%| O|  |TAMS 0x0000000088f00000, 0x0000000089000000| Untracked 
|  56|0x0000000089000000, 0x0000000089100000, 0x0000000089100000|100%| O|  |TAMS 0x0000000089000000, 0x0000000089100000| Untracked 
|  57|0x0000000089100000, 0x0000000089200000, 0x0000000089200000|100%| O|  |TAMS 0x0000000089100000, 0x0000000089200000| Untracked 
|  58|0x0000000089200000, 0x0000000089300000, 0x0000000089300000|100%| O|  |TAMS 0x0000000089200000, 0x0000000089300000| Untracked 
|  59|0x0000000089300000, 0x0000000089400000, 0x0000000089400000|100%| O|  |TAMS 0x0000000089300000, 0x0000000089400000| Untracked 
|  60|0x0000000089400000, 0x0000000089500000, 0x0000000089500000|100%| O|  |TAMS 0x0000000089400000, 0x0000000089500000| Untracked 
|  61|0x0000000089500000, 0x0000000089600000, 0x0000000089600000|100%| O|  |TAMS 0x0000000089500000, 0x0000000089600000| Untracked 
|  62|0x0000000089600000, 0x0000000089700000, 0x0000000089700000|100%| O|  |TAMS 0x0000000089600000, 0x0000000089700000| Untracked 
|  63|0x0000000089700000, 0x0000000089800000, 0x0000000089800000|100%| O|  |TAMS 0x0000000089700000, 0x0000000089800000| Untracked 
|  64|0x0000000089800000, 0x0000000089900000, 0x0000000089900000|100%| O|  |TAMS 0x0000000089800000, 0x0000000089900000| Untracked 
|  65|0x0000000089900000, 0x0000000089a00000, 0x0000000089a00000|100%| O|  |TAMS 0x0000000089900000, 0x0000000089a00000| Untracked 
|  66|0x0000000089a00000, 0x0000000089b00000, 0x0000000089b00000|100%|HS|  |TAMS 0x0000000089a00000, 0x0000000089b00000| Complete 
|  67|0x0000000089b00000, 0x0000000089c00000, 0x0000000089c00000|100%|HC|  |TAMS 0x0000000089b00000, 0x0000000089c00000| Complete 
|  68|0x0000000089c00000, 0x0000000089d00000, 0x0000000089d00000|100%| O|  |TAMS 0x0000000089c00000, 0x0000000089d00000| Untracked 
|  69|0x0000000089d00000, 0x0000000089e00000, 0x0000000089e00000|100%| O|  |TAMS 0x0000000089d00000, 0x0000000089e00000| Untracked 
|  70|0x0000000089e00000, 0x0000000089f00000, 0x0000000089f00000|100%| O|  |TAMS 0x0000000089e00000, 0x0000000089f00000| Untracked 
|  71|0x0000000089f00000, 0x000000008a000000, 0x000000008a000000|100%| O|  |TAMS 0x0000000089f00000, 0x000000008a000000| Untracked 
|  72|0x000000008a000000, 0x000000008a100000, 0x000000008a100000|100%| O|  |TAMS 0x000000008a000000, 0x000000008a100000| Untracked 
|  73|0x000000008a100000, 0x000000008a200000, 0x000000008a200000|100%| O|  |TAMS 0x000000008a100000, 0x000000008a200000| Untracked 
|  74|0x000000008a200000, 0x000000008a300000, 0x000000008a300000|100%| O|  |TAMS 0x000000008a200000, 0x000000008a300000| Untracked 
|  75|0x000000008a300000, 0x000000008a400000, 0x000000008a400000|100%| O|  |TAMS 0x000000008a300000, 0x000000008a400000| Untracked 
|  76|0x000000008a400000, 0x000000008a500000, 0x000000008a500000|100%| O|  |TAMS 0x000000008a400000, 0x000000008a447a00| Untracked 
|  77|0x000000008a500000, 0x000000008a600000, 0x000000008a600000|100%| O|  |TAMS 0x000000008a500000, 0x000000008a500000| Untracked 
|  78|0x000000008a600000, 0x000000008a700000, 0x000000008a700000|100%| O|  |TAMS 0x000000008a600000, 0x000000008a600000| Untracked 
|  79|0x000000008a700000, 0x000000008a800000, 0x000000008a800000|100%| O|  |TAMS 0x000000008a700000, 0x000000008a700000| Untracked 
|  80|0x000000008a800000, 0x000000008a900000, 0x000000008a900000|100%| O|  |TAMS 0x000000008a800000, 0x000000008a800000| Untracked 
|  81|0x000000008a900000, 0x000000008aa00000, 0x000000008aa00000|100%| O|  |TAMS 0x000000008a900000, 0x000000008a900000| Untracked 
|  82|0x000000008aa00000, 0x000000008aab3800, 0x000000008ab00000| 70%| O|  |TAMS 0x000000008aa00000, 0x000000008aa00000| Untracked 
|  83|0x000000008ab00000, 0x000000008ab00000, 0x000000008ac00000|  0%| F|  |TAMS 0x000000008ab00000, 0x000000008ab00000| Untracked 
|  84|0x000000008ac00000, 0x000000008ac00000, 0x000000008ad00000|  0%| F|  |TAMS 0x000000008ac00000, 0x000000008ac00000| Untracked 
|  85|0x000000008ad00000, 0x000000008ad00000, 0x000000008ae00000|  0%| F|  |TAMS 0x000000008ad00000, 0x000000008ad00000| Untracked 
|  86|0x000000008ae00000, 0x000000008ae00000, 0x000000008af00000|  0%| F|  |TAMS 0x000000008ae00000, 0x000000008ae00000| Untracked 
|  87|0x000000008af00000, 0x000000008af00000, 0x000000008b000000|  0%| F|  |TAMS 0x000000008af00000, 0x000000008af00000| Untracked 
|  88|0x000000008b000000, 0x000000008b000000, 0x000000008b100000|  0%| F|  |TAMS 0x000000008b000000, 0x000000008b000000| Untracked 
|  89|0x000000008b100000, 0x000000008b100000, 0x000000008b200000|  0%| F|  |TAMS 0x000000008b100000, 0x000000008b100000| Untracked 
|  90|0x000000008b200000, 0x000000008b200000, 0x000000008b300000|  0%| F|  |TAMS 0x000000008b200000, 0x000000008b200000| Untracked 
|  91|0x000000008b300000, 0x000000008b300000, 0x000000008b400000|  0%| F|  |TAMS 0x000000008b300000, 0x000000008b300000| Untracked 
|  92|0x000000008b400000, 0x000000008b400000, 0x000000008b500000|  0%| F|  |TAMS 0x000000008b400000, 0x000000008b400000| Untracked 
|  93|0x000000008b500000, 0x000000008b500000, 0x000000008b600000|  0%| F|  |TAMS 0x000000008b500000, 0x000000008b500000| Untracked 
|  94|0x000000008b600000, 0x000000008b600000, 0x000000008b700000|  0%| F|  |TAMS 0x000000008b600000, 0x000000008b600000| Untracked 
|  95|0x000000008b700000, 0x000000008b700000, 0x000000008b800000|  0%| F|  |TAMS 0x000000008b700000, 0x000000008b700000| Untracked 
|  96|0x000000008b800000, 0x000000008b800000, 0x000000008b900000|  0%| F|  |TAMS 0x000000008b800000, 0x000000008b800000| Untracked 
|  97|0x000000008b900000, 0x000000008b900000, 0x000000008ba00000|  0%| F|  |TAMS 0x000000008b900000, 0x000000008b900000| Untracked 
|  98|0x000000008ba00000, 0x000000008ba00000, 0x000000008bb00000|  0%| F|  |TAMS 0x000000008ba00000, 0x000000008ba00000| Untracked 
|  99|0x000000008bb00000, 0x000000008bb00000, 0x000000008bc00000|  0%| F|  |TAMS 0x000000008bb00000, 0x000000008bb00000| Untracked 
| 100|0x000000008bc00000, 0x000000008bc00000, 0x000000008bd00000|  0%| F|  |TAMS 0x000000008bc00000, 0x000000008bc00000| Untracked 
| 101|0x000000008bd00000, 0x000000008bd00000, 0x000000008be00000|  0%| F|  |TAMS 0x000000008bd00000, 0x000000008bd00000| Untracked 
| 102|0x000000008be00000, 0x000000008be00000, 0x000000008bf00000|  0%| F|  |TAMS 0x000000008be00000, 0x000000008be00000| Untracked 
| 103|0x000000008bf00000, 0x000000008bf00000, 0x000000008c000000|  0%| F|  |TAMS 0x000000008bf00000, 0x000000008bf00000| Untracked 
| 104|0x000000008c000000, 0x000000008c000000, 0x000000008c100000|  0%| F|  |TAMS 0x000000008c000000, 0x000000008c000000| Untracked 
| 105|0x000000008c100000, 0x000000008c100000, 0x000000008c200000|  0%| F|  |TAMS 0x000000008c100000, 0x000000008c100000| Untracked 
| 106|0x000000008c200000, 0x000000008c200000, 0x000000008c300000|  0%| F|  |TAMS 0x000000008c200000, 0x000000008c200000| Untracked 
| 107|0x000000008c300000, 0x000000008c300000, 0x000000008c400000|  0%| F|  |TAMS 0x000000008c300000, 0x000000008c300000| Untracked 
| 108|0x000000008c400000, 0x000000008c500000, 0x000000008c500000|100%| S|CS|TAMS 0x000000008c400000, 0x000000008c400000| Complete 
| 109|0x000000008c500000, 0x000000008c600000, 0x000000008c600000|100%| S|CS|TAMS 0x000000008c500000, 0x000000008c500000| Complete 
| 110|0x000000008c600000, 0x000000008c700000, 0x000000008c700000|100%| S|CS|TAMS 0x000000008c600000, 0x000000008c600000| Complete 
| 111|0x000000008c700000, 0x000000008c800000, 0x000000008c800000|100%| S|CS|TAMS 0x000000008c700000, 0x000000008c700000| Complete 
| 112|0x000000008c800000, 0x000000008c800000, 0x000000008c900000|  0%| F|  |TAMS 0x000000008c800000, 0x000000008c800000| Untracked 
| 113|0x000000008c900000, 0x000000008c900000, 0x000000008ca00000|  0%| F|  |TAMS 0x000000008c900000, 0x000000008c900000| Untracked 
| 114|0x000000008ca00000, 0x000000008ca00000, 0x000000008cb00000|  0%| F|  |TAMS 0x000000008ca00000, 0x000000008ca00000| Untracked 
| 115|0x000000008cb00000, 0x000000008cb00000, 0x000000008cc00000|  0%| F|  |TAMS 0x000000008cb00000, 0x000000008cb00000| Untracked 
| 116|0x000000008cc00000, 0x000000008cc00000, 0x000000008cd00000|  0%| F|  |TAMS 0x000000008cc00000, 0x000000008cc00000| Untracked 
| 117|0x000000008cd00000, 0x000000008cd00000, 0x000000008ce00000|  0%| F|  |TAMS 0x000000008cd00000, 0x000000008cd00000| Untracked 
| 118|0x000000008ce00000, 0x000000008ce00000, 0x000000008cf00000|  0%| F|  |TAMS 0x000000008ce00000, 0x000000008ce00000| Untracked 
| 119|0x000000008cf00000, 0x000000008cf00000, 0x000000008d000000|  0%| F|  |TAMS 0x000000008cf00000, 0x000000008cf00000| Untracked 
| 120|0x000000008d000000, 0x000000008d000000, 0x000000008d100000|  0%| F|  |TAMS 0x000000008d000000, 0x000000008d000000| Untracked 
| 121|0x000000008d100000, 0x000000008d100000, 0x000000008d200000|  0%| F|  |TAMS 0x000000008d100000, 0x000000008d100000| Untracked 
| 122|0x000000008d200000, 0x000000008d200000, 0x000000008d300000|  0%| F|  |TAMS 0x000000008d200000, 0x000000008d200000| Untracked 
| 123|0x000000008d300000, 0x000000008d300000, 0x000000008d400000|  0%| F|  |TAMS 0x000000008d300000, 0x000000008d300000| Untracked 
| 124|0x000000008d400000, 0x000000008d400000, 0x000000008d500000|  0%| F|  |TAMS 0x000000008d400000, 0x000000008d400000| Untracked 
| 125|0x000000008d500000, 0x000000008d500000, 0x000000008d600000|  0%| F|  |TAMS 0x000000008d500000, 0x000000008d500000| Untracked 
| 126|0x000000008d600000, 0x000000008d600000, 0x000000008d700000|  0%| F|  |TAMS 0x000000008d600000, 0x000000008d600000| Untracked 
| 127|0x000000008d700000, 0x000000008d700000, 0x000000008d800000|  0%| F|  |TAMS 0x000000008d700000, 0x000000008d700000| Untracked 
| 128|0x000000008d800000, 0x000000008d800000, 0x000000008d900000|  0%| F|  |TAMS 0x000000008d800000, 0x000000008d800000| Untracked 
| 129|0x000000008d900000, 0x000000008d900000, 0x000000008da00000|  0%| F|  |TAMS 0x000000008d900000, 0x000000008d900000| Untracked 
| 130|0x000000008da00000, 0x000000008da00000, 0x000000008db00000|  0%| F|  |TAMS 0x000000008da00000, 0x000000008da00000| Untracked 
| 131|0x000000008db00000, 0x000000008db00000, 0x000000008dc00000|  0%| F|  |TAMS 0x000000008db00000, 0x000000008db00000| Untracked 
| 132|0x000000008dc00000, 0x000000008dc00000, 0x000000008dd00000|  0%| F|  |TAMS 0x000000008dc00000, 0x000000008dc00000| Untracked 
| 133|0x000000008dd00000, 0x000000008dd00000, 0x000000008de00000|  0%| F|  |TAMS 0x000000008dd00000, 0x000000008dd00000| Untracked 
| 134|0x000000008de00000, 0x000000008de00000, 0x000000008df00000|  0%| F|  |TAMS 0x000000008de00000, 0x000000008de00000| Untracked 
| 135|0x000000008df00000, 0x000000008df00000, 0x000000008e000000|  0%| F|  |TAMS 0x000000008df00000, 0x000000008df00000| Untracked 
| 136|0x000000008e000000, 0x000000008e000000, 0x000000008e100000|  0%| F|  |TAMS 0x000000008e000000, 0x000000008e000000| Untracked 
| 137|0x000000008e100000, 0x000000008e100000, 0x000000008e200000|  0%| F|  |TAMS 0x000000008e100000, 0x000000008e100000| Untracked 
| 138|0x000000008e200000, 0x000000008e200000, 0x000000008e300000|  0%| F|  |TAMS 0x000000008e200000, 0x000000008e200000| Untracked 
| 139|0x000000008e300000, 0x000000008e300000, 0x000000008e400000|  0%| F|  |TAMS 0x000000008e300000, 0x000000008e300000| Untracked 
| 140|0x000000008e400000, 0x000000008e400000, 0x000000008e500000|  0%| F|  |TAMS 0x000000008e400000, 0x000000008e400000| Untracked 
| 141|0x000000008e500000, 0x000000008e500000, 0x000000008e600000|  0%| F|  |TAMS 0x000000008e500000, 0x000000008e500000| Untracked 

Card table byte_map: [0x000001d00fe30000,0x000001d010210000] _byte_map_base: 0x000001d00fa04000

Marking Bits (Prev, Next): (CMBitMap*) 0x000001d004c14b60, (CMBitMap*) 0x000001d004c14ba0
 Prev Bits: [0x000001d0105f0000, 0x000001d012490000)
 Next Bits: [0x000001d012490000, 0x000001d014330000)

Polling page: 0x000001d002770000

Metaspace:

Usage:
  Non-class:     60.50 MB used.
      Class:     10.68 MB used.
       Both:     71.18 MB used.

Virtual space:
  Non-class space:       64.00 MB reserved,      60.81 MB ( 95%) committed,  1 nodes.
      Class space:        1.00 GB reserved,      10.94 MB (  1%) committed,  1 nodes.
             Both:        1.06 GB reserved,      71.75 MB (  7%) committed. 

Chunk freelists:
   Non-Class:  3.05 MB
       Class:  5.10 MB
        Both:  8.15 MB

MaxMetaspaceSize: unlimited
CompressedClassSpaceSize: 1.00 GB
Initial GC threshold: 21.00 MB
Current GC threshold: 119.62 MB
CDS: on
MetaspaceReclaimPolicy: balanced
 - commit_granule_bytes: 65536.
 - commit_granule_words: 8192.
 - virtual_space_node_default_size: 8388608.
 - enlarge_chunks_in_place: 1.
 - new_chunks_are_fully_committed: 0.
 - uncommit_free_chunks: 1.
 - use_allocation_guard: 0.
 - handle_deallocations: 1.


Internal statistics:

num_allocs_failed_limit: 9.
num_arena_births: 848.
num_arena_deaths: 0.
num_vsnodes_births: 2.
num_vsnodes_deaths: 0.
num_space_committed: 1148.
num_space_uncommitted: 0.
num_chunks_returned_to_freelist: 9.
num_chunks_taken_from_freelist: 3603.
num_chunk_merges: 9.
num_chunk_splits: 2666.
num_chunks_enlarged: 2126.
num_inconsistent_stats: 0.

CodeCache: size=49152Kb used=15485Kb max_used=15485Kb free=33666Kb
 bounds [0x000001d00c720000, 0x000001d00d640000, 0x000001d00f720000]
 total_blobs=8780 nmethods=8090 adapters=612
 compilation: enabled
              stopped_count=0, restarted_count=0
 full_count=0

Compilation events (20 events):
Event: 17.048 Thread 0x000001d05e685d40 nmethod 8078 0x000001d00d63a110 code [0x000001d00d63a2e0, 0x000001d00d63a598]
Event: 17.048 Thread 0x000001d05e6c26b0 nmethod 8081 0x000001d00d63a710 code [0x000001d00d63a8c0, 0x000001d00d63a9e8]
Event: 17.048 Thread 0x000001d05e6c26b0 8083       1       org.hibernate.internal.AbstractSharedSessionContract::checkOpen (39 bytes)
Event: 17.048 Thread 0x000001d01712a970 nmethod 8082 0x000001d00d63aa90 code [0x000001d00d63ac20, 0x000001d00d63ad08]
Event: 17.048 Thread 0x000001d017038a60 nmethod 8077 0x000001d00d63ad90 code [0x000001d00d63b080, 0x000001d00d63b9d8]
Event: 17.048 Thread 0x000001d05e6c26b0 nmethod 8083 0x000001d00d63bf10 code [0x000001d00d63c0e0, 0x000001d00d63c358]
Event: 17.049 Thread 0x000001d05e685d40 8084       1       java.util.regex.Pattern::compile (10 bytes)
Event: 17.049 Thread 0x000001d05e685d40 nmethod 8084 0x000001d00d63c510 code [0x000001d00d63c6c0, 0x000001d00d63c808]
Event: 17.330 Thread 0x000001d017038a60 8085       1       org.antlr.v4.runtime.misc.FlexibleHashMap::<init> (60 bytes)
Event: 17.331 Thread 0x000001d017038a60 nmethod 8085 0x000001d00d63c890 code [0x000001d00d63ca60, 0x000001d00d63cd08]
Event: 17.333 Thread 0x000001d017038a60 8086   !   1       org.springframework.data.jpa.repository.query.HqlParser::nakedIdentifier (1273 bytes)
Event: 17.333 Thread 0x000001d05e685d40 8087       1       org.springframework.data.jpa.repository.query.HqlParser$NakedIdentifierContext::<init> (7 bytes)
Event: 17.333 Thread 0x000001d05e685d40 nmethod 8087 0x000001d00d63ce10 code [0x000001d00d63cfa0, 0x000001d00d63d0b8]
Event: 17.333 Thread 0x000001d05e685d40 8088       1       org.springframework.data.jpa.repository.query.EmptyQueryTokenStream::isEmpty (2 bytes)
Event: 17.333 Thread 0x000001d05e685d40 nmethod 8088 0x000001d00d63d110 code [0x000001d00d63d2a0, 0x000001d00d63d378]
Event: 17.334 Thread 0x000001d01712a970 8089       1       org.springframework.data.jpa.repository.query.HqlParser$SimplePathContext::accept (26 bytes)
Event: 17.334 Thread 0x000001d01712a970 nmethod 8089 0x000001d00d63d410 code [0x000001d00d63d5e0, 0x000001d00d63d7d8]
Event: 17.334 Thread 0x000001d017038a60 nmethod 8086 0x000001d00d63d890 code [0x000001d00d63db60, 0x000001d00d63e688]
Event: 17.356 Thread 0x000001d05e6c26b0 8090       1       org.antlr.v4.runtime.atn.PredictionMode::allConfigsInRuleStopStates (41 bytes)
Event: 17.357 Thread 0x000001d05e6c26b0 nmethod 8090 0x000001d00d63f090 code [0x000001d00d63f240, 0x000001d00d63f4e8]

GC Heap History (20 events):
Event: 13.809 GC heap after
{Heap after GC invocations=15 (full 0):
 garbage-first heap   total 81920K, used 30546K [0x0000000085800000, 0x0000000100000000)
  region size 1024K, 2 young (2048K), 2 survivors (2048K)
 Metaspace       used 59779K, committed 60288K, reserved 1114112K
  class space    used 8703K, committed 8960K, reserved 1048576K
}
Event: 15.380 GC heap before
{Heap before GC invocations=16 (full 0):
 garbage-first heap   total 81920K, used 66386K [0x0000000085800000, 0x0000000100000000)
  region size 1024K, 37 young (37888K), 2 survivors (2048K)
 Metaspace       used 64040K, committed 64576K, reserved 1114112K
  class space    used 9361K, committed 9600K, reserved 1048576K
}
Event: 15.387 GC heap after
{Heap after GC invocations=17 (full 0):
 garbage-first heap   total 81920K, used 34242K [0x0000000085800000, 0x0000000100000000)
  region size 1024K, 5 young (5120K), 5 survivors (5120K)
 Metaspace       used 64040K, committed 64576K, reserved 1114112K
  class space    used 9361K, committed 9600K, reserved 1048576K
}
Event: 15.972 GC heap before
{Heap before GC invocations=17 (full 0):
 garbage-first heap   total 81920K, used 65986K [0x0000000085800000, 0x0000000100000000)
  region size 1024K, 36 young (36864K), 5 survivors (5120K)
 Metaspace       used 68112K, committed 68672K, reserved 1114112K
  class space    used 10055K, committed 10304K, reserved 1048576K
}
Event: 15.977 GC heap after
{Heap after GC invocations=18 (full 0):
 garbage-first heap   total 81920K, used 36479K [0x0000000085800000, 0x0000000100000000)
  region size 1024K, 3 young (3072K), 3 survivors (3072K)
 Metaspace       used 68112K, committed 68672K, reserved 1114112K
  class space    used 10055K, committed 10304K, reserved 1048576K
}
Event: 16.481 GC heap before
{Heap before GC invocations=18 (full 0):
 garbage-first heap   total 81920K, used 64127K [0x0000000085800000, 0x0000000100000000)
  region size 1024K, 31 young (31744K), 3 survivors (3072K)
 Metaspace       used 72306K, committed 72896K, reserved 1114112K
  class space    used 10851K, committed 11136K, reserved 1048576K
}
Event: 16.486 GC heap after
{Heap after GC invocations=19 (full 0):
 garbage-first heap   total 81920K, used 37854K [0x0000000085800000, 0x0000000100000000)
  region size 1024K, 4 young (4096K), 4 survivors (4096K)
 Metaspace       used 72306K, committed 72896K, reserved 1114112K
  class space    used 10851K, committed 11136K, reserved 1048576K
}
Event: 16.792 GC heap before
{Heap before GC invocations=19 (full 0):
 garbage-first heap   total 81920K, used 66526K [0x0000000085800000, 0x0000000100000000)
  region size 1024K, 32 young (32768K), 4 survivors (4096K)
 Metaspace       used 72797K, committed 73344K, reserved 1114112K
  class space    used 10930K, committed 11200K, reserved 1048576K
}
Event: 16.796 GC heap after
{Heap after GC invocations=20 (full 0):
 garbage-first heap   total 81920K, used 39324K [0x0000000085800000, 0x0000000100000000)
  region size 1024K, 4 young (4096K), 4 survivors (4096K)
 Metaspace       used 72797K, committed 73344K, reserved 1114112K
  class space    used 10930K, committed 11200K, reserved 1048576K
}
Event: 16.913 GC heap before
{Heap before GC invocations=20 (full 0):
 garbage-first heap   total 81920K, used 65948K [0x0000000085800000, 0x0000000100000000)
  region size 1024K, 30 young (30720K), 4 survivors (4096K)
 Metaspace       used 72874K, committed 73408K, reserved 1114112K
  class space    used 10937K, committed 11200K, reserved 1048576K
}
Event: 16.917 GC heap after
{Heap after GC invocations=21 (full 0):
 garbage-first heap   total 119808K, used 40709K [0x0000000085800000, 0x0000000100000000)
  region size 1024K, 3 young (3072K), 3 survivors (3072K)
 Metaspace       used 72874K, committed 73408K, reserved 1114112K
  class space    used 10937K, committed 11200K, reserved 1048576K
}
Event: 17.106 GC heap before
{Heap before GC invocations=21 (full 0):
 garbage-first heap   total 119808K, used 96005K [0x0000000085800000, 0x0000000100000000)
  region size 1024K, 57 young (58368K), 3 survivors (3072K)
 Metaspace       used 72890K, committed 73472K, reserved 1114112K
  class space    used 10941K, committed 11200K, reserved 1048576K
}
Event: 17.114 GC heap after
{Heap after GC invocations=22 (full 0):
 garbage-first heap   total 119808K, used 47992K [0x0000000085800000, 0x0000000100000000)
  region size 1024K, 8 young (8192K), 8 survivors (8192K)
 Metaspace       used 72890K, committed 73472K, reserved 1114112K
  class space    used 10941K, committed 11200K, reserved 1048576K
}
Event: 17.204 GC heap before
{Heap before GC invocations=22 (full 0):
 garbage-first heap   total 119808K, used 94072K [0x0000000085800000, 0x0000000100000000)
  region size 1024K, 52 young (53248K), 8 survivors (8192K)
 Metaspace       used 72890K, committed 73472K, reserved 1114112K
  class space    used 10941K, committed 11200K, reserved 1048576K
}
Event: 17.218 GC heap after
{Heap after GC invocations=23 (full 0):
 garbage-first heap   total 119808K, used 63017K [0x0000000085800000, 0x0000000100000000)
  region size 1024K, 7 young (7168K), 7 survivors (7168K)
 Metaspace       used 72890K, committed 73472K, reserved 1114112K
  class space    used 10941K, committed 11200K, reserved 1048576K
}
Event: 17.263 GC heap before
{Heap before GC invocations=23 (full 0):
 garbage-first heap   total 119808K, used 90665K [0x0000000085800000, 0x0000000100000000)
  region size 1024K, 34 young (34816K), 7 survivors (7168K)
 Metaspace       used 72890K, committed 73472K, reserved 1114112K
  class space    used 10941K, committed 11200K, reserved 1048576K
}
Event: 17.275 GC heap after
{Heap after GC invocations=24 (full 0):
 garbage-first heap   total 119808K, used 73573K [0x0000000085800000, 0x0000000100000000)
  region size 1024K, 5 young (5120K), 5 survivors (5120K)
 Metaspace       used 72890K, committed 73472K, reserved 1114112K
  class space    used 10941K, committed 11200K, reserved 1048576K
}
Event: 17.339 GC heap before
{Heap before GC invocations=25 (full 0):
 garbage-first heap   total 145408K, used 95077K [0x0000000085800000, 0x0000000100000000)
  region size 1024K, 24 young (24576K), 5 survivors (5120K)
 Metaspace       used 72890K, committed 73472K, reserved 1114112K
  class space    used 10941K, committed 11200K, reserved 1048576K
}
Event: 17.348 GC heap after
{Heap after GC invocations=26 (full 0):
 garbage-first heap   total 145408K, used 81182K [0x0000000085800000, 0x0000000100000000)
  region size 1024K, 3 young (3072K), 3 survivors (3072K)
 Metaspace       used 72890K, committed 73472K, reserved 1114112K
  class space    used 10941K, committed 11200K, reserved 1048576K
}
Event: 17.395 GC heap before
{Heap before GC invocations=26 (full 0):
 garbage-first heap   total 145408K, used 108830K [0x0000000085800000, 0x0000000100000000)
  region size 1024K, 30 young (30720K), 3 survivors (3072K)
 Metaspace       used 72890K, committed 73472K, reserved 1114112K
  class space    used 10941K, committed 11200K, reserved 1048576K
}

Dll operation events (12 events):
Event: 0.044 Loaded shared library C:\Users\hp\.jdks\ms-17.0.18\bin\java.dll
Event: 0.075 Loaded shared library C:\Users\hp\.jdks\ms-17.0.18\bin\jsvml.dll
Event: 0.504 Loaded shared library C:\Users\hp\.jdks\ms-17.0.18\bin\zip.dll
Event: 0.508 Loaded shared library C:\Users\hp\.jdks\ms-17.0.18\bin\instrument.dll
Event: 0.522 Loaded shared library C:\Users\hp\.jdks\ms-17.0.18\bin\net.dll
Event: 0.526 Loaded shared library C:\Users\hp\.jdks\ms-17.0.18\bin\nio.dll
Event: 0.542 Loaded shared library C:\Users\hp\.jdks\ms-17.0.18\bin\zip.dll
Event: 1.012 Loaded shared library C:\Users\hp\.jdks\ms-17.0.18\bin\extnet.dll
Event: 1.072 Loaded shared library C:\Users\hp\.jdks\ms-17.0.18\bin\jimage.dll
Event: 2.839 Loaded shared library C:\Users\hp\.jdks\ms-17.0.18\bin\sunmscapi.dll
Event: 7.771 Loaded shared library C:\Users\hp\.jdks\ms-17.0.18\bin\management.dll
Event: 7.775 Loaded shared library C:\Users\hp\.jdks\ms-17.0.18\bin\management_ext.dll

Deoptimization events (8 events):
Event: 8.087 Thread 0x000001d017866d20 DEOPT PACKING pc=0x000001d00cb75c97 sp=0x0000008a58afedd0
Event: 8.088 Thread 0x000001d017866d20 DEOPT UNPACKING pc=0x000001d00c777143 sp=0x0000008a58afe228 mode 3
Event: 8.088 Thread 0x000001d004bb9620 DEOPT PACKING pc=0x000001d00cc6fa81 sp=0x0000008a569fec30
Event: 8.088 Thread 0x000001d004bb9620 DEOPT UNPACKING pc=0x000001d00c777143 sp=0x0000008a569fe0c0 mode 3
Event: 9.895 Thread 0x000001d004bb9620 DEOPT PACKING pc=0x000001d00ccdb31c sp=0x0000008a569fcb50
Event: 9.895 Thread 0x000001d004bb9620 DEOPT UNPACKING pc=0x000001d00c777143 sp=0x0000008a569fc080 mode 0
Event: 12.809 Thread 0x000001d004bb9620 DEOPT PACKING pc=0x000001d00c9c3ef4 sp=0x0000008a569fcee0
Event: 12.809 Thread 0x000001d004bb9620 DEOPT UNPACKING pc=0x000001d00c777143 sp=0x0000008a569fc378 mode 0

Classes loaded (20 events):
Event: 15.718 Loading class java/util/regex/Pattern$NotBehind
Event: 15.718 Loading class java/util/regex/Pattern$NotBehind done
Event: 15.718 Loading class java/util/regex/Pattern$Behind
Event: 15.718 Loading class java/util/regex/Pattern$Behind done
Event: 15.745 Loading class java/util/EmptyStackException
Event: 15.745 Loading class java/util/EmptyStackException done
Event: 15.858 Loading class java/io/InvalidClassException
Event: 15.858 Loading class java/io/InvalidClassException done
Event: 15.871 Loading class java/util/ArrayList$ListItr
Event: 15.871 Loading class java/util/ArrayList$ListItr done
Event: 16.638 Loading class java/lang/invoke/MethodHandleImpl$CountingWrapper$1
Event: 16.646 Loading class java/lang/invoke/MethodHandleImpl$CountingWrapper$1 done
Event: 16.680 Loading class sun/reflect/ReflectionFactory
Event: 16.680 Loading class sun/reflect/ReflectionFactory done
Event: 16.681 Loading class sun/reflect/ReflectionFactory$1
Event: 16.681 Loading class sun/reflect/ReflectionFactory$1 done
Event: 16.681 Loading class java/io/OptionalDataException
Event: 16.681 Loading class java/io/OptionalDataException done
Event: 16.682 Loading class jdk/internal/reflect/SerializationConstructorAccessorImpl
Event: 16.682 Loading class jdk/internal/reflect/SerializationConstructorAccessorImpl done

Classes unloaded (0 events):
No events

Classes redefined (0 events):
No events

Internal exceptions (20 events):
Event: 15.074 Thread 0x000001d004bb9620 Exception <a 'java/lang/IncompatibleClassChangeError'{0x0000000088e43c68}: Found class java.lang.Object, but interface was expected> (0x0000000088e43c68) 
thrown [s\src\hotspot\share\interpreter\linkResolver.cpp, line 826]
Event: 15.657 Thread 0x000001d004bb9620 Exception <a 'java/lang/reflect/InvocationTargetException'{0x000000008a277ca8}> (0x000000008a277ca8) 
thrown [s\src\hotspot\share\runtime\reflection.cpp, line 1128]
Event: 15.688 Thread 0x000001d004bb9620 Exception <a 'java/lang/IncompatibleClassChangeError'{0x000000008a13ff70}: Found class java.lang.Object, but interface was expected> (0x000000008a13ff70) 
thrown [s\src\hotspot\share\interpreter\linkResolver.cpp, line 826]
Event: 15.694 Thread 0x000001d004bb9620 Exception <a 'java/lang/reflect/InvocationTargetException'{0x000000008a1579c0}> (0x000000008a1579c0) 
thrown [s\src\hotspot\share\runtime\reflection.cpp, line 1128]
Event: 15.696 Thread 0x000001d004bb9620 Exception <a 'java/lang/reflect/InvocationTargetException'{0x000000008a160a38}> (0x000000008a160a38) 
thrown [s\src\hotspot\share\runtime\reflection.cpp, line 1128]
Event: 15.697 Thread 0x000001d004bb9620 Exception <a 'java/lang/reflect/InvocationTargetException'{0x000000008a167a18}> (0x000000008a167a18) 
thrown [s\src\hotspot\share\runtime\reflection.cpp, line 1128]
Event: 15.702 Thread 0x000001d004bb9620 Exception <a 'java/lang/reflect/InvocationTargetException'{0x000000008a1818c0}> (0x000000008a1818c0) 
thrown [s\src\hotspot\share\runtime\reflection.cpp, line 1128]
Event: 15.720 Thread 0x000001d004bb9620 Exception <a 'java/lang/IncompatibleClassChangeError'{0x000000008a1ff7e8}: Found class java.lang.Object, but interface was expected> (0x000000008a1ff7e8) 
thrown [s\src\hotspot\share\interpreter\linkResolver.cpp, line 826]
Event: 16.410 Thread 0x000001d004bb9620 Exception <a 'java/lang/reflect/InvocationTargetException'{0x00000000892d1818}> (0x00000000892d1818) 
thrown [s\src\hotspot\share\runtime\reflection.cpp, line 1128]
Event: 16.412 Thread 0x000001d004bb9620 Exception <a 'java/lang/reflect/InvocationTargetException'{0x00000000892dce10}> (0x00000000892dce10) 
thrown [s\src\hotspot\share\runtime\reflection.cpp, line 1128]
Event: 16.416 Thread 0x000001d004bb9620 Exception <a 'java/lang/reflect/InvocationTargetException'{0x00000000892e7228}> (0x00000000892e7228) 
thrown [s\src\hotspot\share\runtime\reflection.cpp, line 1128]
Event: 16.447 Thread 0x000001d004bb9620 Exception <a 'java/lang/reflect/InvocationTargetException'{0x000000008916f3a8}> (0x000000008916f3a8) 
thrown [s\src\hotspot\share\runtime\reflection.cpp, line 1128]
Event: 16.521 Thread 0x000001d004bb9620 Exception <a 'java/lang/reflect/InvocationTargetException'{0x0000000089f77e78}> (0x0000000089f77e78) 
thrown [s\src\hotspot\share\runtime\reflection.cpp, line 1128]
Event: 16.524 Thread 0x000001d004bb9620 Exception <a 'java/lang/reflect/InvocationTargetException'{0x0000000089f84b90}> (0x0000000089f84b90) 
thrown [s\src\hotspot\share\runtime\reflection.cpp, line 1128]
Event: 16.547 Thread 0x000001d004bb9620 Exception <a 'java/lang/reflect/InvocationTargetException'{0x0000000089ce12c8}> (0x0000000089ce12c8) 
thrown [s\src\hotspot\share\runtime\reflection.cpp, line 1128]
Event: 16.552 Thread 0x000001d004bb9620 Exception <a 'java/lang/reflect/InvocationTargetException'{0x0000000089cf31d0}> (0x0000000089cf31d0) 
thrown [s\src\hotspot\share\runtime\reflection.cpp, line 1128]
Event: 16.560 Thread 0x000001d004bb9620 Exception <a 'java/lang/reflect/InvocationTargetException'{0x0000000089b5cca0}> (0x0000000089b5cca0) 
thrown [s\src\hotspot\share\runtime\reflection.cpp, line 1128]
Event: 16.577 Thread 0x000001d004bb9620 Exception <a 'java/lang/reflect/InvocationTargetException'{0x0000000089acc218}> (0x0000000089acc218) 
thrown [s\src\hotspot\share\runtime\reflection.cpp, line 1128]
Event: 16.594 Thread 0x000001d004bb9620 Exception <a 'java/lang/reflect/InvocationTargetException'{0x0000000089725b20}> (0x0000000089725b20) 
thrown [s\src\hotspot\share\runtime\reflection.cpp, line 1128]
Event: 16.633 Thread 0x000001d004bb9620 Exception <a 'java/lang/NoSuchMethodError'{0x0000000089349718}: 'int java.lang.invoke.DirectMethodHandle$Holder.invokeStaticInit(java.lang.Object, int, java.lang.Object, java.lang.Object, java.lang.Object, java.lang.Object)'> (0x0000000089349718) 
thrown [s\src\hotspot\share\interpreter\linkResolver.cpp, line 759]

VM Operations (20 events):
Event: 16.230 Executing VM operation: HandshakeAllThreads done
Event: 16.481 Executing VM operation: G1CollectForAllocation
Event: 16.486 Executing VM operation: G1CollectForAllocation done
Event: 16.791 Executing VM operation: G1CollectForAllocation
Event: 16.796 Executing VM operation: G1CollectForAllocation done
Event: 16.912 Executing VM operation: G1CollectForAllocation
Event: 16.917 Executing VM operation: G1CollectForAllocation done
Event: 17.106 Executing VM operation: G1CollectForAllocation
Event: 17.114 Executing VM operation: G1CollectForAllocation done
Event: 17.204 Executing VM operation: G1CollectForAllocation
Event: 17.218 Executing VM operation: G1CollectForAllocation done
Event: 17.263 Executing VM operation: G1CollectForAllocation
Event: 17.275 Executing VM operation: G1CollectForAllocation done
Event: 17.310 Executing VM operation: G1PauseRemark
Event: 17.314 Executing VM operation: G1PauseRemark done
Event: 17.331 Executing VM operation: G1PauseCleanup
Event: 17.331 Executing VM operation: G1PauseCleanup done
Event: 17.339 Executing VM operation: G1CollectForAllocation
Event: 17.348 Executing VM operation: G1CollectForAllocation done
Event: 17.395 Executing VM operation: G1CollectForAllocation

Memory protections (0 events):
No events

Nmethod flushes (0 events):
No events

Events (20 events):
Event: 0.489 Thread 0x000001d01712d010 Thread added: 0x000001d0171357b0
Event: 0.991 Thread 0x000001d004bb9620 Thread added: 0x000001d0173d13e0
Event: 0.991 Thread 0x000001d004bb9620 Thread added: 0x000001d0173d1e80
Event: 2.238 Thread 0x000001d004bb9620 Thread added: 0x000001d05d0289d0
Event: 3.344 Thread 0x000001d05d0289d0 Thread exited: 0x000001d05d0289d0
Event: 4.993 Thread 0x000001d004bb9620 Thread added: 0x000001d05d556030
Event: 5.046 Thread 0x000001d05d556030 Thread exited: 0x000001d05d556030
Event: 8.081 Thread 0x000001d004bb9620 Thread added: 0x000001d017866d20
Event: 8.086 Thread 0x000001d017866d20 Thread added: 0x000001d05da06040
Event: 8.096 Thread 0x000001d004bb9620 Thread added: 0x000001d05d963340
Event: 9.809 Thread 0x000001d004bb9620 Thread added: 0x000001d05dda4a30
Event: 10.140 Thread 0x000001d004bb9620 Thread added: 0x000001d05dfc93e0
Event: 10.246 Thread 0x000001d05dfc93e0 Thread added: 0x000001d05dfc98f0
Event: 11.923 Thread 0x000001d0171357b0 Thread exited: 0x000001d0171357b0
Event: 12.194 Thread 0x000001d01712d010 Thread exited: 0x000001d01712d010
Event: 12.979 Thread 0x000001d017038a60 Thread added: 0x000001d05e685d40
Event: 13.074 Thread 0x000001d05e685d40 Thread added: 0x000001d05e6c26b0
Event: 14.562 Thread 0x000001d004bb9620 Thread added: 0x000001d05dfc9e00
Event: 14.564 Thread 0x000001d05dfc9e00 Thread exited: 0x000001d05dfc9e00
Event: 15.537 Thread 0x000001d05dfc98f0 Thread exited: 0x000001d05dfc98f0


Dynamic libraries:
0x00007ff7b1250000 - 0x00007ff7b125e000 	C:\Users\hp\.jdks\ms-17.0.18\bin\java.exe
0x00007ff8cdc20000 - 0x00007ff8cde88000 	C:\WINDOWS\SYSTEM32\ntdll.dll
0x00007ff8cce80000 - 0x00007ff8ccf49000 	C:\WINDOWS\System32\KERNEL32.DLL
0x00007ff8ca630000 - 0x00007ff8caa21000 	C:\WINDOWS\System32\KERNELBASE.dll
0x00007ff8cadb0000 - 0x00007ff8caefb000 	C:\WINDOWS\System32\ucrtbase.dll
0x00007ff8c5370000 - 0x00007ff8c5388000 	C:\Users\hp\.jdks\ms-17.0.18\bin\jli.dll
0x00007ff8c5390000 - 0x00007ff8c53ae000 	C:\Users\hp\.jdks\ms-17.0.18\bin\VCRUNTIME140.dll
0x00007ff8cc2f0000 - 0x00007ff8cc4b6000 	C:\WINDOWS\System32\USER32.dll
0x00007ff8cafb0000 - 0x00007ff8cafd7000 	C:\WINDOWS\System32\win32u.dll
0x00007ff8a98b0000 - 0x00007ff8a9b43000 	C:\WINDOWS\WinSxS\amd64_microsoft.windows.common-controls_6595b64144ccf1df_6.0.26100.7824_none_3e0870b2e3345462\COMCTL32.dll
0x00007ff8cd3d0000 - 0x00007ff8cd3fb000 	C:\WINDOWS\System32\GDI32.dll
0x00007ff8cbae0000 - 0x00007ff8cbb89000 	C:\WINDOWS\System32\msvcrt.dll
0x00007ff8ca500000 - 0x00007ff8ca62b000 	C:\WINDOWS\System32\gdi32full.dll
0x00007ff8caf00000 - 0x00007ff8cafa3000 	C:\WINDOWS\System32\msvcp_win.dll
0x00007ff8cbeb0000 - 0x00007ff8cbee1000 	C:\WINDOWS\System32\IMM32.DLL
0x00007ff8c5360000 - 0x00007ff8c536c000 	C:\Users\hp\.jdks\ms-17.0.18\bin\vcruntime140_1.dll
0x00007ff8a3780000 - 0x00007ff8a3809000 	C:\Users\hp\.jdks\ms-17.0.18\bin\msvcp140.dll
0x00007ff812550000 - 0x00007ff8131ca000 	C:\Users\hp\.jdks\ms-17.0.18\bin\server\jvm.dll
0x00007ff8cc4c0000 - 0x00007ff8cc574000 	C:\WINDOWS\System32\ADVAPI32.dll
0x00007ff8cd200000 - 0x00007ff8cd2a6000 	C:\WINDOWS\System32\sechost.dll
0x00007ff8cb9c0000 - 0x00007ff8cbad8000 	C:\WINDOWS\System32\RPCRT4.dll
0x00007ff8cc0d0000 - 0x00007ff8cc144000 	C:\WINDOWS\System32\WS2_32.dll
0x00007ff8b6660000 - 0x00007ff8b666b000 	C:\WINDOWS\SYSTEM32\VERSION.dll
0x00007ff8ca360000 - 0x00007ff8ca3be000 	C:\WINDOWS\SYSTEM32\POWRPROF.dll
0x00007ff8c54d0000 - 0x00007ff8c5505000 	C:\WINDOWS\SYSTEM32\WINMM.dll
0x00007ff8ca340000 - 0x00007ff8ca354000 	C:\WINDOWS\SYSTEM32\UMPDC.dll
0x00007ff8c92a0000 - 0x00007ff8c92bb000 	C:\WINDOWS\SYSTEM32\kernel.appcore.dll
0x00007ff8c5350000 - 0x00007ff8c535a000 	C:\Users\hp\.jdks\ms-17.0.18\bin\jimage.dll
0x00007ff8c8330000 - 0x00007ff8c8572000 	C:\WINDOWS\SYSTEM32\DBGHELP.DLL
0x00007ff8cc590000 - 0x00007ff8cc916000 	C:\WINDOWS\System32\combase.dll
0x00007ff8cbd30000 - 0x00007ff8cbe07000 	C:\WINDOWS\System32\OLEAUT32.dll
0x00007ff8a6630000 - 0x00007ff8a666b000 	C:\WINDOWS\SYSTEM32\dbgcore.DLL
0x00007ff8cafe0000 - 0x00007ff8cb085000 	C:\WINDOWS\System32\bcryptPrimitives.dll
0x00007ff8797f0000 - 0x00007ff8797ff000 	C:\Users\hp\.jdks\ms-17.0.18\bin\instrument.dll
0x00007ff8c5320000 - 0x00007ff8c5346000 	C:\Users\hp\.jdks\ms-17.0.18\bin\java.dll
0x00007ff859140000 - 0x00007ff859216000 	C:\Users\hp\.jdks\ms-17.0.18\bin\jsvml.dll
0x00007ff8cd400000 - 0x00007ff8cdb52000 	C:\WINDOWS\System32\SHELL32.dll
0x00007ff8caa30000 - 0x00007ff8cab9a000 	C:\WINDOWS\System32\wintypes.dll
0x00007ff8cb150000 - 0x00007ff8cb9b3000 	C:\WINDOWS\System32\windows.storage.dll
0x00007ff8cd2d0000 - 0x00007ff8cd3c6000 	C:\WINDOWS\System32\SHCORE.dll
0x00007ff8cd190000 - 0x00007ff8cd1f7000 	C:\WINDOWS\System32\shlwapi.dll
0x00007ff8ca420000 - 0x00007ff8ca449000 	C:\WINDOWS\SYSTEM32\profapi.dll
0x00007ff8a3740000 - 0x00007ff8a3758000 	C:\Users\hp\.jdks\ms-17.0.18\bin\zip.dll
0x00007ff8a7ed0000 - 0x00007ff8a7eeb000 	C:\Users\hp\.jdks\ms-17.0.18\bin\net.dll
0x00007ff8c21e0000 - 0x00007ff8c2307000 	C:\WINDOWS\SYSTEM32\WINHTTP.dll
0x00007ff8c9810000 - 0x00007ff8c987b000 	C:\WINDOWS\system32\mswsock.dll
0x00007ff8a3760000 - 0x00007ff8a3776000 	C:\Users\hp\.jdks\ms-17.0.18\bin\nio.dll
0x00007ff898710000 - 0x00007ff898719000 	C:\Users\hp\.jdks\ms-17.0.18\bin\extnet.dll
0x00007ff8a3720000 - 0x00007ff8a372e000 	C:\Users\hp\.jdks\ms-17.0.18\bin\sunmscapi.dll
0x00007ff8caba0000 - 0x00007ff8cad17000 	C:\WINDOWS\System32\CRYPT32.dll
0x00007ff8c9d00000 - 0x00007ff8c9d30000 	C:\WINDOWS\SYSTEM32\ncrypt.dll
0x00007ff8c9cb0000 - 0x00007ff8c9cef000 	C:\WINDOWS\SYSTEM32\NTASN1.dll
0x00007ff8c9ae0000 - 0x00007ff8c9afb000 	C:\WINDOWS\SYSTEM32\CRYPTSP.dll
0x00007ff8c9200000 - 0x00007ff8c9239000 	C:\WINDOWS\system32\rsaenh.dll
0x00007ff8c98c0000 - 0x00007ff8c98eb000 	C:\WINDOWS\SYSTEM32\USERENV.dll
0x00007ff8ca3f0000 - 0x00007ff8ca41a000 	C:\WINDOWS\SYSTEM32\bcrypt.dll
0x00007ff8c9b00000 - 0x00007ff8c9b0c000 	C:\WINDOWS\SYSTEM32\CRYPTBASE.dll
0x00007ff8c8c80000 - 0x00007ff8c8cb4000 	C:\WINDOWS\SYSTEM32\IPHLPAPI.DLL
0x00007ff8cd2c0000 - 0x00007ff8cd2ca000 	C:\WINDOWS\System32\NSI.dll
0x00007ff8c3e30000 - 0x00007ff8c3e4e000 	C:\WINDOWS\SYSTEM32\dhcpcsvc6.DLL
0x00007ff8c37b0000 - 0x00007ff8c37d3000 	C:\WINDOWS\SYSTEM32\dhcpcsvc.DLL
0x00007ff8c8d10000 - 0x00007ff8c8e3c000 	C:\WINDOWS\SYSTEM32\DNSAPI.dll
0x00007ff8797d0000 - 0x00007ff8797da000 	C:\Users\hp\.jdks\ms-17.0.18\bin\management.dll
0x00007ff879010000 - 0x00007ff87901c000 	C:\Users\hp\.jdks\ms-17.0.18\bin\management_ext.dll
0x00007ff8cc580000 - 0x00007ff8cc588000 	C:\WINDOWS\System32\PSAPI.DLL

dbghelp: loaded successfully - version: 4.0.5 - missing functions: none
symbol engine: initialized successfully - sym options: 0x614 - pdb path: .;C:\Users\hp\.jdks\ms-17.0.18\bin;C:\WINDOWS\SYSTEM32;C:\WINDOWS\WinSxS\amd64_microsoft.windows.common-controls_6595b64144ccf1df_6.0.26100.7824_none_3e0870b2e3345462;C:\Users\hp\.jdks\ms-17.0.18\bin\server

VM Arguments:
jvm_args: -XX:TieredStopAtLevel=1 -Dspring.output.ansi.enabled=always -javaagent:C:\Users\hp\Desktop\IntelliJ IDEA 2025.3\lib\idea_rt.jar=52084 -Dfile.encoding=UTF-8 
java_command: com.esprit.platformepediatricback.PlatformePediatricBackApplication
java_class_path (initial): D:\PlatformePediatricBack\target\classes;C:\Users\hp\.m2\repository\org\springframework\boot\spring-boot-starter-data-jpa\4.0.2\spring-boot-starter-data-jpa-4.0.2.jar;C:\Users\hp\.m2\repository\org\springframework\boot\spring-boot-starter\4.0.2\spring-boot-starter-4.0.2.jar;C:\Users\hp\.m2\repository\org\springframework\boot\spring-boot-starter-logging\4.0.2\spring-boot-starter-logging-4.0.2.jar;C:\Users\hp\.m2\repository\ch\qos\logback\logback-classic\1.5.25\logback-classic-1.5.25.jar;C:\Users\hp\.m2\repository\ch\qos\logback\logback-core\1.5.25\logback-core-1.5.25.jar;C:\Users\hp\.m2\repository\org\apache\logging\log4j\log4j-to-slf4j\2.25.3\log4j-to-slf4j-2.25.3.jar;C:\Users\hp\.m2\repository\org\apache\logging\log4j\log4j-api\2.25.3\log4j-api-2.25.3.jar;C:\Users\hp\.m2\repository\org\slf4j\jul-to-slf4j\2.0.17\jul-to-slf4j-2.0.17.jar;C:\Users\hp\.m2\repository\org\springframework\boot\spring-boot-autoconfigure\4.0.2\spring-boot-autoconfigure-4.0.2.jar;C:\Users\hp\.m2\repository\jakarta\annotation\jakarta.annotation-api\3.0.0\jakarta.annotation-api-3.0.0.jar;C:\Users\hp\.m2\repository\org\yaml\snakeyaml\2.5\snakeyaml-2.5.jar;C:\Users\hp\.m2\repository\org\springframework\boot\spring-boot-starter-jdbc\4.0.2\spring-boot-starter-jdbc-4.0.2.jar;C:\Users\hp\.m2\repository\com\zaxxer\HikariCP\7.0.2\HikariCP-7.0.2.jar;C:\Users\hp\.m2\repository\org\slf4j\slf4j-api\2.0.17\slf4j-api-2.0.17.jar;C:\Users\hp\.m2\repository\org\springframework\boot\spring-boot-data-jpa\4.0.2\spring-boot-data-jpa-4.0.2.jar;C:\Users\hp\.m2\repository\org\springframework\boot\spring-boot-data-commons\4.0.2\spring-boot-data-commons-4.0.2.jar;C:\Users\hp\.m2\repository\org\springframework\boot\spring-boot-persistence\4.0.2\spring-boot-persistence-4.0.2.jar;C:\Users\hp\.m2\repository\org\springframework\data\spring-data-commons\4.0.2\spring-data-commons-4.0.2.jar;C:\Users\hp\.m2\repository\org\springframework\boot\spring-boot-hibernate\4.0.2\spring-boot-hibernate-4.0.2.ja
Launcher Type: SUN_STANDARD

[Global flags]
     intx CICompilerCount                          = 4                                         {product} {ergonomic}
     uint ConcGCThreads                            = 3                                         {product} {ergonomic}
     uint G1ConcRefinementThreads                  = 10                                        {product} {ergonomic}
   size_t G1HeapRegionSize                         = 1048576                                   {product} {ergonomic}
    uintx GCDrainStackTargetSize                   = 64                                        {product} {ergonomic}
   size_t InitialHeapSize                          = 130023424                                 {product} {ergonomic}
   size_t MarkStackSize                            = 4194304                                   {product} {ergonomic}
   size_t MaxHeapSize                              = 2055208960                                {product} {ergonomic}
   size_t MaxNewSize                               = 1233125376                                {product} {ergonomic}
   size_t MinHeapDeltaBytes                        = 1048576                                   {product} {ergonomic}
   size_t MinHeapSize                              = 8388608                                   {product} {ergonomic}
    uintx NonProfiledCodeHeapSize                  = 0                                      {pd product} {ergonomic}
     bool ProfileInterpreter                       = false                                  {pd product} {command line}
    uintx ProfiledCodeHeapSize                     = 0                                      {pd product} {ergonomic}
   size_t SoftMaxHeapSize                          = 2055208960                             {manageable} {ergonomic}
     intx TieredStopAtLevel                        = 1                                         {product} {command line}
     bool UseCompressedClassPointers               = true                           {product lp64_product} {ergonomic}
     bool UseCompressedOops                        = true                           {product lp64_product} {ergonomic}
     bool UseG1GC                                  = true                                      {product} {ergonomic}
     bool UseLargePagesIndividualAllocation        = false                                  {pd product} {ergonomic}

Logging:
Log output configuration:
 #0: stdout all=warning uptime,level,tags
 #1: stderr all=off uptime,level,tags

Environment Variables:
JAVA_HOME=C:\Program Files\Eclipse Adoptium\jdk-17.0.16.8-hotspot
PATH=C:\Program Files (x86)\VMware\VMware Player\bin\;C:\Windows\system32;C:\Windows;C:\Windows\System32\Wbem;C:\Windows\System32\WindowsPowerShell\v1.0\;C:\Users\hp\AppData\Local\Microsoft\WindowsApps;C:\Users\hp\AppData\Local\Programs\Microsoft VS Code\bin;C:\Users\hp\AppData\Local\Programs\IntelliJ IDEA 2025.2\bin;C:\Users\hp\AppData\Roaming\npm;C:\Users\hp\AppData\Local\Programs\Windsurf\bin;C:\gradle\gradle-8.14-bin\gradle-8.14\bin;C:\ProgramData\chocolatey\bin;C:\maven;C:\flutter\bin;C:\Program Files\nodejs\;C:\Program Files\Microsoft SQL Server\170\Tools\Binn\;C:\Program Files\Vagrant\bin;C:\Program Files\Docker\Docker\resources\bin;C:\Users\hp\.dotnet\tools;C:\Program Files\Oracle\VirtualBox;C:\Program Files\Oracle\VirtualBox;D:\minikube;C:\apache-maven-3.9.11\bin;C:\Program Files\Apache\maven\apache-maven-3.9.6\bin;C:\apache-maven-3.9.11\bin;C:\Program Files\Git\cmd;C:\Users\hp\AppData\Local\Programs\Eclipse Adoptium\jdk-25.0.1.8-hotspot\bin;C:\Users\hp\AppData\Local\Microsoft\WindowsApps;C:\Users\hp\AppData\Local\Programs\Microsoft VS Code\bin;C:\Users\hp\Desktop\IntelliJ IDEA 2025.3\bin;C:\Users\hp\AppData\Roaming\npm;C:\Users\hp\.dotnet\tools;C:\Users\hp\AppData\Local\Programs\Windsurf\bin;C:\Programmes\Git\cmd;C:\Programmes\Git\bin;C:\Program Files\Apache Software Foundation;d:\Users\hp\AppData\Local\Programs\cursor\resources\app\bin
USERNAME=hp
OS=Windows_NT
PROCESSOR_IDENTIFIER=Intel64 Family 6 Model 186 Stepping 3, GenuineIntel
TMP=C:\Users\hp\AppData\Local\Temp
TEMP=C:\Users\hp\AppData\Local\Temp



Periodic native trim disabled


---------------  S Y S T E M  ---------------

OS:
 Windows 11 , 64 bit Build 26100 (10.0.26100.7705)
OS uptime: 0 days 11:09 hours
Hyper-V role detected

CPU: total 12 (initial active 12) (6 cores per cpu, 2 threads per core) family 6 model 186 stepping 3 microcode 0x4121, cx8, cmov, fxsr, ht, mmx, 3dnowpref, sse, sse2, sse3, ssse3, sse4.1, sse4.2, popcnt, lzcnt, tsc, tscinvbit, avx, avx2, aes, erms, clmul, bmi1, bmi2, adx, sha, fma, vzeroupper, clflush, clflushopt, clwb, hv
Processor Information for processor 0
  Max Mhz: 1300, Current Mhz: 1300, Mhz Limit: 1300
Processor Information for processor 1
  Max Mhz: 1300, Current Mhz: 1300, Mhz Limit: 1300
Processor Information for processor 2
  Max Mhz: 1300, Current Mhz: 1300, Mhz Limit: 1300
Processor Information for processor 3
  Max Mhz: 1300, Current Mhz: 1300, Mhz Limit: 1300
Processor Information for processor 4
  Max Mhz: 1300, Current Mhz: 900, Mhz Limit: 897
Processor Information for processor 5
  Max Mhz: 1300, Current Mhz: 900, Mhz Limit: 897
Processor Information for processor 6
  Max Mhz: 1300, Current Mhz: 900, Mhz Limit: 897
Processor Information for processor 7
  Max Mhz: 1300, Current Mhz: 900, Mhz Limit: 897
Processor Information for processor 8
  Max Mhz: 1300, Current Mhz: 900, Mhz Limit: 897
Processor Information for processor 9
  Max Mhz: 1300, Current Mhz: 900, Mhz Limit: 897
Processor Information for processor 10
  Max Mhz: 1300, Current Mhz: 900, Mhz Limit: 897
Processor Information for processor 11
  Max Mhz: 1300, Current Mhz: 900, Mhz Limit: 897

Memory: 4k page, system-wide physical 7835M (854M free)
TotalPageFile size 31387M (AvailPageFile size 100M)
current process WorkingSet (physical memory assigned to process): 298M, peak: 303M
current process commit charge ("private bytes"): 349M, peak: 538M

vm_info: OpenJDK 64-Bit Server VM (17.0.18+8-LTS) for windows-amd64 JRE (17.0.18+8-LTS), built on Jan 15 2026 18:50:45 by "MicrosoftCorporation" with MS VC++ 17.14 (VS2022)

END.
