#
# There is insufficient memory for the Java Runtime Environment to continue.
# Native memory allocation (mmap) failed to map 195035136 bytes. Error detail: G1 virtual space
# Possible reasons:
#   The system is out of physical RAM or swap space
#   This process is running with CompressedOops enabled, and the Java Heap may be blocking the growth of the native heap
# Possible solutions:
#   Reduce memory load on the system
#   Increase physical memory or swap space
#   Check if swap backing store is full
#   Decrease Java heap size (-Xmx/-Xms)
#   Decrease number of Java threads
#   Decrease Java thread stack sizes (-Xss)
#   Set larger code cache with -XX:ReservedCodeCacheSize=
#   JVM is running with Unscaled Compressed Oops mode in which the Java heap is
#     placed in the first 4GB address space. The Java Heap base address is the
#     maximum limit for the native heap growth. Please use -XX:HeapBaseMinAddress
#     to set the Java Heap base and to place the Java Heap above 4GB virtual address.
# This output file may be truncated or incomplete.
#
#  Out of Memory Error (os_windows.cpp:3690), pid=4616, tid=5012
#
# JRE version: OpenJDK Runtime Environment Microsoft-13106358 (17.0.18+8) (build 17.0.18+8-LTS)
# Java VM: OpenJDK 64-Bit Server VM Microsoft-13106358 (17.0.18+8-LTS, mixed mode, emulated-client, sharing, tiered, compressed oops, compressed class ptrs, g1 gc, windows-amd64)
# No core dump will be written. Minidumps are not enabled by default on client versions of Windows
#

---------------  S U M M A R Y ------------

Command Line: -XX:TieredStopAtLevel=1 -Dspring.output.ansi.enabled=always -javaagent:C:\Users\hp\Desktop\IntelliJ IDEA 2025.3\lib\idea_rt.jar=51136 -Dfile.encoding=UTF-8 com.esprit.platformepediatricback.PlatformePediatricBackApplication

Host: 13th Gen Intel(R) Core(TM) i5-1334U, 12 cores, 7G,  Windows 11 , 64 bit Build 26100 (10.0.26100.7705)
Time: Fri Apr  3 15:03:59 2026 Paris, Madrid (heure duild 26100 (10.0.26100.7705) elapsed time: 18.613997 seconds (0d 0h 0m 18s)

---------------  T H R E A D  ---------------

Current thread (0x00000198ff041710):  VMThread "VM Thread" [stack: 0x0000001bc4400000,0x0000001bc4500000] [id=5012]

Stack: [0x0000001bc4400000,0x0000001bc4500000]
Native frames: (J=compiled Java code, j=interpreted, Vv=VM code, C=native code)
V  [jvm.dll+0x68c879]  (no source info available)
V  [jvm.dll+0x845979]  (no source info available)
V  [jvm.dll+0x8476e8]  (no source info available)
V  [jvm.dll+0x847d73]  (no source info available)
V  [jvm.dll+0x24cf6f]  (no source info available)
V  [jvm.dll+0x68bc79]  (no source info available)
V  [jvm.dll+0x68023a]  (no source info available)
V  [jvm.dll+0x3101a0]  (no source info available)
V  [jvm.dll+0x310042]  (no source info available)
V  [jvm.dll+0x317599]  (no source info available)
V  [jvm.dll+0x369999]  (no source info available)
V  [jvm.dll+0x369bcd]  (no source info available)
V  [jvm.dll+0x2e69aa]  (no source info available)
V  [jvm.dll+0x2e4da1]  (no source info available)
V  [jvm.dll+0x2e453c]  (no source info available)
V  [jvm.dll+0x328ecb]  (no source info available)
V  [jvm.dll+0x84c5fd]  (no source info available)
V  [jvm.dll+0x84d313]  (no source info available)
V  [jvm.dll+0x84d844]  (no source info available)
V  [jvm.dll+0x84dc28]  (no source info available)
V  [jvm.dll+0x84dd1e]  (no source info available)
V  [jvm.dll+0x7f5ebc]  (no source info available)
V  [jvm.dll+0x68de17]  (no source info available)
C  [ucrtbase.dll+0x37b0]  (no source info available)
C  [KERNEL32.DLL+0x2e8d7]  (no source info available)
C  [ntdll.dll+0x8c40c]  (no source info available)

VM_Operation (0x0000001bc57f8420): G1CollectForAllocation, mode: safepoint, requested by thread 0x00000198ffc58150


---------------  P R O C E S S  ---------------

Threads class SMR info:
_java_thread_list=0x00000198c87a6e70, length=21, elements={
0x00000198eebedcc0, 0x00000198ff046c70, 0x00000198ff047830, 0x00000198ff0612d0,
0x00000198ff061ba0, 0x00000198ff064480, 0x00000198ff064d50, 0x00000198ff0656d0,
0x00000198ff065fe0, 0x00000198ff150830, 0x00000198ff163130, 0x00000198ff163c40,
0x00000198ff7888d0, 0x00000198ff788db0, 0x00000198ffc53030, 0x00000198ffc58150,
0x00000198ff167880, 0x00000198c85da180, 0x00000198c8662ee0, 0x00000198c8661aa0,
0x00000198c86633f0
}

Java Threads: ( => current thread )
  0x00000198eebedcc0 JavaThread "main" [_thread_blocked, id=28216, stack(0x0000001bc3e00000,0x0000001bc3f00000)]
  0x00000198ff046c70 JavaThread "Reference Handler" daemon [_thread_blocked, id=26372, stack(0x0000001bc4500000,0x0000001bc4600000)]
  0x00000198ff047830 JavaThread "Finalizer" daemon [_thread_blocked, id=28124, stack(0x0000001bc4600000,0x0000001bc4700000)]
  0x00000198ff0612d0 JavaThread "Signal Dispatcher" daemon [_thread_blocked, id=16160, stack(0x0000001bc4700000,0x0000001bc4800000)]
  0x00000198ff061ba0 JavaThread "Attach Listener" daemon [_thread_blocked, id=32828, stack(0x0000001bc4800000,0x0000001bc4900000)]
  0x00000198ff064480 JavaThread "Service Thread" daemon [_thread_blocked, id=21376, stack(0x0000001bc4900000,0x0000001bc4a00000)]
  0x00000198ff064d50 JavaThread "Monitor Deflation Thread" daemon [_thread_blocked, id=32724, stack(0x0000001bc4a00000,0x0000001bc4b00000)]
  0x00000198ff0656d0 JavaThread "C1 CompilerThread0" daemon [_thread_blocked, id=23472, stack(0x0000001bc4b00000,0x0000001bc4c00000)]
  0x00000198ff065fe0 JavaThread "Sweeper thread" daemon [_thread_blocked, id=12016, stack(0x0000001bc4c00000,0x0000001bc4d00000)]
  0x00000198ff150830 JavaThread "Common-Cleaner" daemon [_thread_blocked, id=30908, stack(0x0000001bc4d00000,0x0000001bc4e00000)]
  0x00000198ff163130 JavaThread "C1 CompilerThread1" daemon [_thread_blocked, id=26916, stack(0x0000001bc4e00000,0x0000001bc4f00000)]
  0x00000198ff163c40 JavaThread "C1 CompilerThread2" daemon [_thread_blocked, id=14160, stack(0x0000001bc4f00000,0x0000001bc5000000)]
  0x00000198ff7888d0 JavaThread "Monitor Ctrl-Break" daemon [_thread_in_native, id=29768, stack(0x0000001bc5000000,0x0000001bc5100000)]
  0x00000198ff788db0 JavaThread "Notification Thread" daemon [_thread_blocked, id=30688, stack(0x0000001bc5100000,0x0000001bc5200000)]
  0x00000198ffc53030 JavaThread "Thread-0" [_thread_blocked, id=28960, stack(0x0000001bc5600000,0x0000001bc5700000)]
  0x00000198ffc58150 JavaThread "restartedMain" [_thread_blocked, id=33468, stack(0x0000001bc5700000,0x0000001bc5800000)]
  0x00000198ff167880 JavaThread "mysql-cj-abandoned-connection-cleanup" daemon [_thread_blocked, id=7508, stack(0x0000001bc5b00000,0x0000001bc5c00000)]
  0x00000198c85da180 JavaThread "HikariPool-1 housekeeper" daemon [_thread_blocked, id=28300, stack(0x0000001bc6300000,0x0000001bc6400000)]
  0x00000198c8662ee0 JavaThread "Catalina-utility-1" [_thread_blocked, id=32680, stack(0x0000001bc6400000,0x0000001bc6500000)]
  0x00000198c8661aa0 JavaThread "Catalina-utility-2" [_thread_blocked, id=32636, stack(0x0000001bc6500000,0x0000001bc6600000)]
  0x00000198c86633f0 JavaThread "container-0" [_thread_blocked, id=29620, stack(0x0000001bc6600000,0x0000001bc6700000)]

Other Threads:
=>0x00000198ff041710 VMThread "VM Thread" [stack: 0x0000001bc4400000,0x0000001bc4500000] [id=5012]
  0x00000198eebee6f0 WatcherThread [stack: 0x0000001bc5200000,0x0000001bc5300000] [id=22720]
  0x00000198eec45950 GCTaskThread "GC Thread#0" [stack: 0x0000001bc3f00000,0x0000001bc4000000] [id=9832]
  0x00000198ffab79c0 GCTaskThread "GC Thread#1" [stack: 0x0000001bc5300000,0x0000001bc5400000] [id=9136]
  0x00000198ffb6f520 GCTaskThread "GC Thread#2" [stack: 0x0000001bc5400000,0x0000001bc5500000] [id=29200]
  0x00000198ffb70800 GCTaskThread "GC Thread#3" [stack: 0x0000001bc5500000,0x0000001bc5600000] [id=15400]
  0x00000198ffc6a350 GCTaskThread "GC Thread#4" [stack: 0x0000001bc5800000,0x0000001bc5900000] [id=21440]
  0x00000198ffc83c50 GCTaskThread "GC Thread#5" [stack: 0x0000001bc5900000,0x0000001bc5a00000] [id=17880]
  0x00000198c700dd00 GCTaskThread "GC Thread#6" [stack: 0x0000001bc5a00000,0x0000001bc5b00000] [id=2412]
  0x00000198c700d760 GCTaskThread "GC Thread#7" [stack: 0x0000001bc5c00000,0x0000001bc5d00000] [id=31436]
  0x00000198c700da30 GCTaskThread "GC Thread#8" [stack: 0x0000001bc5d00000,0x0000001bc5e00000] [id=18400]
  0x00000198c700e840 GCTaskThread "GC Thread#9" [stack: 0x0000001bc5e00000,0x0000001bc5f00000] [id=28820]
  0x00000198eec55db0 ConcurrentGCThread "G1 Main Marker" [stack: 0x0000001bc4000000,0x0000001bc4100000] [id=28252]
  0x00000198eec594c0 ConcurrentGCThread "G1 Conc#0" [stack: 0x0000001bc4100000,0x0000001bc4200000] [id=19964]
  0x00000198c700eb10 ConcurrentGCThread "G1 Conc#1" [stack: 0x0000001bc6100000,0x0000001bc6200000] [id=31676]
  0x00000198c700ede0 ConcurrentGCThread "G1 Conc#2" [stack: 0x0000001bc6200000,0x0000001bc6300000] [id=30700]
  0x00000198feee31d0 ConcurrentGCThread "G1 Refine#0" [stack: 0x0000001bc4200000,0x0000001bc4300000] [id=23700]
  0x00000198c7259050 ConcurrentGCThread "G1 Refine#1" [stack: 0x0000001bc5f00000,0x0000001bc6000000] [id=18648]
  0x00000198c8ed69e0 ConcurrentGCThread "G1 Refine#2" [stack: 0x0000001bc6000000,0x0000001bc6100000] [id=5728]
  0x00000198c8ed5de0 ConcurrentGCThread "G1 Refine#3" [stack: 0x0000001bc6700000,0x0000001bc6800000] [id=25512]
  0x00000198feee3c10 ConcurrentGCThread "G1 Service" [stack: 0x0000001bc4300000,0x0000001bc4400000] [id=29856]

Threads with active compile tasks:

VM state: at safepoint (normal execution)

VM Mutex/Monitor currently owned by a thread:  ([mutex/lock_event])
[0x00000198eebe82d0] Threads_lock - owner thread: 0x00000198ff041710
[0x00000198eebe9290] Heap_lock - owner thread: 0x00000198ffc58150

Heap address: 0x0000000085800000, size: 1960 MB, Compressed Oops mode: 32-bit

CDS archive(s) mapped at: [0x0000019882000000-0x0000019882bb0000-0x0000019882bb0000), size 12255232, SharedBaseAddress: 0x0000019882000000, ArchiveRelocationMode: 1.
Compressed class space mapped at: 0x0000019883000000-0x00000198c3000000, reserved size: 1073741824
Narrow klass base: 0x0000019882000000, Narrow klass shift: 0, Narrow klass range: 0x100000000

GC Precious Log:
 CPUs: 12 total, 12 available
 Memory: 7835M
 Large Page Support: Disabled
 NUMA Support: Disabled
 Compressed Oops: Enabled (32-bit)
 Heap Region Size: 1M
 Heap Min Capacity: 8M
 Heap Initial Capacity: 124M
 Heap Max Capacity: 1960M
 Pre-touch: Disabled
 Parallel Workers: 10
 Concurrent Workers: 3
 Concurrent Refinement Workers: 10
 Periodic GC: Disabled

Heap:
 garbage-first heap   total 190464K, used 118160K [0x0000000085800000, 0x0000000100000000)
  region size 1024K, 7 young (7168K), 7 survivors (7168K)
 Metaspace       used 70266K, committed 70848K, reserved 1114112K
  class space    used 10433K, committed 10688K, reserved 1048576K

Heap Regions: E=young(eden), S=young(survivor), O=old, HS=humongous(starts), HC=humongous(continues), CS=collection set, F=free, OA=open archive, CA=closed archive, TAMS=top-at-mark-start (previous, next)
|   0|0x0000000085800000, 0x0000000085900000, 0x0000000085900000|100%|HS|  |TAMS 0x0000000085900000, 0x0000000085800000| Complete 
|   1|0x0000000085900000, 0x0000000085a00000, 0x0000000085a00000|100%|HS|  |TAMS 0x0000000085a00000, 0x0000000085900000| Complete 
|   2|0x0000000085a00000, 0x0000000085b00000, 0x0000000085b00000|100%|HS|  |TAMS 0x0000000085b00000, 0x0000000085a00000| Complete 
|   3|0x0000000085b00000, 0x0000000085c00000, 0x0000000085c00000|100%| O|  |TAMS 0x0000000085c00000, 0x0000000085b00000| Untracked 
|   4|0x0000000085c00000, 0x0000000085d00000, 0x0000000085d00000|100%| O|  |TAMS 0x0000000085d00000, 0x0000000085c00000| Untracked 
|   5|0x0000000085d00000, 0x0000000085e00000, 0x0000000085e00000|100%| O|  |TAMS 0x0000000085e00000, 0x0000000085d00000| Untracked 
|   6|0x0000000085e00000, 0x0000000085f00000, 0x0000000085f00000|100%| O|  |TAMS 0x0000000085f00000, 0x0000000085e00000| Untracked 
|   7|0x0000000085f00000, 0x0000000086000000, 0x0000000086000000|100%| O|  |TAMS 0x0000000086000000, 0x0000000085f00000| Untracked 
|   8|0x0000000086000000, 0x0000000086100000, 0x0000000086100000|100%| O|  |TAMS 0x0000000086100000, 0x0000000086000000| Untracked 
|   9|0x0000000086100000, 0x0000000086200000, 0x0000000086200000|100%| O|  |TAMS 0x0000000086200000, 0x0000000086100000| Untracked 
|  10|0x0000000086200000, 0x0000000086300000, 0x0000000086300000|100%| O|  |TAMS 0x0000000086300000, 0x0000000086200000| Untracked 
|  11|0x0000000086300000, 0x0000000086400000, 0x0000000086400000|100%| O|  |TAMS 0x0000000086400000, 0x0000000086300000| Untracked 
|  12|0x0000000086400000, 0x0000000086500000, 0x0000000086500000|100%|HS|  |TAMS 0x0000000086400000, 0x0000000086400000| Complete 
|  13|0x0000000086500000, 0x0000000086600000, 0x0000000086600000|100%| O|  |TAMS 0x0000000086600000, 0x0000000086500000| Untracked 
|  14|0x0000000086600000, 0x0000000086700000, 0x0000000086700000|100%| O|  |TAMS 0x0000000086700000, 0x0000000086600000| Untracked 
|  15|0x0000000086700000, 0x0000000086800000, 0x0000000086800000|100%| O|  |TAMS 0x0000000086800000, 0x0000000086700000| Untracked 
|  16|0x0000000086800000, 0x0000000086900000, 0x0000000086900000|100%| O|  |TAMS 0x0000000086900000, 0x0000000086800000| Untracked 
|  17|0x0000000086900000, 0x0000000086a00000, 0x0000000086a00000|100%| O|  |TAMS 0x0000000086a00000, 0x0000000086900000| Untracked 
|  18|0x0000000086a00000, 0x0000000086b00000, 0x0000000086b00000|100%| O|  |TAMS 0x0000000086a00000, 0x0000000086a00000| Untracked 
|  19|0x0000000086b00000, 0x0000000086c00000, 0x0000000086c00000|100%| O|  |TAMS 0x0000000086c00000, 0x0000000086b00000| Untracked 
|  20|0x0000000086c00000, 0x0000000086d00000, 0x0000000086d00000|100%| O|  |TAMS 0x0000000086d00000, 0x0000000086c00000| Untracked 
|  21|0x0000000086d00000, 0x0000000086e00000, 0x0000000086e00000|100%| O|  |TAMS 0x0000000086e00000, 0x0000000086d00000| Untracked 
|  22|0x0000000086e00000, 0x0000000086f00000, 0x0000000086f00000|100%| O|  |TAMS 0x0000000086f00000, 0x0000000086e00000| Untracked 
|  23|0x0000000086f00000, 0x0000000087000000, 0x0000000087000000|100%| O|  |TAMS 0x0000000087000000, 0x0000000086f00000| Untracked 
|  24|0x0000000087000000, 0x0000000087100000, 0x0000000087100000|100%| O|  |TAMS 0x0000000087100000, 0x0000000087000000| Untracked 
|  25|0x0000000087100000, 0x0000000087200000, 0x0000000087200000|100%| O|  |TAMS 0x0000000087200000, 0x0000000087100000| Untracked 
|  26|0x0000000087200000, 0x0000000087300000, 0x0000000087300000|100%| O|  |TAMS 0x0000000087300000, 0x0000000087200000| Untracked 
|  27|0x0000000087300000, 0x0000000087400000, 0x0000000087400000|100%| O|  |TAMS 0x0000000087400000, 0x0000000087300000| Untracked 
|  28|0x0000000087400000, 0x0000000087500000, 0x0000000087500000|100%| O|  |TAMS 0x0000000087500000, 0x0000000087400000| Untracked 
|  29|0x0000000087500000, 0x0000000087600000, 0x0000000087600000|100%| O|  |TAMS 0x0000000087600000, 0x0000000087500000| Untracked 
|  30|0x0000000087600000, 0x0000000087700000, 0x0000000087700000|100%| O|  |TAMS 0x0000000087700000, 0x0000000087600000| Untracked 
|  31|0x0000000087700000, 0x0000000087800000, 0x0000000087800000|100%| O|  |TAMS 0x0000000087800000, 0x0000000087700000| Untracked 
|  32|0x0000000087800000, 0x0000000087900000, 0x0000000087900000|100%| O|  |TAMS 0x0000000087900000, 0x0000000087800000| Untracked 
|  33|0x0000000087900000, 0x0000000087a00000, 0x0000000087a00000|100%| O|  |TAMS 0x0000000087a00000, 0x0000000087900000| Untracked 
|  34|0x0000000087a00000, 0x0000000087b00000, 0x0000000087b00000|100%| O|  |TAMS 0x0000000087b00000, 0x0000000087a00000| Untracked 
|  35|0x0000000087b00000, 0x0000000087c00000, 0x0000000087c00000|100%| O|  |TAMS 0x0000000087c00000, 0x0000000087b00000| Untracked 
|  36|0x0000000087c00000, 0x0000000087d00000, 0x0000000087d00000|100%| O|  |TAMS 0x0000000087d00000, 0x0000000087c00000| Untracked 
|  37|0x0000000087d00000, 0x0000000087e00000, 0x0000000087e00000|100%| O|  |TAMS 0x0000000087e00000, 0x0000000087d00000| Untracked 
|  38|0x0000000087e00000, 0x0000000087f00000, 0x0000000087f00000|100%| O|  |TAMS 0x0000000087f00000, 0x0000000087e00000| Untracked 
|  39|0x0000000087f00000, 0x0000000088000000, 0x0000000088000000|100%| O|  |TAMS 0x0000000088000000, 0x0000000087f00000| Untracked 
|  40|0x0000000088000000, 0x0000000088100000, 0x0000000088100000|100%| O|  |TAMS 0x0000000088100000, 0x0000000088000000| Untracked 
|  41|0x0000000088100000, 0x0000000088200000, 0x0000000088200000|100%| O|  |TAMS 0x0000000088200000, 0x0000000088100000| Untracked 
|  42|0x0000000088200000, 0x0000000088300000, 0x0000000088300000|100%| O|  |TAMS 0x0000000088300000, 0x0000000088200000| Untracked 
|  43|0x0000000088300000, 0x0000000088400000, 0x0000000088400000|100%| O|  |TAMS 0x0000000088400000, 0x0000000088300000| Untracked 
|  44|0x0000000088400000, 0x0000000088500000, 0x0000000088500000|100%| O|  |TAMS 0x0000000088500000, 0x0000000088400000| Untracked 
|  45|0x0000000088500000, 0x0000000088600000, 0x0000000088600000|100%| O|  |TAMS 0x0000000088600000, 0x0000000088500000| Untracked 
|  46|0x0000000088600000, 0x0000000088700000, 0x0000000088700000|100%| O|  |TAMS 0x0000000088700000, 0x0000000088600000| Untracked 
|  47|0x0000000088700000, 0x0000000088800000, 0x0000000088800000|100%| O|  |TAMS 0x0000000088800000, 0x0000000088700000| Untracked 
|  48|0x0000000088800000, 0x0000000088900000, 0x0000000088900000|100%| O|  |TAMS 0x00000000888b5c00, 0x0000000088800000| Untracked 
|  49|0x0000000088900000, 0x0000000088a00000, 0x0000000088a00000|100%| O|  |TAMS 0x0000000088900000, 0x0000000088900000| Untracked 
|  50|0x0000000088a00000, 0x0000000088b00000, 0x0000000088b00000|100%| O|  |TAMS 0x0000000088a00000, 0x0000000088a00000| Untracked 
|  51|0x0000000088b00000, 0x0000000088c00000, 0x0000000088c00000|100%| O|  |TAMS 0x0000000088b00000, 0x0000000088b00000| Untracked 
|  52|0x0000000088c00000, 0x0000000088d00000, 0x0000000088d00000|100%| O|  |TAMS 0x0000000088c00000, 0x0000000088c00000| Untracked 
|  53|0x0000000088d00000, 0x0000000088e00000, 0x0000000088e00000|100%| O|  |TAMS 0x0000000088d00000, 0x0000000088d00000| Untracked 
|  54|0x0000000088e00000, 0x0000000088f00000, 0x0000000088f00000|100%| O|  |TAMS 0x0000000088e00000, 0x0000000088e00000| Untracked 
|  55|0x0000000088f00000, 0x0000000089000000, 0x0000000089000000|100%| O|  |TAMS 0x0000000088f00000, 0x0000000088f00000| Untracked 
|  56|0x0000000089000000, 0x0000000089100000, 0x0000000089100000|100%| O|  |TAMS 0x0000000089000000, 0x0000000089000000| Untracked 
|  57|0x0000000089100000, 0x0000000089200000, 0x0000000089200000|100%| O|  |TAMS 0x0000000089100000, 0x0000000089100000| Untracked 
|  58|0x0000000089200000, 0x0000000089300000, 0x0000000089300000|100%| O|  |TAMS 0x0000000089200000, 0x0000000089200000| Untracked 
|  59|0x0000000089300000, 0x0000000089400000, 0x0000000089400000|100%| O|  |TAMS 0x0000000089300000, 0x0000000089300000| Untracked 
|  60|0x0000000089400000, 0x0000000089500000, 0x0000000089500000|100%| O|  |TAMS 0x0000000089400000, 0x0000000089400000| Untracked 
|  61|0x0000000089500000, 0x0000000089600000, 0x0000000089600000|100%| O|  |TAMS 0x0000000089500000, 0x0000000089500000| Untracked 
|  62|0x0000000089600000, 0x0000000089700000, 0x0000000089700000|100%| O|  |TAMS 0x0000000089600000, 0x0000000089600000| Untracked 
|  63|0x0000000089700000, 0x0000000089800000, 0x0000000089800000|100%| O|  |TAMS 0x0000000089700000, 0x0000000089700000| Untracked 
|  64|0x0000000089800000, 0x0000000089900000, 0x0000000089900000|100%|HS|  |TAMS 0x0000000089800000, 0x0000000089800000| Complete 
|  65|0x0000000089900000, 0x0000000089a00000, 0x0000000089a00000|100%|HC|  |TAMS 0x0000000089900000, 0x0000000089900000| Complete 
|  66|0x0000000089a00000, 0x0000000089b00000, 0x0000000089b00000|100%| O|  |TAMS 0x0000000089a00000, 0x0000000089a00000| Untracked 
|  67|0x0000000089b00000, 0x0000000089c00000, 0x0000000089c00000|100%| O|  |TAMS 0x0000000089b00000, 0x0000000089b00000| Untracked 
|  68|0x0000000089c00000, 0x0000000089d00000, 0x0000000089d00000|100%| O|  |TAMS 0x0000000089c00000, 0x0000000089c00000| Untracked 
|  69|0x0000000089d00000, 0x0000000089e00000, 0x0000000089e00000|100%| O|  |TAMS 0x0000000089d00000, 0x0000000089d00000| Untracked 
|  70|0x0000000089e00000, 0x0000000089f00000, 0x0000000089f00000|100%| O|  |TAMS 0x0000000089e00000, 0x0000000089e00000| Untracked 
|  71|0x0000000089f00000, 0x000000008a000000, 0x000000008a000000|100%| O|  |TAMS 0x0000000089f00000, 0x0000000089f00000| Untracked 
|  72|0x000000008a000000, 0x000000008a100000, 0x000000008a100000|100%| O|  |TAMS 0x000000008a000000, 0x000000008a000000| Untracked 
|  73|0x000000008a100000, 0x000000008a200000, 0x000000008a200000|100%| O|  |TAMS 0x000000008a100000, 0x000000008a100000| Untracked 
|  74|0x000000008a200000, 0x000000008a300000, 0x000000008a300000|100%| O|  |TAMS 0x000000008a200000, 0x000000008a200000| Untracked 
|  75|0x000000008a300000, 0x000000008a400000, 0x000000008a400000|100%| O|  |TAMS 0x000000008a300000, 0x000000008a300000| Untracked 
|  76|0x000000008a400000, 0x000000008a500000, 0x000000008a500000|100%| O|  |TAMS 0x000000008a400000, 0x000000008a400000| Untracked 
|  77|0x000000008a500000, 0x000000008a600000, 0x000000008a600000|100%| O|  |TAMS 0x000000008a500000, 0x000000008a500000| Untracked 
|  78|0x000000008a600000, 0x000000008a700000, 0x000000008a700000|100%| O|  |TAMS 0x000000008a600000, 0x000000008a600000| Untracked 
|  79|0x000000008a700000, 0x000000008a800000, 0x000000008a800000|100%| O|  |TAMS 0x000000008a700000, 0x000000008a700000| Untracked 
|  80|0x000000008a800000, 0x000000008a900000, 0x000000008a900000|100%| O|  |TAMS 0x000000008a800000, 0x000000008a800000| Untracked 
|  81|0x000000008a900000, 0x000000008aa00000, 0x000000008aa00000|100%| O|  |TAMS 0x000000008a900000, 0x000000008a900000| Untracked 
|  82|0x000000008aa00000, 0x000000008ab00000, 0x000000008ab00000|100%| O|  |TAMS 0x000000008aa00000, 0x000000008aa00000| Untracked 
|  83|0x000000008ab00000, 0x000000008ac00000, 0x000000008ac00000|100%| O|  |TAMS 0x000000008ab00000, 0x000000008ab00000| Untracked 
|  84|0x000000008ac00000, 0x000000008ad00000, 0x000000008ad00000|100%| O|  |TAMS 0x000000008ac00000, 0x000000008ac00000| Untracked 
|  85|0x000000008ad00000, 0x000000008ae00000, 0x000000008ae00000|100%| O|  |TAMS 0x000000008ad00000, 0x000000008ad00000| Untracked 
|  86|0x000000008ae00000, 0x000000008af00000, 0x000000008af00000|100%| O|  |TAMS 0x000000008ae00000, 0x000000008ae00000| Untracked 
|  87|0x000000008af00000, 0x000000008b000000, 0x000000008b000000|100%| O|  |TAMS 0x000000008af00000, 0x000000008af00000| Untracked 
|  88|0x000000008b000000, 0x000000008b100000, 0x000000008b100000|100%| O|  |TAMS 0x000000008b000000, 0x000000008b000000| Untracked 
|  89|0x000000008b100000, 0x000000008b200000, 0x000000008b200000|100%| O|  |TAMS 0x000000008b100000, 0x000000008b100000| Untracked 
|  90|0x000000008b200000, 0x000000008b300000, 0x000000008b300000|100%| O|  |TAMS 0x000000008b200000, 0x000000008b200000| Untracked 
|  91|0x000000008b300000, 0x000000008b400000, 0x000000008b400000|100%| O|  |TAMS 0x000000008b300000, 0x000000008b300000| Untracked 
|  92|0x000000008b400000, 0x000000008b500000, 0x000000008b500000|100%| O|  |TAMS 0x000000008b400000, 0x000000008b400000| Untracked 
|  93|0x000000008b500000, 0x000000008b600000, 0x000000008b600000|100%| O|  |TAMS 0x000000008b500000, 0x000000008b500000| Untracked 
|  94|0x000000008b600000, 0x000000008b700000, 0x000000008b700000|100%| O|  |TAMS 0x000000008b600000, 0x000000008b600000| Untracked 
|  95|0x000000008b700000, 0x000000008b800000, 0x000000008b800000|100%| O|  |TAMS 0x000000008b700000, 0x000000008b700000| Untracked 
|  96|0x000000008b800000, 0x000000008b900000, 0x000000008b900000|100%| O|  |TAMS 0x000000008b800000, 0x000000008b800000| Untracked 
|  97|0x000000008b900000, 0x000000008ba00000, 0x000000008ba00000|100%| O|  |TAMS 0x000000008b900000, 0x000000008b900000| Untracked 
|  98|0x000000008ba00000, 0x000000008bb00000, 0x000000008bb00000|100%| O|  |TAMS 0x000000008ba00000, 0x000000008ba00000| Untracked 
|  99|0x000000008bb00000, 0x000000008bc00000, 0x000000008bc00000|100%| O|  |TAMS 0x000000008bb00000, 0x000000008bb00000| Untracked 
| 100|0x000000008bc00000, 0x000000008bd00000, 0x000000008bd00000|100%| O|  |TAMS 0x000000008bc00000, 0x000000008bc00000| Untracked 
| 101|0x000000008bd00000, 0x000000008be00000, 0x000000008be00000|100%| O|  |TAMS 0x000000008bd00000, 0x000000008bd00000| Untracked 
| 102|0x000000008be00000, 0x000000008bf00000, 0x000000008bf00000|100%| O|  |TAMS 0x000000008be00000, 0x000000008be00000| Untracked 
| 103|0x000000008bf00000, 0x000000008c000000, 0x000000008c000000|100%| O|  |TAMS 0x000000008bf00000, 0x000000008bf00000| Untracked 
| 104|0x000000008c000000, 0x000000008c100000, 0x000000008c100000|100%| O|  |TAMS 0x000000008c000000, 0x000000008c000000| Untracked 
| 105|0x000000008c100000, 0x000000008c200000, 0x000000008c200000|100%| O|  |TAMS 0x000000008c100000, 0x000000008c100000| Untracked 
| 106|0x000000008c200000, 0x000000008c300000, 0x000000008c300000|100%| O|  |TAMS 0x000000008c200000, 0x000000008c200000| Untracked 
| 107|0x000000008c300000, 0x000000008c400000, 0x000000008c400000|100%| O|  |TAMS 0x000000008c300000, 0x000000008c300000| Untracked 
| 108|0x000000008c400000, 0x000000008c464200, 0x000000008c500000| 39%| O|  |TAMS 0x000000008c400000, 0x000000008c400000| Untracked 
| 109|0x000000008c500000, 0x000000008c500000, 0x000000008c600000|  0%| F|  |TAMS 0x000000008c500000, 0x000000008c500000| Untracked 
| 110|0x000000008c600000, 0x000000008c600000, 0x000000008c700000|  0%| F|  |TAMS 0x000000008c600000, 0x000000008c600000| Untracked 
| 111|0x000000008c700000, 0x000000008c700000, 0x000000008c800000|  0%| F|  |TAMS 0x000000008c700000, 0x000000008c700000| Untracked 
| 112|0x000000008c800000, 0x000000008c800000, 0x000000008c900000|  0%| F|  |TAMS 0x000000008c800000, 0x000000008c800000| Untracked 
| 113|0x000000008c900000, 0x000000008c900000, 0x000000008ca00000|  0%| F|  |TAMS 0x000000008c900000, 0x000000008c900000| Untracked 
| 114|0x000000008ca00000, 0x000000008ca00000, 0x000000008cb00000|  0%| F|  |TAMS 0x000000008ca00000, 0x000000008ca00000| Untracked 
| 115|0x000000008cb00000, 0x000000008cb00000, 0x000000008cc00000|  0%| F|  |TAMS 0x000000008cb00000, 0x000000008cb00000| Untracked 
| 116|0x000000008cc00000, 0x000000008cc00000, 0x000000008cd00000|  0%| F|  |TAMS 0x000000008cc00000, 0x000000008cc00000| Untracked 
| 117|0x000000008cd00000, 0x000000008cd00000, 0x000000008ce00000|  0%| F|  |TAMS 0x000000008cd00000, 0x000000008cd00000| Untracked 
| 118|0x000000008ce00000, 0x000000008ce00000, 0x000000008cf00000|  0%| F|  |TAMS 0x000000008ce00000, 0x000000008ce00000| Untracked 
| 119|0x000000008cf00000, 0x000000008cf00000, 0x000000008d000000|  0%| F|  |TAMS 0x000000008cf00000, 0x000000008cf00000| Untracked 
| 120|0x000000008d000000, 0x000000008d000000, 0x000000008d100000|  0%| F|  |TAMS 0x000000008d000000, 0x000000008d000000| Untracked 
| 121|0x000000008d100000, 0x000000008d100000, 0x000000008d200000|  0%| F|  |TAMS 0x000000008d100000, 0x000000008d100000| Untracked 
| 122|0x000000008d200000, 0x000000008d200000, 0x000000008d300000|  0%| F|  |TAMS 0x000000008d200000, 0x000000008d200000| Untracked 
| 123|0x000000008d300000, 0x000000008d300000, 0x000000008d400000|  0%| F|  |TAMS 0x000000008d300000, 0x000000008d300000| Untracked 
| 124|0x000000008d400000, 0x000000008d400000, 0x000000008d500000|  0%| F|  |TAMS 0x000000008d400000, 0x000000008d400000| Untracked 
| 125|0x000000008d500000, 0x000000008d500000, 0x000000008d600000|  0%| F|  |TAMS 0x000000008d500000, 0x000000008d500000| Untracked 
| 126|0x000000008d600000, 0x000000008d600000, 0x000000008d700000|  0%| F|  |TAMS 0x000000008d600000, 0x000000008d600000| Untracked 
| 127|0x000000008d700000, 0x000000008d700000, 0x000000008d800000|  0%| F|  |TAMS 0x000000008d700000, 0x000000008d700000| Untracked 
| 128|0x000000008d800000, 0x000000008d800000, 0x000000008d900000|  0%| F|  |TAMS 0x000000008d800000, 0x000000008d800000| Untracked 
| 129|0x000000008d900000, 0x000000008d900000, 0x000000008da00000|  0%| F|  |TAMS 0x000000008d900000, 0x000000008d900000| Untracked 
| 130|0x000000008da00000, 0x000000008da00000, 0x000000008db00000|  0%| F|  |TAMS 0x000000008da00000, 0x000000008da00000| Untracked 
| 131|0x000000008db00000, 0x000000008db00000, 0x000000008dc00000|  0%| F|  |TAMS 0x000000008db00000, 0x000000008db00000| Untracked 
| 132|0x000000008dc00000, 0x000000008dc00000, 0x000000008dd00000|  0%| F|  |TAMS 0x000000008dc00000, 0x000000008dc00000| Untracked 
| 133|0x000000008dd00000, 0x000000008dd00000, 0x000000008de00000|  0%| F|  |TAMS 0x000000008dd00000, 0x000000008dd00000| Untracked 
| 134|0x000000008de00000, 0x000000008de00000, 0x000000008df00000|  0%| F|  |TAMS 0x000000008de00000, 0x000000008de00000| Untracked 
| 135|0x000000008df00000, 0x000000008df00000, 0x000000008e000000|  0%| F|  |TAMS 0x000000008df00000, 0x000000008df00000| Untracked 
| 136|0x000000008e000000, 0x000000008e000000, 0x000000008e100000|  0%| F|  |TAMS 0x000000008e000000, 0x000000008e000000| Untracked 
| 137|0x000000008e100000, 0x000000008e100000, 0x000000008e200000|  0%| F|  |TAMS 0x000000008e100000, 0x000000008e100000| Untracked 
| 138|0x000000008e200000, 0x000000008e200000, 0x000000008e300000|  0%| F|  |TAMS 0x000000008e200000, 0x000000008e200000| Untracked 
| 139|0x000000008e300000, 0x000000008e400000, 0x000000008e400000|100%| S|CS|TAMS 0x000000008e300000, 0x000000008e300000| Complete 
| 140|0x000000008e400000, 0x000000008e500000, 0x000000008e500000|100%| S|CS|TAMS 0x000000008e400000, 0x000000008e400000| Complete 
| 141|0x000000008e500000, 0x000000008e600000, 0x000000008e600000|100%| S|CS|TAMS 0x000000008e500000, 0x000000008e500000| Complete 
| 142|0x000000008e600000, 0x000000008e700000, 0x000000008e700000|100%| S|CS|TAMS 0x000000008e600000, 0x000000008e600000| Complete 
| 143|0x000000008e700000, 0x000000008e800000, 0x000000008e800000|100%| S|CS|TAMS 0x000000008e700000, 0x000000008e700000| Complete 
| 144|0x000000008e800000, 0x000000008e900000, 0x000000008e900000|100%| S|CS|TAMS 0x000000008e800000, 0x000000008e800000| Complete 
| 145|0x000000008e900000, 0x000000008ea00000, 0x000000008ea00000|100%| S|CS|TAMS 0x000000008e900000, 0x000000008e900000| Complete 
| 146|0x000000008ea00000, 0x000000008ea00000, 0x000000008eb00000|  0%| F|  |TAMS 0x000000008ea00000, 0x000000008ea00000| Untracked 
| 147|0x000000008eb00000, 0x000000008eb00000, 0x000000008ec00000|  0%| F|  |TAMS 0x000000008eb00000, 0x000000008eb00000| Untracked 
| 148|0x000000008ec00000, 0x000000008ec00000, 0x000000008ed00000|  0%| F|  |TAMS 0x000000008ec00000, 0x000000008ec00000| Untracked 
| 149|0x000000008ed00000, 0x000000008ed00000, 0x000000008ee00000|  0%| F|  |TAMS 0x000000008ed00000, 0x000000008ed00000| Untracked 
| 150|0x000000008ee00000, 0x000000008ee00000, 0x000000008ef00000|  0%| F|  |TAMS 0x000000008ee00000, 0x000000008ee00000| Untracked 
| 151|0x000000008ef00000, 0x000000008ef00000, 0x000000008f000000|  0%| F|  |TAMS 0x000000008ef00000, 0x000000008ef00000| Untracked 
| 152|0x000000008f000000, 0x000000008f000000, 0x000000008f100000|  0%| F|  |TAMS 0x000000008f000000, 0x000000008f000000| Untracked 
| 153|0x000000008f100000, 0x000000008f100000, 0x000000008f200000|  0%| F|  |TAMS 0x000000008f100000, 0x000000008f100000| Untracked 
| 154|0x000000008f200000, 0x000000008f200000, 0x000000008f300000|  0%| F|  |TAMS 0x000000008f200000, 0x000000008f200000| Untracked 
| 155|0x000000008f300000, 0x000000008f300000, 0x000000008f400000|  0%| F|  |TAMS 0x000000008f300000, 0x000000008f300000| Untracked 
| 156|0x000000008f400000, 0x000000008f400000, 0x000000008f500000|  0%| F|  |TAMS 0x000000008f400000, 0x000000008f400000| Untracked 
| 157|0x000000008f500000, 0x000000008f500000, 0x000000008f600000|  0%| F|  |TAMS 0x000000008f500000, 0x000000008f500000| Untracked 
| 158|0x000000008f600000, 0x000000008f600000, 0x000000008f700000|  0%| F|  |TAMS 0x000000008f600000, 0x000000008f600000| Untracked 
| 159|0x000000008f700000, 0x000000008f700000, 0x000000008f800000|  0%| F|  |TAMS 0x000000008f700000, 0x000000008f700000| Untracked 
| 160|0x000000008f800000, 0x000000008f800000, 0x000000008f900000|  0%| F|  |TAMS 0x000000008f800000, 0x000000008f800000| Untracked 
| 161|0x000000008f900000, 0x000000008f900000, 0x000000008fa00000|  0%| F|  |TAMS 0x000000008f900000, 0x000000008f900000| Untracked 
| 162|0x000000008fa00000, 0x000000008fa00000, 0x000000008fb00000|  0%| F|  |TAMS 0x000000008fa00000, 0x000000008fa00000| Untracked 
| 163|0x000000008fb00000, 0x000000008fb00000, 0x000000008fc00000|  0%| F|  |TAMS 0x000000008fb00000, 0x000000008fb00000| Untracked 
| 164|0x000000008fc00000, 0x000000008fc00000, 0x000000008fd00000|  0%| F|  |TAMS 0x000000008fc00000, 0x000000008fc00000| Untracked 
| 165|0x000000008fd00000, 0x000000008fd00000, 0x000000008fe00000|  0%| F|  |TAMS 0x000000008fd00000, 0x000000008fd00000| Untracked 
| 166|0x000000008fe00000, 0x000000008fe00000, 0x000000008ff00000|  0%| F|  |TAMS 0x000000008fe00000, 0x000000008fe00000| Untracked 
| 167|0x000000008ff00000, 0x000000008ff00000, 0x0000000090000000|  0%| F|  |TAMS 0x000000008ff00000, 0x000000008ff00000| Untracked 
| 168|0x0000000090000000, 0x0000000090000000, 0x0000000090100000|  0%| F|  |TAMS 0x0000000090000000, 0x0000000090000000| Untracked 
| 169|0x0000000090100000, 0x0000000090100000, 0x0000000090200000|  0%| F|  |TAMS 0x0000000090100000, 0x0000000090100000| Untracked 
| 170|0x0000000090200000, 0x0000000090200000, 0x0000000090300000|  0%| F|  |TAMS 0x0000000090200000, 0x0000000090200000| Untracked 
| 171|0x0000000090300000, 0x0000000090300000, 0x0000000090400000|  0%| F|  |TAMS 0x0000000090300000, 0x0000000090300000| Untracked 
| 172|0x0000000090400000, 0x0000000090400000, 0x0000000090500000|  0%| F|  |TAMS 0x0000000090400000, 0x0000000090400000| Untracked 
| 173|0x0000000090500000, 0x0000000090500000, 0x0000000090600000|  0%| F|  |TAMS 0x0000000090500000, 0x0000000090500000| Untracked 
| 174|0x0000000090600000, 0x0000000090600000, 0x0000000090700000|  0%| F|  |TAMS 0x0000000090600000, 0x0000000090600000| Untracked 
| 175|0x0000000090700000, 0x0000000090700000, 0x0000000090800000|  0%| F|  |TAMS 0x0000000090700000, 0x0000000090700000| Untracked 
| 176|0x0000000090800000, 0x0000000090800000, 0x0000000090900000|  0%| F|  |TAMS 0x0000000090800000, 0x0000000090800000| Untracked 
| 177|0x0000000090900000, 0x0000000090900000, 0x0000000090a00000|  0%| F|  |TAMS 0x0000000090900000, 0x0000000090900000| Untracked 
| 178|0x0000000090a00000, 0x0000000090a00000, 0x0000000090b00000|  0%| F|  |TAMS 0x0000000090a00000, 0x0000000090a00000| Untracked 
| 179|0x0000000090b00000, 0x0000000090b00000, 0x0000000090c00000|  0%| F|  |TAMS 0x0000000090b00000, 0x0000000090b00000| Untracked 
| 180|0x0000000090c00000, 0x0000000090c00000, 0x0000000090d00000|  0%| F|  |TAMS 0x0000000090c00000, 0x0000000090c00000| Untracked 
| 181|0x0000000090d00000, 0x0000000090d00000, 0x0000000090e00000|  0%| F|  |TAMS 0x0000000090d00000, 0x0000000090d00000| Untracked 
| 182|0x0000000090e00000, 0x0000000090e00000, 0x0000000090f00000|  0%| F|  |TAMS 0x0000000090e00000, 0x0000000090e00000| Untracked 
| 183|0x0000000090f00000, 0x0000000090f00000, 0x0000000091000000|  0%| F|  |TAMS 0x0000000090f00000, 0x0000000090f00000| Untracked 
| 184|0x0000000091000000, 0x0000000091000000, 0x0000000091100000|  0%| F|  |TAMS 0x0000000091000000, 0x0000000091000000| Untracked 
| 185|0x0000000091100000, 0x0000000091100000, 0x0000000091200000|  0%| F|  |TAMS 0x0000000091100000, 0x0000000091100000| Untracked 

Card table byte_map: [0x00000198f9e60000,0x00000198fa240000] _byte_map_base: 0x00000198f9a34000

Marking Bits (Prev, Next): (CMBitMap*) 0x00000198eec45f80, (CMBitMap*) 0x00000198eec45fc0
 Prev Bits: [0x00000198fa620000, 0x00000198fc4c0000)
 Next Bits: [0x00000198fc4c0000, 0x00000198fe360000)

Polling page: 0x00000198ece00000

Metaspace:

Usage:
  Non-class:     58.43 MB used.
      Class:     10.19 MB used.
       Both:     68.62 MB used.

Virtual space:
  Non-class space:       64.00 MB reserved,      58.75 MB ( 92%) committed,  1 nodes.
      Class space:        1.00 GB reserved,      10.44 MB (  1%) committed,  1 nodes.
             Both:        1.06 GB reserved,      69.19 MB (  6%) committed. 

Chunk freelists:
   Non-Class:  5.09 MB
       Class:  5.39 MB
        Both:  10.48 MB

MaxMetaspaceSize: unlimited
CompressedClassSpaceSize: 1.00 GB
Initial GC threshold: 21.00 MB
Current GC threshold: 111.38 MB
CDS: on
MetaspaceReclaimPolicy: balanced
 - commit_granule_bytes: 65536.
 - commit_granule_words: 8192.
 - virtual_space_node_default_size: 8388608.
 - enlarge_chunks_in_place: 1.
 - new_chunks_are_fully_committed: 0.
 - uncommit_free_chunks: 1.
 - use_allocation_guard: 0.
 - handle_deallocations: 1.


Internal statistics:

num_allocs_failed_limit: 6.
num_arena_births: 842.
num_arena_deaths: 0.
num_vsnodes_births: 2.
num_vsnodes_deaths: 0.
num_space_committed: 1107.
num_space_uncommitted: 0.
num_chunks_returned_to_freelist: 6.
num_chunks_taken_from_freelist: 3532.
num_chunk_merges: 6.
num_chunk_splits: 2560.
num_chunks_enlarged: 1985.
num_inconsistent_stats: 0.

CodeCache: size=49152Kb used=15360Kb max_used=15360Kb free=33792Kb
 bounds [0x00000198f6750000, 0x00000198f7650000, 0x00000198f9750000]
 total_blobs=9014 nmethods=8333 adapters=604
 compilation: enabled
              stopped_count=0, restarted_count=0
 full_count=0

Compilation events (20 events):
Event: 16.939 Thread 0x00000198ff163c40 8324       1       java.util.regex.Pattern$CharPredicate$$Lambda$1373/0x000001988354a180::is (15 bytes)
Event: 16.939 Thread 0x00000198ff163130 8325       1       java.util.regex.Pattern$CharPredicate::lambda$union$1 (26 bytes)
Event: 16.940 Thread 0x00000198ff163130 nmethod 8325 0x00000198f764cf90 code [0x00000198f764d140, 0x00000198f764d298]
Event: 16.940 Thread 0x00000198ff163c40 nmethod 8324 0x00000198f764d390 code [0x00000198f764d540, 0x00000198f764d6f8]
Event: 16.940 Thread 0x00000198ff163130 8326       1       java.util.regex.CharPredicates$$Lambda$1371/0x0000019883549ca0::is (9 bytes)
Event: 16.940 Thread 0x00000198ff163c40 8327       1       java.util.regex.CharPredicates::lambda$ctype$17 (21 bytes)
Event: 16.940 Thread 0x00000198ff0656d0 8328       1       java.util.regex.CharPredicates$$Lambda$93/0x000001988309de40::is (5 bytes)
Event: 16.940 Thread 0x00000198ff163c40 nmethod 8327 0x00000198f764d810 code [0x00000198f764d9a0, 0x00000198f764dad8]
Event: 16.940 Thread 0x00000198ff0656d0 nmethod 8328 0x00000198f764db90 code [0x00000198f764dd20, 0x00000198f764de98]
Event: 16.940 Thread 0x00000198ff163c40 8329       1       java.util.regex.CharPredicates::lambda$ASCII_WORD$19 (20 bytes)
Event: 16.940 Thread 0x00000198ff0656d0 8330       1       java.util.regex.ASCII::isWord (7 bytes)
Event: 16.940 Thread 0x00000198ff163130 nmethod 8326 0x00000198f764df90 code [0x00000198f764e120, 0x00000198f764e278]
Event: 16.941 Thread 0x00000198ff0656d0 nmethod 8330 0x00000198f764e390 code [0x00000198f764e520, 0x00000198f764e638]
Event: 16.941 Thread 0x00000198ff163c40 nmethod 8329 0x00000198f764e710 code [0x00000198f764e8a0, 0x00000198f764e9d8]
Event: 16.979 Thread 0x00000198ff163c40 8331       1       org.antlr.v4.runtime.misc.FlexibleHashMap::<init> (60 bytes)
Event: 16.979 Thread 0x00000198ff163c40 nmethod 8331 0x00000198f764ea90 code [0x00000198f764ec60, 0x00000198f764ef08]
Event: 16.984 Thread 0x00000198ff163c40 8332       1       org.antlr.v4.runtime.atn.PredictionMode::allConfigsInRuleStopStates (41 bytes)
Event: 16.984 Thread 0x00000198ff163c40 nmethod 8332 0x00000198f764f010 code [0x00000198f764f1c0, 0x00000198f764f468]
Event: 16.987 Thread 0x00000198ff0656d0 8333       1       org.antlr.v4.runtime.atn.PredictionMode::hasSLLConflictTerminatingPrediction (109 bytes)
Event: 16.988 Thread 0x00000198ff0656d0 nmethod 8333 0x00000198f764f610 code [0x00000198f764f820, 0x00000198f764fcd8]

GC Heap History (20 events):
Event: 14.996 GC heap after
{Heap after GC invocations=21 (full 0):
 garbage-first heap   total 81920K, used 43549K [0x0000000085800000, 0x0000000100000000)
  region size 1024K, 3 young (3072K), 3 survivors (3072K)
 Metaspace       used 61490K, committed 62016K, reserved 1114112K
  class space    used 8952K, committed 9216K, reserved 1048576K
}
Event: 15.662 GC heap before
{Heap before GC invocations=21 (full 0):
 garbage-first heap   total 81920K, used 66077K [0x0000000085800000, 0x0000000100000000)
  region size 1024K, 26 young (26624K), 3 survivors (3072K)
 Metaspace       used 64434K, committed 65024K, reserved 1114112K
  class space    used 9343K, committed 9600K, reserved 1048576K
}
Event: 15.667 GC heap after
{Heap after GC invocations=22 (full 0):
 garbage-first heap   total 81920K, used 45798K [0x0000000085800000, 0x0000000100000000)
  region size 1024K, 3 young (3072K), 3 survivors (3072K)
 Metaspace       used 64434K, committed 65024K, reserved 1114112K
  class space    used 9343K, committed 9600K, reserved 1048576K
}
Event: 16.229 GC heap before
{Heap before GC invocations=23 (full 0):
 garbage-first heap   total 81920K, used 65254K [0x0000000085800000, 0x0000000100000000)
  region size 1024K, 23 young (23552K), 3 survivors (3072K)
 Metaspace       used 67448K, committed 68032K, reserved 1114112K
  class space    used 10024K, committed 10304K, reserved 1048576K
}
Event: 16.233 GC heap after
{Heap after GC invocations=24 (full 0):
 garbage-first heap   total 81920K, used 48852K [0x0000000085800000, 0x0000000100000000)
  region size 1024K, 3 young (3072K), 3 survivors (3072K)
 Metaspace       used 67448K, committed 68032K, reserved 1114112K
  class space    used 10024K, committed 10304K, reserved 1048576K
}
Event: 16.235 GC heap before
{Heap before GC invocations=24 (full 0):
 garbage-first heap   total 81920K, used 49876K [0x0000000085800000, 0x0000000100000000)
  region size 1024K, 4 young (4096K), 3 survivors (3072K)
 Metaspace       used 67448K, committed 68032K, reserved 1114112K
  class space    used 10024K, committed 10304K, reserved 1048576K
}
Event: 16.237 GC heap after
{Heap after GC invocations=25 (full 0):
 garbage-first heap   total 81920K, used 49641K [0x0000000085800000, 0x0000000100000000)
  region size 1024K, 1 young (1024K), 1 survivors (1024K)
 Metaspace       used 67448K, committed 68032K, reserved 1114112K
  class space    used 10024K, committed 10304K, reserved 1048576K
}
Event: 16.271 GC heap before
{Heap before GC invocations=25 (full 0):
 garbage-first heap   total 81920K, used 67049K [0x0000000085800000, 0x0000000100000000)
  region size 1024K, 18 young (18432K), 1 survivors (1024K)
 Metaspace       used 67456K, committed 68032K, reserved 1114112K
  class space    used 10024K, committed 10304K, reserved 1048576K
}
Event: 16.272 GC heap after
{Heap after GC invocations=26 (full 0):
 garbage-first heap   total 81920K, used 50254K [0x0000000085800000, 0x0000000100000000)
  region size 1024K, 2 young (2048K), 2 survivors (2048K)
 Metaspace       used 67456K, committed 68032K, reserved 1114112K
  class space    used 10024K, committed 10304K, reserved 1048576K
}
Event: 16.518 GC heap before
{Heap before GC invocations=27 (full 0):
 garbage-first heap   total 91136K, used 65614K [0x0000000085800000, 0x0000000100000000)
  region size 1024K, 18 young (18432K), 2 survivors (2048K)
 Metaspace       used 69612K, committed 70144K, reserved 1114112K
  class space    used 10321K, committed 10560K, reserved 1048576K
}
Event: 16.520 GC heap after
{Heap after GC invocations=28 (full 0):
 garbage-first heap   total 190464K, used 51142K [0x0000000085800000, 0x0000000100000000)
  region size 1024K, 3 young (3072K), 3 survivors (3072K)
 Metaspace       used 69612K, committed 70144K, reserved 1114112K
  class space    used 10321K, committed 10560K, reserved 1048576K
}
Event: 16.531 GC heap before
{Heap before GC invocations=28 (full 0):
 garbage-first heap   total 190464K, used 57286K [0x0000000085800000, 0x0000000100000000)
  region size 1024K, 9 young (9216K), 3 survivors (3072K)
 Metaspace       used 69612K, committed 70144K, reserved 1114112K
  class space    used 10321K, committed 10560K, reserved 1048576K
}
Event: 16.535 GC heap after
{Heap after GC invocations=29 (full 0):
 garbage-first heap   total 190464K, used 53199K [0x0000000085800000, 0x0000000100000000)
  region size 1024K, 2 young (2048K), 2 survivors (2048K)
 Metaspace       used 69612K, committed 70144K, reserved 1114112K
  class space    used 10321K, committed 10560K, reserved 1048576K
}
Event: 16.968 GC heap before
{Heap before GC invocations=29 (full 0):
 garbage-first heap   total 190464K, used 142287K [0x0000000085800000, 0x0000000100000000)
  region size 1024K, 89 young (91136K), 2 survivors (2048K)
 Metaspace       used 70266K, committed 70848K, reserved 1114112K
  class space    used 10433K, committed 10688K, reserved 1048576K
}
Event: 16.977 GC heap after
{Heap after GC invocations=30 (full 0):
 garbage-first heap   total 190464K, used 60876K [0x0000000085800000, 0x0000000100000000)
  region size 1024K, 10 young (10240K), 10 survivors (10240K)
 Metaspace       used 70266K, committed 70848K, reserved 1114112K
  class space    used 10433K, committed 10688K, reserved 1048576K
}
Event: 17.167 GC heap before
{Heap before GC invocations=30 (full 0):
 garbage-first heap   total 190464K, used 148940K [0x0000000085800000, 0x0000000100000000)
  region size 1024K, 95 young (97280K), 10 survivors (10240K)
 Metaspace       used 70266K, committed 70848K, reserved 1114112K
  class space    used 10433K, committed 10688K, reserved 1048576K
}
Event: 17.183 GC heap after
{Heap after GC invocations=31 (full 0):
 garbage-first heap   total 190464K, used 77146K [0x0000000085800000, 0x0000000100000000)
  region size 1024K, 12 young (12288K), 12 survivors (12288K)
 Metaspace       used 70266K, committed 70848K, reserved 1114112K
  class space    used 10433K, committed 10688K, reserved 1048576K
}
Event: 17.406 GC heap before
{Heap before GC invocations=31 (full 0):
 garbage-first heap   total 190464K, used 140634K [0x0000000085800000, 0x0000000100000000)
  region size 1024K, 72 young (73728K), 12 survivors (12288K)
 Metaspace       used 70266K, committed 70848K, reserved 1114112K
  class space    used 10433K, committed 10688K, reserved 1048576K
}
Event: 17.425 GC heap after
{Heap after GC invocations=32 (full 0):
 garbage-first heap   total 190464K, used 100541K [0x0000000085800000, 0x0000000100000000)
  region size 1024K, 9 young (9216K), 9 survivors (9216K)
 Metaspace       used 70266K, committed 70848K, reserved 1114112K
  class space    used 10433K, committed 10688K, reserved 1048576K
}
Event: 17.535 GC heap before
{Heap before GC invocations=32 (full 0):
 garbage-first heap   total 190464K, used 141501K [0x0000000085800000, 0x0000000100000000)
  region size 1024K, 49 young (50176K), 9 survivors (9216K)
 Metaspace       used 70266K, committed 70848K, reserved 1114112K
  class space    used 10433K, committed 10688K, reserved 1048576K
}

Dll operation events (13 events):
Event: 0.034 Loaded shared library C:\Users\hp\.jdks\ms-17.0.18\bin\java.dll
Event: 0.062 Loaded shared library C:\Users\hp\.jdks\ms-17.0.18\bin\jsvml.dll
Event: 0.785 Loaded shared library C:\Users\hp\.jdks\ms-17.0.18\bin\zip.dll
Event: 0.792 Loaded shared library C:\Users\hp\.jdks\ms-17.0.18\bin\instrument.dll
Event: 0.799 Loaded shared library C:\Users\hp\.jdks\ms-17.0.18\bin\net.dll
Event: 0.801 Loaded shared library C:\Users\hp\.jdks\ms-17.0.18\bin\nio.dll
Event: 0.809 Loaded shared library C:\Users\hp\.jdks\ms-17.0.18\bin\zip.dll
Event: 1.689 Loaded shared library C:\Users\hp\.jdks\ms-17.0.18\bin\extnet.dll
Event: 1.740 Loaded shared library C:\Users\hp\.jdks\ms-17.0.18\bin\jimage.dll
Event: 2.706 Loaded shared library C:\Users\hp\.jdks\ms-17.0.18\bin\management.dll
Event: 2.716 Loaded shared library C:\Users\hp\.jdks\ms-17.0.18\bin\management_ext.dll
Event: 5.381 Loaded shared library C:\Users\hp\.jdks\ms-17.0.18\bin\sunmscapi.dll
Event: 11.586 Loaded shared library C:\Users\hp\.jdks\ms-17.0.18\bin\verify.dll

Deoptimization events (6 events):
Event: 10.686 Thread 0x00000198ffc58150 DEOPT PACKING pc=0x00000198f6c7cb19 sp=0x0000001bc57fb7d0
Event: 10.686 Thread 0x00000198ffc58150 DEOPT UNPACKING pc=0x00000198f67a7143 sp=0x0000001bc57fac70 mode 3
Event: 10.686 Thread 0x00000198c85da180 DEOPT PACKING pc=0x00000198f6c6102f sp=0x0000001bc63fed90
Event: 10.686 Thread 0x00000198c85da180 DEOPT UNPACKING pc=0x00000198f67a7143 sp=0x0000001bc63fe1f8 mode 3
Event: 13.747 Thread 0x00000198ffc58150 DEOPT PACKING pc=0x00000198f725035c sp=0x0000001bc57fc260
Event: 13.747 Thread 0x00000198ffc58150 DEOPT UNPACKING pc=0x00000198f67a7143 sp=0x0000001bc57fb700 mode 0

Classes loaded (20 events):
Event: 15.740 Loading class java/util/EmptyStackException
Event: 15.741 Loading class java/util/EmptyStackException done
Event: 15.913 Loading class java/io/InvalidClassException
Event: 15.913 Loading class java/io/InvalidClassException done
Event: 15.938 Loading class java/util/ArrayList$ListItr
Event: 15.939 Loading class java/util/ArrayList$ListItr done
Event: 16.446 Loading class java/lang/Character$UnicodeBlock
Event: 16.446 Loading class java/lang/Character$Subset
Event: 16.447 Loading class java/lang/Character$Subset done
Event: 16.447 Loading class java/lang/Character$UnicodeBlock done
Event: 16.782 Loading class java/lang/invoke/MethodHandleImpl$CountingWrapper$1
Event: 16.782 Loading class java/lang/invoke/MethodHandleImpl$CountingWrapper$1 done
Event: 16.801 Loading class sun/reflect/ReflectionFactory
Event: 16.801 Loading class sun/reflect/ReflectionFactory done
Event: 16.801 Loading class sun/reflect/ReflectionFactory$1
Event: 16.801 Loading class sun/reflect/ReflectionFactory$1 done
Event: 16.802 Loading class java/io/OptionalDataException
Event: 16.802 Loading class java/io/OptionalDataException done
Event: 16.802 Loading class jdk/internal/reflect/SerializationConstructorAccessorImpl
Event: 16.803 Loading class jdk/internal/reflect/SerializationConstructorAccessorImpl done

Classes unloaded (0 events):
No events

Classes redefined (0 events):
No events

Internal exceptions (20 events):
Event: 15.620 Thread 0x00000198ffc58150 Exception <a 'java/lang/reflect/InvocationTargetException'{0x000000008915d4e0}> (0x000000008915d4e0) 
thrown [s\src\hotspot\share\runtime\reflection.cpp, line 1128]
Event: 16.442 Thread 0x00000198ffc58150 Exception <a 'java/lang/reflect/InvocationTargetException'{0x000000008addcc40}> (0x000000008addcc40) 
thrown [s\src\hotspot\share\runtime\reflection.cpp, line 1128]
Event: 16.448 Thread 0x00000198ffc58150 Exception <a 'java/lang/NoSuchMethodError'{0x000000008ac385a8}: 'int java.lang.invoke.DirectMethodHandle$Holder.invokeStatic(java.lang.Object, java.lang.Object, int)'> (0x000000008ac385a8) 
thrown [s\src\hotspot\share\interpreter\linkResolver.cpp, line 759]
Event: 16.454 Thread 0x00000198ffc58150 Exception <a 'java/lang/IncompatibleClassChangeError'{0x000000008ac7ca18}: Found class java.lang.Object, but interface was expected> (0x000000008ac7ca18) 
thrown [s\src\hotspot\share\interpreter\linkResolver.cpp, line 826]
Event: 16.455 Thread 0x00000198ffc58150 Exception <a 'java/lang/IncompatibleClassChangeError'{0x000000008ac83560}: Found class java.lang.Object, but interface was expected> (0x000000008ac83560) 
thrown [s\src\hotspot\share\interpreter\linkResolver.cpp, line 826]
Event: 16.487 Thread 0x00000198ffc58150 Exception <a 'java/lang/reflect/InvocationTargetException'{0x000000008ab445d0}> (0x000000008ab445d0) 
thrown [s\src\hotspot\share\runtime\reflection.cpp, line 1128]
Event: 16.488 Thread 0x00000198ffc58150 Exception <a 'java/lang/reflect/InvocationTargetException'{0x000000008ab4ec20}> (0x000000008ab4ec20) 
thrown [s\src\hotspot\share\runtime\reflection.cpp, line 1128]
Event: 16.490 Thread 0x00000198ffc58150 Exception <a 'java/lang/reflect/InvocationTargetException'{0x000000008ab61000}> (0x000000008ab61000) 
thrown [s\src\hotspot\share\runtime\reflection.cpp, line 1128]
Event: 16.491 Thread 0x00000198ffc58150 Exception <a 'java/lang/reflect/InvocationTargetException'{0x000000008ab72be8}> (0x000000008ab72be8) 
thrown [s\src\hotspot\share\runtime\reflection.cpp, line 1128]
Event: 16.492 Thread 0x00000198ffc58150 Exception <a 'java/lang/reflect/InvocationTargetException'{0x000000008ab84208}> (0x000000008ab84208) 
thrown [s\src\hotspot\share\runtime\reflection.cpp, line 1128]
Event: 16.509 Thread 0x00000198ffc58150 Exception <a 'java/lang/reflect/InvocationTargetException'{0x000000008a491ad0}> (0x000000008a491ad0) 
thrown [s\src\hotspot\share\runtime\reflection.cpp, line 1128]
Event: 16.658 Thread 0x00000198ffc58150 Exception <a 'java/lang/reflect/InvocationTargetException'{0x000000008f548658}> (0x000000008f548658) 
thrown [s\src\hotspot\share\runtime\reflection.cpp, line 1128]
Event: 16.680 Thread 0x00000198ffc58150 Exception <a 'java/lang/reflect/InvocationTargetException'{0x000000008f195528}> (0x000000008f195528) 
thrown [s\src\hotspot\share\runtime\reflection.cpp, line 1128]
Event: 16.690 Thread 0x00000198ffc58150 Exception <a 'java/lang/reflect/InvocationTargetException'{0x000000008f0e6f58}> (0x000000008f0e6f58) 
thrown [s\src\hotspot\share\runtime\reflection.cpp, line 1128]
Event: 16.695 Thread 0x00000198ffc58150 Exception <a 'java/lang/reflect/InvocationTargetException'{0x000000008f0fa7c8}> (0x000000008f0fa7c8) 
thrown [s\src\hotspot\share\runtime\reflection.cpp, line 1128]
Event: 16.696 Thread 0x00000198ffc58150 Exception <a 'java/lang/reflect/InvocationTargetException'{0x000000008ef06b48}> (0x000000008ef06b48) 
thrown [s\src\hotspot\share\runtime\reflection.cpp, line 1128]
Event: 16.697 Thread 0x00000198ffc58150 Exception <a 'java/lang/reflect/InvocationTargetException'{0x000000008ef15858}> (0x000000008ef15858) 
thrown [s\src\hotspot\share\runtime\reflection.cpp, line 1128]
Event: 16.711 Thread 0x00000198ffc58150 Exception <a 'java/lang/reflect/InvocationTargetException'{0x000000008ecf9b30}> (0x000000008ecf9b30) 
thrown [s\src\hotspot\share\runtime\reflection.cpp, line 1128]
Event: 16.754 Thread 0x00000198ffc58150 Exception <a 'java/lang/reflect/InvocationTargetException'{0x000000008dc46dc0}> (0x000000008dc46dc0) 
thrown [s\src\hotspot\share\runtime\reflection.cpp, line 1128]
Event: 16.775 Thread 0x00000198ffc58150 Exception <a 'java/lang/NoSuchMethodError'{0x000000008db8af68}: 'int java.lang.invoke.DirectMethodHandle$Holder.invokeStaticInit(java.lang.Object, int, java.lang.Object, java.lang.Object, java.lang.Object, java.lang.Object)'> (0x000000008db8af68) 
thrown [s\src\hotspot\share\interpreter\linkResolver.cpp, line 759]

VM Operations (20 events):
Event: 16.237 Executing VM operation: G1CollectForAllocation done
Event: 16.271 Executing VM operation: G1CollectForAllocation
Event: 16.272 Executing VM operation: G1CollectForAllocation done
Event: 16.303 Executing VM operation: G1PauseRemark
Event: 16.309 Executing VM operation: G1PauseRemark done
Event: 16.336 Executing VM operation: G1PauseCleanup
Event: 16.337 Executing VM operation: G1PauseCleanup done
Event: 16.365 Executing VM operation: HandshakeAllThreads
Event: 16.365 Executing VM operation: HandshakeAllThreads done
Event: 16.517 Executing VM operation: G1CollectForAllocation
Event: 16.520 Executing VM operation: G1CollectForAllocation done
Event: 16.531 Executing VM operation: G1CollectForAllocation
Event: 16.535 Executing VM operation: G1CollectForAllocation done
Event: 16.968 Executing VM operation: G1CollectForAllocation
Event: 16.977 Executing VM operation: G1CollectForAllocation done
Event: 17.167 Executing VM operation: G1CollectForAllocation
Event: 17.183 Executing VM operation: G1CollectForAllocation done
Event: 17.406 Executing VM operation: G1CollectForAllocation
Event: 17.425 Executing VM operation: G1CollectForAllocation done
Event: 17.535 Executing VM operation: G1CollectForAllocation

Memory protections (0 events):
No events

Nmethod flushes (0 events):
No events

Events (20 events):
Event: 1.585 Thread 0x00000198eebedcc0 Thread added: 0x00000198ff788db0
Event: 2.794 Thread 0x00000198eebedcc0 Thread added: 0x00000198ffc53030
Event: 2.798 Thread 0x00000198ffc53030 Thread added: 0x00000198ffc58150
Event: 3.745 Thread 0x00000198ffc58150 Thread added: 0x00000198c716b6f0
Event: 3.797 Thread 0x00000198c716b6f0 Thread exited: 0x00000198c716b6f0
Event: 4.000 Thread 0x00000198ffc58150 Thread added: 0x00000198c71a09b0
Event: 4.775 Thread 0x00000198ff163c40 Thread added: 0x00000198c74abf60
Event: 5.113 Thread 0x00000198ffc58150 Thread added: 0x00000198c759c830
Event: 5.323 Thread 0x00000198c759c830 Thread exited: 0x00000198c759c830
Event: 5.432 Thread 0x00000198c71a09b0 Thread exited: 0x00000198c71a09b0
Event: 10.012 Thread 0x00000198ffc58150 Thread added: 0x00000198ff167880
Event: 10.683 Thread 0x00000198ffc58150 Thread added: 0x00000198c85da180
Event: 10.684 Thread 0x00000198c74abf60 Thread exited: 0x00000198c74abf60
Event: 10.797 Thread 0x00000198c85da180 Thread added: 0x00000198c74abf60
Event: 10.842 Thread 0x00000198ffc58150 Thread added: 0x00000198c8662ee0
Event: 10.843 Thread 0x00000198c8662ee0 Thread added: 0x00000198c8661aa0
Event: 10.848 Thread 0x00000198ffc58150 Thread added: 0x00000198c86633f0
Event: 14.772 Thread 0x00000198ffc58150 Thread added: 0x00000198c8663900
Event: 14.773 Thread 0x00000198c8663900 Thread exited: 0x00000198c8663900
Event: 16.184 Thread 0x00000198c74abf60 Thread exited: 0x00000198c74abf60


Dynamic libraries:
0x00007ff672f90000 - 0x00007ff672f9e000 	C:\Users\hp\.jdks\ms-17.0.18\bin\java.exe
0x00007ff8e72e0000 - 0x00007ff8e7548000 	C:\WINDOWS\SYSTEM32\ntdll.dll
0x00007ff8e6110000 - 0x00007ff8e61d9000 	C:\WINDOWS\System32\KERNEL32.DLL
0x00007ff8e40a0000 - 0x00007ff8e4491000 	C:\WINDOWS\System32\KERNELBASE.dll
0x00007ff8e3cf0000 - 0x00007ff8e3e3b000 	C:\WINDOWS\System32\ucrtbase.dll
0x00007ff8de8c0000 - 0x00007ff8de8de000 	C:\Users\hp\.jdks\ms-17.0.18\bin\VCRUNTIME140.dll
0x00007ff8de8a0000 - 0x00007ff8de8b8000 	C:\Users\hp\.jdks\ms-17.0.18\bin\jli.dll
0x00007ff8e6fd0000 - 0x00007ff8e7196000 	C:\WINDOWS\System32\USER32.dll
0x00007ff8e3e40000 - 0x00007ff8e3e67000 	C:\WINDOWS\System32\win32u.dll
0x00007ff8e7200000 - 0x00007ff8e722b000 	C:\WINDOWS\System32\GDI32.dll
0x00007ff8e3bc0000 - 0x00007ff8e3ceb000 	C:\WINDOWS\System32\gdi32full.dll
0x00007ff8e3e70000 - 0x00007ff8e3f13000 	C:\WINDOWS\System32\msvcp_win.dll
0x00007ff8c17d0000 - 0x00007ff8c1a63000 	C:\WINDOWS\WinSxS\amd64_microsoft.windows.common-controls_6595b64144ccf1df_6.0.26100.7824_none_3e0870b2e3345462\COMCTL32.dll
0x00007ff8e5f00000 - 0x00007ff8e5fa9000 	C:\WINDOWS\System32\msvcrt.dll
0x00007ff8e71c0000 - 0x00007ff8e71f1000 	C:\WINDOWS\System32\IMM32.DLL
0x00007ff8de950000 - 0x00007ff8de95c000 	C:\Users\hp\.jdks\ms-17.0.18\bin\vcruntime140_1.dll
0x00007ff8b84b0000 - 0x00007ff8b8539000 	C:\Users\hp\.jdks\ms-17.0.18\bin\msvcp140.dll
0x00007ff842b80000 - 0x00007ff8437fa000 	C:\Users\hp\.jdks\ms-17.0.18\bin\server\jvm.dll
0x00007ff8e6f10000 - 0x00007ff8e6fc4000 	C:\WINDOWS\System32\ADVAPI32.dll
0x00007ff8e5ab0000 - 0x00007ff8e5b56000 	C:\WINDOWS\System32\sechost.dll
0x00007ff8e5c00000 - 0x00007ff8e5d18000 	C:\WINDOWS\System32\RPCRT4.dll
0x00007ff8e57e0000 - 0x00007ff8e5854000 	C:\WINDOWS\System32\WS2_32.dll
0x00007ff8cfac0000 - 0x00007ff8cfacb000 	C:\WINDOWS\SYSTEM32\VERSION.dll
0x00007ff8e3a20000 - 0x00007ff8e3a7e000 	C:\WINDOWS\SYSTEM32\POWRPROF.dll
0x00007ff8deba0000 - 0x00007ff8debd5000 	C:\WINDOWS\SYSTEM32\WINMM.dll
0x00007ff8e3a00000 - 0x00007ff8e3a14000 	C:\WINDOWS\SYSTEM32\UMPDC.dll
0x00007ff8e2960000 - 0x00007ff8e297b000 	C:\WINDOWS\SYSTEM32\kernel.appcore.dll
0x00007ff8de830000 - 0x00007ff8de83a000 	C:\Users\hp\.jdks\ms-17.0.18\bin\jimage.dll
0x00007ff8e1a50000 - 0x00007ff8e1c92000 	C:\WINDOWS\SYSTEM32\DBGHELP.DLL
0x00007ff8e6a10000 - 0x00007ff8e6d96000 	C:\WINDOWS\System32\combase.dll
0x00007ff8e61e0000 - 0x00007ff8e62b7000 	C:\WINDOWS\System32\OLEAUT32.dll
0x00007ff8be950000 - 0x00007ff8be98b000 	C:\WINDOWS\SYSTEM32\dbgcore.DLL
0x00007ff8e46a0000 - 0x00007ff8e4745000 	C:\WINDOWS\System32\bcryptPrimitives.dll
0x00007ff8bfd00000 - 0x00007ff8bfd0f000 	C:\Users\hp\.jdks\ms-17.0.18\bin\instrument.dll
0x00007ff8b8480000 - 0x00007ff8b84a6000 	C:\Users\hp\.jdks\ms-17.0.18\bin\java.dll
0x00007ff877010000 - 0x00007ff8770e6000 	C:\Users\hp\.jdks\ms-17.0.18\bin\jsvml.dll
0x00007ff8e5080000 - 0x00007ff8e57d2000 	C:\WINDOWS\System32\SHELL32.dll
0x00007ff8e44a0000 - 0x00007ff8e460a000 	C:\WINDOWS\System32\wintypes.dll
0x00007ff8e4750000 - 0x00007ff8e4fb3000 	C:\WINDOWS\System32\windows.storage.dll
0x00007ff8e6480000 - 0x00007ff8e6576000 	C:\WINDOWS\System32\SHCORE.dll
0x00007ff8e5b60000 - 0x00007ff8e5bc7000 	C:\WINDOWS\System32\shlwapi.dll
0x00007ff8e3ae0000 - 0x00007ff8e3b09000 	C:\WINDOWS\SYSTEM32\profapi.dll
0x00007ff8c0ea0000 - 0x00007ff8c0eb8000 	C:\Users\hp\.jdks\ms-17.0.18\bin\zip.dll
0x00007ff8c3e10000 - 0x00007ff8c3e2b000 	C:\Users\hp\.jdks\ms-17.0.18\bin\net.dll
0x00007ff8d9380000 - 0x00007ff8d94a7000 	C:\WINDOWS\SYSTEM32\WINHTTP.dll
0x00007ff8e2ed0000 - 0x00007ff8e2f3b000 	C:\WINDOWS\system32\mswsock.dll
0x00007ff8c39e0000 - 0x00007ff8c39f6000 	C:\Users\hp\.jdks\ms-17.0.18\bin\nio.dll
0x00007ff8c3980000 - 0x00007ff8c3989000 	C:\Users\hp\.jdks\ms-17.0.18\bin\extnet.dll
0x00007ff8bef00000 - 0x00007ff8bef0a000 	C:\Users\hp\.jdks\ms-17.0.18\bin\management.dll
0x00007ff8beef0000 - 0x00007ff8beefc000 	C:\Users\hp\.jdks\ms-17.0.18\bin\management_ext.dll
0x00007ff8e62d0000 - 0x00007ff8e62d8000 	C:\WINDOWS\System32\PSAPI.DLL
0x00007ff8e2390000 - 0x00007ff8e23c4000 	C:\WINDOWS\SYSTEM32\IPHLPAPI.DLL
0x00007ff8e6100000 - 0x00007ff8e610a000 	C:\WINDOWS\System32\NSI.dll
0x00007ff8dd2d0000 - 0x00007ff8dd2ee000 	C:\WINDOWS\SYSTEM32\dhcpcsvc6.DLL
0x00007ff8da730000 - 0x00007ff8da753000 	C:\WINDOWS\SYSTEM32\dhcpcsvc.DLL
0x00007ff8e2430000 - 0x00007ff8e255c000 	C:\WINDOWS\SYSTEM32\DNSAPI.dll
0x00007ff8d2220000 - 0x00007ff8d222b000 	C:\Windows\System32\rasadhlp.dll
0x00007ff8ddec0000 - 0x00007ff8ddf46000 	C:\WINDOWS\System32\fwpuclnt.dll
0x00007ff8c3e00000 - 0x00007ff8c3e0e000 	C:\Users\hp\.jdks\ms-17.0.18\bin\sunmscapi.dll
0x00007ff8e3f20000 - 0x00007ff8e4097000 	C:\WINDOWS\System32\CRYPT32.dll
0x00007ff8e33c0000 - 0x00007ff8e33f0000 	C:\WINDOWS\SYSTEM32\ncrypt.dll
0x00007ff8e3370000 - 0x00007ff8e33af000 	C:\WINDOWS\SYSTEM32\NTASN1.dll
0x00007ff8e31a0000 - 0x00007ff8e31bb000 	C:\WINDOWS\SYSTEM32\CRYPTSP.dll
0x00007ff8e28c0000 - 0x00007ff8e28f9000 	C:\WINDOWS\system32\rsaenh.dll
0x00007ff8e2f80000 - 0x00007ff8e2fab000 	C:\WINDOWS\SYSTEM32\USERENV.dll
0x00007ff8e3ab0000 - 0x00007ff8e3ada000 	C:\WINDOWS\SYSTEM32\bcrypt.dll
0x00007ff8e31c0000 - 0x00007ff8e31cc000 	C:\WINDOWS\SYSTEM32\CRYPTBASE.dll
0x00007ff8bc140000 - 0x00007ff8bc150000 	C:\Users\hp\.jdks\ms-17.0.18\bin\verify.dll

dbghelp: loaded successfully - version: 4.0.5 - missing functions: none
symbol engine: initialized successfully - sym options: 0x614 - pdb path: .;C:\Users\hp\.jdks\ms-17.0.18\bin;C:\WINDOWS\SYSTEM32;C:\WINDOWS\WinSxS\amd64_microsoft.windows.common-controls_6595b64144ccf1df_6.0.26100.7824_none_3e0870b2e3345462;C:\Users\hp\.jdks\ms-17.0.18\bin\server

VM Arguments:
jvm_args: -XX:TieredStopAtLevel=1 -Dspring.output.ansi.enabled=always -javaagent:C:\Users\hp\Desktop\IntelliJ IDEA 2025.3\lib\idea_rt.jar=51136 -Dfile.encoding=UTF-8 
java_command: com.esprit.platformepediatricback.PlatformePediatricBackApplication
java_class_path (initial): D:\Platform-Pediatric-pidev-pediatric-platform\Platform-Pediatric-pidev-pediatric-platform\Back\target\classes;C:\Users\hp\.m2\repository\org\springframework\boot\spring-boot-starter-data-jpa\3.4.0\spring-boot-starter-data-jpa-3.4.0.jar;C:\Users\hp\.m2\repository\org\springframework\boot\spring-boot-starter\3.4.0\spring-boot-starter-3.4.0.jar;C:\Users\hp\.m2\repository\org\springframework\boot\spring-boot-starter-logging\3.4.0\spring-boot-starter-logging-3.4.0.jar;C:\Users\hp\.m2\repository\ch\qos\logback\logback-classic\1.5.12\logback-classic-1.5.12.jar;C:\Users\hp\.m2\repository\ch\qos\logback\logback-core\1.5.12\logback-core-1.5.12.jar;C:\Users\hp\.m2\repository\org\apache\logging\log4j\log4j-to-slf4j\2.24.1\log4j-to-slf4j-2.24.1.jar;C:\Users\hp\.m2\repository\org\apache\logging\log4j\log4j-api\2.24.1\log4j-api-2.24.1.jar;C:\Users\hp\.m2\repository\org\slf4j\jul-to-slf4j\2.0.16\jul-to-slf4j-2.0.16.jar;C:\Users\hp\.m2\repository\jakarta\annotation\jakarta.annotation-api\2.1.1\jakarta.annotation-api-2.1.1.jar;C:\Users\hp\.m2\repository\org\yaml\snakeyaml\2.3\snakeyaml-2.3.jar;C:\Users\hp\.m2\repository\org\springframework\boot\spring-boot-starter-jdbc\3.4.0\spring-boot-starter-jdbc-3.4.0.jar;C:\Users\hp\.m2\repository\com\zaxxer\HikariCP\5.1.0\HikariCP-5.1.0.jar;C:\Users\hp\.m2\repository\org\springframework\spring-jdbc\6.2.0\spring-jdbc-6.2.0.jar;C:\Users\hp\.m2\repository\org\hibernate\orm\hibernate-core\6.6.2.Final\hibernate-core-6.6.2.Final.jar;C:\Users\hp\.m2\repository\jakarta\persistence\jakarta.persistence-api\3.1.0\jakarta.persistence-api-3.1.0.jar;C:\Users\hp\.m2\repository\jakarta\transaction\jakarta.transaction-api\2.0.1\jakarta.transaction-api-2.0.1.jar;C:\Users\hp\.m2\repository\org\jboss\logging\jboss-logging\3.6.1.Final\jboss-logging-3.6.1.Final.jar;C:\Users\hp\.m2\repository\org\hibernate\common\hibernate-commons-annotations\7.0.3.Final\hibernate-commons-annotations-7.0.3.Final.jar;C:\Users\hp\.m2\repository\io\smallrye
Launcher Type: SUN_STANDARD

[Global flags]
     intx CICompilerCount                          = 4                                         {product} {ergonomic}
     uint ConcGCThreads                            = 3                                         {product} {ergonomic}
     uint G1ConcRefinementThreads                  = 10                                        {product} {ergonomic}
   size_t G1HeapRegionSize                         = 1048576                                   {product} {ergonomic}
    uintx GCDrainStackTargetSize                   = 64                                        {product} {ergonomic}
   size_t InitialHeapSize                          = 130023424                                 {product} {ergonomic}
   size_t MarkStackSize                            = 4194304                                   {product} {ergonomic}
   size_t MaxHeapSize                              = 2055208960                                {product} {ergonomic}
   size_t MaxNewSize                               = 1233125376                                {product} {ergonomic}
   size_t MinHeapDeltaBytes                        = 1048576                                   {product} {ergonomic}
   size_t MinHeapSize                              = 8388608                                   {product} {ergonomic}
    uintx NonProfiledCodeHeapSize                  = 0                                      {pd product} {ergonomic}
     bool ProfileInterpreter                       = false                                  {pd product} {command line}
    uintx ProfiledCodeHeapSize                     = 0                                      {pd product} {ergonomic}
   size_t SoftMaxHeapSize                          = 2055208960                             {manageable} {ergonomic}
     intx TieredStopAtLevel                        = 1                                         {product} {command line}
     bool UseCompressedClassPointers               = true                           {product lp64_product} {ergonomic}
     bool UseCompressedOops                        = true                           {product lp64_product} {ergonomic}
     bool UseG1GC                                  = true                                      {product} {ergonomic}
     bool UseLargePagesIndividualAllocation        = false                                  {pd product} {ergonomic}

Logging:
Log output configuration:
 #0: stdout all=warning uptime,level,tags
 #1: stderr all=off uptime,level,tags

Environment Variables:
JAVA_HOME=C:\Program Files\Eclipse Adoptium\jdk-17.0.16.8-hotspot
PATH=C:\Program Files (x86)\VMware\VMware Player\bin\;C:\Windows\system32;C:\Windows;C:\Windows\System32\Wbem;C:\Windows\System32\WindowsPowerShell\v1.0\;C:\Users\hp\AppData\Local\Microsoft\WindowsApps;C:\Users\hp\AppData\Local\Programs\Microsoft VS Code\bin;C:\Users\hp\AppData\Local\Programs\IntelliJ IDEA 2025.2\bin;C:\Users\hp\AppData\Roaming\npm;C:\Users\hp\AppData\Local\Programs\Windsurf\bin;C:\gradle\gradle-8.14-bin\gradle-8.14\bin;C:\ProgramData\chocolatey\bin;C:\maven;C:\flutter\bin;C:\Program Files\nodejs\;C:\Program Files\Microsoft SQL Server\170\Tools\Binn\;C:\Program Files\Vagrant\bin;C:\Program Files\Docker\Docker\resources\bin;C:\Users\hp\.dotnet\tools;C:\Program Files\Oracle\VirtualBox;C:\Program Files\Oracle\VirtualBox;D:\minikube;C:\apache-maven-3.9.11\bin;C:\Program Files\Apache\maven\apache-maven-3.9.6\bin;C:\apache-maven-3.9.11\bin;C:\Program Files\Git\cmd;d:\Users\hp\AppData\Local\Programs\cursor\resources\app\codeBin;C:\Users\hp\AppData\Local\Programs\Eclipse Adoptium\jdk-25.0.1.8-hotspot\bin;C:\Users\hp\AppData\Local\Microsoft\WindowsApps;C:\Users\hp\AppData\Local\Programs\Microsoft VS Code\bin;C:\Users\hp\Desktop\IntelliJ IDEA 2025.3\bin;C:\Users\hp\AppData\Roaming\npm;C:\Users\hp\.dotnet\tools;C:\Users\hp\AppData\Local\Programs\Windsurf\bin;C:\Programmes\Git\cmd;C:\Programmes\Git\bin;C:\Program Files\Apache Software Foundation;d:\Users\hp\AppData\Local\Programs\cursor\resources\app\bin
USERNAME=hp
OS=Windows_NT
PROCESSOR_IDENTIFIER=Intel64 Family 6 Model 186 Stepping 3, GenuineIntel
TMP=C:\Users\hp\AppData\Local\Temp
TEMP=C:\Users\hp\AppData\Local\Temp



Periodic native trim disabled


---------------  S Y S T E M  ---------------

OS:
 Windows 11 , 64 bit Build 26100 (10.0.26100.7705)
OS uptime: 1 days 20:07 hours
Hyper-V role detected

CPU: total 12 (initial active 12) (6 cores per cpu, 2 threads per core) family 6 model 186 stepping 3 microcode 0x4121, cx8, cmov, fxsr, ht, mmx, 3dnowpref, sse, sse2, sse3, ssse3, sse4.1, sse4.2, popcnt, lzcnt, tsc, tscinvbit, avx, avx2, aes, erms, clmul, bmi1, bmi2, adx, sha, fma, vzeroupper, clflush, clflushopt, clwb, hv
Processor Information for processor 0
  Max Mhz: 1300, Current Mhz: 1300, Mhz Limit: 1300
Processor Information for processor 1
  Max Mhz: 1300, Current Mhz: 1300, Mhz Limit: 1300
Processor Information for processor 2
  Max Mhz: 1300, Current Mhz: 1300, Mhz Limit: 1300
Processor Information for processor 3
  Max Mhz: 1300, Current Mhz: 1300, Mhz Limit: 1300
Processor Information for processor 4
  Max Mhz: 1300, Current Mhz: 900, Mhz Limit: 897
Processor Information for processor 5
  Max Mhz: 1300, Current Mhz: 900, Mhz Limit: 897
Processor Information for processor 6
  Max Mhz: 1300, Current Mhz: 900, Mhz Limit: 897
Processor Information for processor 7
  Max Mhz: 1300, Current Mhz: 900, Mhz Limit: 897
Processor Information for processor 8
  Max Mhz: 1300, Current Mhz: 900, Mhz Limit: 897
Processor Information for processor 9
  Max Mhz: 1300, Current Mhz: 900, Mhz Limit: 897
Processor Information for processor 10
  Max Mhz: 1300, Current Mhz: 900, Mhz Limit: 897
Processor Information for processor 11
  Max Mhz: 1300, Current Mhz: 900, Mhz Limit: 897

Memory: 4k page, system-wide physical 7835M (264M free)
TotalPageFile size 31387M (AvailPageFile size 51M)
current process WorkingSet (physical memory assigned to process): 326M, peak: 329M
current process commit charge ("private bytes"): 397M, peak: 583M

vm_info: OpenJDK 64-Bit Server VM (17.0.18+8-LTS) for windows-amd64 JRE (17.0.18+8-LTS), built on Jan 15 2026 18:50:45 by "MicrosoftCorporation" with MS VC++ 17.14 (VS2022)

END.
